<?xml version="1.0" encoding="UTF-8" standalone="no"?>
<!DOCTYPE report PUBLIC "-//JACOCO//DTD Report 1.1//EN" "report.dtd"[]>
<report name="Pester (01/16/2026 22:08:29)">
  <sessioninfo id="this" start="1768600664016" dump="1768601309805" />
  <package name="Modules/FFU.ADK">
    <class name="Modules/FFU.ADK/FFU.ADK" sourcefilename="FFU.ADK/FFU.ADK.psm1">
      <method name="Write-ADKValidationLog" desc="()" line="56">
        <counter type="INSTRUCTION" missed="25" covered="0" />
        <counter type="LINE" missed="23" covered="0" />
        <counter type="METHOD" missed="1" covered="0" />
      </method>
      <method name="&lt;script&gt;" desc="()" line="98">
        <counter type="INSTRUCTION" missed="0" covered="8" />
        <counter type="LINE" missed="0" covered="8" />
        <counter type="METHOD" missed="0" covered="1" />
      </method>
      <method name="Test-ADKPrerequisites" desc="()" line="252">
        <counter type="INSTRUCTION" missed="183" covered="0" />
        <counter type="LINE" missed="154" covered="0" />
        <counter type="METHOD" missed="1" covered="0" />
      </method>
      <method name="Get-ADKURL" desc="()" line="550">
        <counter type="INSTRUCTION" missed="30" covered="0" />
        <counter type="LINE" missed="28" covered="0" />
        <counter type="METHOD" missed="1" covered="0" />
      </method>
      <method name="Install-ADK" desc="()" line="619">
        <counter type="INSTRUCTION" missed="23" covered="0" />
        <counter type="LINE" missed="21" covered="0" />
        <counter type="METHOD" missed="1" covered="0" />
      </method>
      <method name="Get-InstalledProgramRegKey" desc="()" line="663">
        <counter type="INSTRUCTION" missed="4" covered="5" />
        <counter type="LINE" missed="3" covered="5" />
        <counter type="METHOD" missed="0" covered="1" />
      </method>
      <method name="Uninstall-ADK" desc="()" line="687">
        <counter type="INSTRUCTION" missed="15" covered="0" />
        <counter type="LINE" missed="13" covered="0" />
        <counter type="METHOD" missed="1" covered="0" />
      </method>
      <method name="Confirm-ADKVersionIsLatest" desc="()" line="752">
        <counter type="INSTRUCTION" missed="22" covered="2" />
        <counter type="LINE" missed="22" covered="2" />
        <counter type="METHOD" missed="0" covered="1" />
      </method>
      <method name="Get-ADK" desc="()" line="832">
        <counter type="INSTRUCTION" missed="33" covered="0" />
        <counter type="LINE" missed="30" covered="0" />
        <counter type="METHOD" missed="1" covered="0" />
      </method>
      <counter type="INSTRUCTION" missed="335" covered="15" />
      <counter type="LINE" missed="294" covered="15" />
      <counter type="METHOD" missed="6" covered="3" />
      <counter type="CLASS" missed="1" covered="0" />
    </class>
    <sourcefile name="FFU.ADK/FFU.ADK.psm1">
      <line nr="56" mi="1" ci="0" mb="0" cb="0" />
      <line nr="57" mi="1" ci="0" mb="0" cb="0" />
      <line nr="58" mi="1" ci="0" mb="0" cb="0" />
      <line nr="59" mi="1" ci="0" mb="0" cb="0" />
      <line nr="60" mi="1" ci="0" mb="0" cb="0" />
      <line nr="61" mi="1" ci="0" mb="0" cb="0" />
      <line nr="62" mi="1" ci="0" mb="0" cb="0" />
      <line nr="65" mi="1" ci="0" mb="0" cb="0" />
      <line nr="68" mi="1" ci="0" mb="0" cb="0" />
      <line nr="71" mi="1" ci="0" mb="0" cb="0" />
      <line nr="72" mi="1" ci="0" mb="0" cb="0" />
      <line nr="73" mi="2" ci="0" mb="0" cb="0" />
      <line nr="74" mi="1" ci="0" mb="0" cb="0" />
      <line nr="79" mi="1" ci="0" mb="0" cb="0" />
      <line nr="80" mi="1" ci="0" mb="0" cb="0" />
      <line nr="81" mi="1" ci="0" mb="0" cb="0" />
      <line nr="82" mi="1" ci="0" mb="0" cb="0" />
      <line nr="83" mi="1" ci="0" mb="0" cb="0" />
      <line nr="84" mi="1" ci="0" mb="0" cb="0" />
      <line nr="87" mi="1" ci="0" mb="0" cb="0" />
      <line nr="90" mi="1" ci="0" mb="0" cb="0" />
      <line nr="91" mi="1" ci="0" mb="0" cb="0" />
      <line nr="92" mi="2" ci="0" mb="0" cb="0" />
      <line nr="98" mi="0" ci="1" mb="0" cb="0" />
      <line nr="99" mi="0" ci="1" mb="0" cb="0" />
      <line nr="126" mi="0" ci="1" mb="0" cb="0" />
      <line nr="144" mi="0" ci="1" mb="0" cb="0" />
      <line nr="163" mi="0" ci="1" mb="0" cb="0" />
      <line nr="188" mi="0" ci="1" mb="0" cb="0" />
      <line nr="252" mi="1" ci="0" mb="0" cb="0" />
      <line nr="253" mi="1" ci="0" mb="0" cb="0" />
      <line nr="254" mi="1" ci="0" mb="0" cb="0" />
      <line nr="255" mi="1" ci="0" mb="0" cb="0" />
      <line nr="256" mi="1" ci="0" mb="0" cb="0" />
      <line nr="257" mi="1" ci="0" mb="0" cb="0" />
      <line nr="258" mi="1" ci="0" mb="0" cb="0" />
      <line nr="259" mi="1" ci="0" mb="0" cb="0" />
      <line nr="260" mi="1" ci="0" mb="0" cb="0" />
      <line nr="261" mi="1" ci="0" mb="0" cb="0" />
      <line nr="262" mi="1" ci="0" mb="0" cb="0" />
      <line nr="263" mi="1" ci="0" mb="0" cb="0" />
      <line nr="266" mi="1" ci="0" mb="0" cb="0" />
      <line nr="270" mi="1" ci="0" mb="0" cb="0" />
      <line nr="271" mi="1" ci="0" mb="0" cb="0" />
      <line nr="273" mi="1" ci="0" mb="0" cb="0" />
      <line nr="275" mi="1" ci="0" mb="0" cb="0" />
      <line nr="276" mi="1" ci="0" mb="0" cb="0" />
      <line nr="277" mi="1" ci="0" mb="0" cb="0" />
      <line nr="280" mi="1" ci="0" mb="0" cb="0" />
      <line nr="281" mi="1" ci="0" mb="0" cb="0" />
      <line nr="282" mi="1" ci="0" mb="0" cb="0" />
      <line nr="286" mi="1" ci="0" mb="0" cb="0" />
      <line nr="287" mi="1" ci="0" mb="0" cb="0" />
      <line nr="288" mi="2" ci="0" mb="0" cb="0" />
      <line nr="289" mi="1" ci="0" mb="0" cb="0" />
      <line nr="290" mi="1" ci="0" mb="0" cb="0" />
      <line nr="296" mi="1" ci="0" mb="0" cb="0" />
      <line nr="297" mi="1" ci="0" mb="0" cb="0" />
      <line nr="298" mi="1" ci="0" mb="0" cb="0" />
      <line nr="300" mi="1" ci="0" mb="0" cb="0" />
      <line nr="301" mi="1" ci="0" mb="0" cb="0" />
      <line nr="303" mi="1" ci="0" mb="0" cb="0" />
      <line nr="304" mi="1" ci="0" mb="0" cb="0" />
      <line nr="307" mi="1" ci="0" mb="0" cb="0" />
      <line nr="308" mi="1" ci="0" mb="0" cb="0" />
      <line nr="311" mi="2" ci="0" mb="0" cb="0" />
      <line nr="312" mi="1" ci="0" mb="0" cb="0" />
      <line nr="313" mi="1" ci="0" mb="0" cb="0" />
      <line nr="320" mi="1" ci="0" mb="0" cb="0" />
      <line nr="324" mi="1" ci="0" mb="0" cb="0" />
      <line nr="325" mi="1" ci="0" mb="0" cb="0" />
      <line nr="326" mi="1" ci="0" mb="0" cb="0" />
      <line nr="327" mi="2" ci="0" mb="0" cb="0" />
      <line nr="331" mi="2" ci="0" mb="0" cb="0" />
      <line nr="336" mi="1" ci="0" mb="0" cb="0" />
      <line nr="337" mi="1" ci="0" mb="0" cb="0" />
      <line nr="338" mi="1" ci="0" mb="0" cb="0" />
      <line nr="339" mi="1" ci="0" mb="0" cb="0" />
      <line nr="342" mi="1" ci="0" mb="0" cb="0" />
      <line nr="343" mi="1" ci="0" mb="0" cb="0" />
      <line nr="344" mi="1" ci="0" mb="0" cb="0" />
      <line nr="346" mi="1" ci="0" mb="0" cb="0" />
      <line nr="347" mi="1" ci="0" mb="0" cb="0" />
      <line nr="349" mi="1" ci="0" mb="0" cb="0" />
      <line nr="350" mi="1" ci="0" mb="0" cb="0" />
      <line nr="351" mi="1" ci="0" mb="0" cb="0" />
      <line nr="352" mi="1" ci="0" mb="0" cb="0" />
      <line nr="353" mi="2" ci="0" mb="0" cb="0" />
      <line nr="354" mi="1" ci="0" mb="0" cb="0" />
      <line nr="355" mi="1" ci="0" mb="0" cb="0" />
      <line nr="356" mi="1" ci="0" mb="0" cb="0" />
      <line nr="357" mi="3" ci="0" mb="0" cb="0" />
      <line nr="361" mi="1" ci="0" mb="0" cb="0" />
      <line nr="362" mi="1" ci="0" mb="0" cb="0" />
      <line nr="369" mi="2" ci="0" mb="0" cb="0" />
      <line nr="374" mi="1" ci="0" mb="0" cb="0" />
      <line nr="375" mi="1" ci="0" mb="0" cb="0" />
      <line nr="376" mi="1" ci="0" mb="0" cb="0" />
      <line nr="377" mi="1" ci="0" mb="0" cb="0" />
      <line nr="380" mi="1" ci="0" mb="0" cb="0" />
      <line nr="381" mi="1" ci="0" mb="0" cb="0" />
      <line nr="382" mi="1" ci="0" mb="0" cb="0" />
      <line nr="384" mi="1" ci="0" mb="0" cb="0" />
      <line nr="385" mi="1" ci="0" mb="0" cb="0" />
      <line nr="387" mi="1" ci="0" mb="0" cb="0" />
      <line nr="388" mi="1" ci="0" mb="0" cb="0" />
      <line nr="389" mi="1" ci="0" mb="0" cb="0" />
      <line nr="390" mi="1" ci="0" mb="0" cb="0" />
      <line nr="391" mi="3" ci="0" mb="0" cb="0" />
      <line nr="394" mi="1" ci="0" mb="0" cb="0" />
      <line nr="395" mi="1" ci="0" mb="0" cb="0" />
      <line nr="402" mi="2" ci="0" mb="0" cb="0" />
      <line nr="406" mi="1" ci="0" mb="0" cb="0" />
      <line nr="409" mi="1" ci="0" mb="0" cb="0" />
      <line nr="410" mi="2" ci="0" mb="0" cb="0" />
      <line nr="411" mi="1" ci="0" mb="0" cb="0" />
      <line nr="412" mi="1" ci="0" mb="0" cb="0" />
      <line nr="416" mi="3" ci="0" mb="0" cb="0" />
      <line nr="417" mi="2" ci="0" mb="0" cb="0" />
      <line nr="420" mi="1" ci="0" mb="0" cb="0" />
      <line nr="421" mi="1" ci="0" mb="0" cb="0" />
      <line nr="422" mi="1" ci="0" mb="0" cb="0" />
      <line nr="423" mi="1" ci="0" mb="0" cb="0" />
      <line nr="424" mi="1" ci="0" mb="0" cb="0" />
      <line nr="428" mi="1" ci="0" mb="0" cb="0" />
      <line nr="429" mi="1" ci="0" mb="0" cb="0" />
      <line nr="430" mi="1" ci="0" mb="0" cb="0" />
      <line nr="431" mi="1" ci="0" mb="0" cb="0" />
      <line nr="432" mi="1" ci="0" mb="0" cb="0" />
      <line nr="437" mi="1" ci="0" mb="0" cb="0" />
      <line nr="438" mi="1" ci="0" mb="0" cb="0" />
      <line nr="439" mi="1" ci="0" mb="0" cb="0" />
      <line nr="440" mi="1" ci="0" mb="0" cb="0" />
      <line nr="443" mi="1" ci="0" mb="0" cb="0" />
      <line nr="444" mi="1" ci="0" mb="0" cb="0" />
      <line nr="445" mi="1" ci="0" mb="0" cb="0" />
      <line nr="446" mi="1" ci="0" mb="0" cb="0" />
      <line nr="450" mi="1" ci="0" mb="0" cb="0" />
      <line nr="451" mi="2" ci="0" mb="0" cb="0" />
      <line nr="452" mi="1" ci="0" mb="0" cb="0" />
      <line nr="453" mi="1" ci="0" mb="0" cb="0" />
      <line nr="457" mi="1" ci="0" mb="0" cb="0" />
      <line nr="458" mi="2" ci="0" mb="0" cb="0" />
      <line nr="459" mi="1" ci="0" mb="0" cb="0" />
      <line nr="460" mi="1" ci="0" mb="0" cb="0" />
      <line nr="462" mi="1" ci="0" mb="0" cb="0" />
      <line nr="463" mi="2" ci="0" mb="0" cb="0" />
      <line nr="465" mi="1" ci="0" mb="0" cb="0" />
      <line nr="466" mi="1" ci="0" mb="0" cb="0" />
      <line nr="469" mi="2" ci="0" mb="0" cb="0" />
      <line nr="470" mi="1" ci="0" mb="0" cb="0" />
      <line nr="475" mi="2" ci="0" mb="0" cb="0" />
      <line nr="480" mi="1" ci="0" mb="0" cb="0" />
      <line nr="482" mi="1" ci="0" mb="0" cb="0" />
      <line nr="483" mi="1" ci="0" mb="0" cb="0" />
      <line nr="484" mi="1" ci="0" mb="0" cb="0" />
      <line nr="485" mi="1" ci="0" mb="0" cb="0" />
      <line nr="488" mi="1" ci="0" mb="0" cb="0" />
      <line nr="492" mi="2" ci="0" mb="0" cb="0" />
      <line nr="493" mi="1" ci="0" mb="0" cb="0" />
      <line nr="499" mi="1" ci="0" mb="0" cb="0" />
      <line nr="500" mi="1" ci="0" mb="0" cb="0" />
      <line nr="502" mi="1" ci="0" mb="0" cb="0" />
      <line nr="503" mi="2" ci="0" mb="0" cb="0" />
      <line nr="504" mi="1" ci="0" mb="0" cb="0" />
      <line nr="505" mi="1" ci="0" mb="0" cb="0" />
      <line nr="510" mi="1" ci="0" mb="0" cb="0" />
      <line nr="511" mi="2" ci="0" mb="0" cb="0" />
      <line nr="514" mi="1" ci="0" mb="0" cb="0" />
      <line nr="515" mi="1" ci="0" mb="0" cb="0" />
      <line nr="517" mi="1" ci="0" mb="0" cb="0" />
      <line nr="519" mi="1" ci="0" mb="0" cb="0" />
      <line nr="520" mi="1" ci="0" mb="0" cb="0" />
      <line nr="521" mi="2" ci="0" mb="0" cb="0" />
      <line nr="524" mi="2" ci="0" mb="0" cb="0" />
      <line nr="527" mi="1" ci="0" mb="0" cb="0" />
      <line nr="528" mi="1" ci="0" mb="0" cb="0" />
      <line nr="530" mi="1" ci="0" mb="0" cb="0" />
      <line nr="531" mi="4" ci="0" mb="0" cb="0" />
      <line nr="532" mi="2" ci="0" mb="0" cb="0" />
      <line nr="535" mi="1" ci="0" mb="0" cb="0" />
      <line nr="536" mi="1" ci="0" mb="0" cb="0" />
      <line nr="540" mi="1" ci="0" mb="0" cb="0" />
      <line nr="550" mi="1" ci="0" mb="0" cb="0" />
      <line nr="553" mi="1" ci="0" mb="0" cb="0" />
      <line nr="554" mi="1" ci="0" mb="0" cb="0" />
      <line nr="555" mi="1" ci="0" mb="0" cb="0" />
      <line nr="560" mi="1" ci="0" mb="0" cb="0" />
      <line nr="561" mi="1" ci="0" mb="0" cb="0" />
      <line nr="562" mi="1" ci="0" mb="0" cb="0" />
      <line nr="563" mi="1" ci="0" mb="0" cb="0" />
      <line nr="566" mi="1" ci="0" mb="0" cb="0" />
      <line nr="568" mi="1" ci="0" mb="0" cb="0" />
      <line nr="569" mi="1" ci="0" mb="0" cb="0" />
      <line nr="574" mi="1" ci="0" mb="0" cb="0" />
      <line nr="576" mi="1" ci="0" mb="0" cb="0" />
      <line nr="577" mi="1" ci="0" mb="0" cb="0" />
      <line nr="583" mi="1" ci="0" mb="0" cb="0" />
      <line nr="584" mi="1" ci="0" mb="0" cb="0" />
      <line nr="586" mi="1" ci="0" mb="0" cb="0" />
      <line nr="587" mi="1" ci="0" mb="0" cb="0" />
      <line nr="590" mi="1" ci="0" mb="0" cb="0" />
      <line nr="592" mi="1" ci="0" mb="0" cb="0" />
      <line nr="593" mi="1" ci="0" mb="0" cb="0" />
      <line nr="594" mi="1" ci="0" mb="0" cb="0" />
      <line nr="597" mi="1" ci="0" mb="0" cb="0" />
      <line nr="598" mi="1" ci="0" mb="0" cb="0" />
      <line nr="601" mi="2" ci="0" mb="0" cb="0" />
      <line nr="606" mi="2" ci="0" mb="0" cb="0" />
      <line nr="607" mi="1" ci="0" mb="0" cb="0" />
      <line nr="608" mi="1" ci="0" mb="0" cb="0" />
      <line nr="619" mi="1" ci="0" mb="0" cb="0" />
      <line nr="621" mi="1" ci="0" mb="0" cb="0" />
      <line nr="622" mi="1" ci="0" mb="0" cb="0" />
      <line nr="626" mi="1" ci="0" mb="0" cb="0" />
      <line nr="627" mi="1" ci="0" mb="0" cb="0" />
      <line nr="628" mi="1" ci="0" mb="0" cb="0" />
      <line nr="632" mi="1" ci="0" mb="0" cb="0" />
      <line nr="633" mi="1" ci="0" mb="0" cb="0" />
      <line nr="634" mi="1" ci="0" mb="0" cb="0" />
      <line nr="637" mi="1" ci="0" mb="0" cb="0" />
      <line nr="639" mi="1" ci="0" mb="0" cb="0" />
      <line nr="640" mi="1" ci="0" mb="0" cb="0" />
      <line nr="641" mi="1" ci="0" mb="0" cb="0" />
      <line nr="643" mi="1" ci="0" mb="0" cb="0" />
      <line nr="644" mi="2" ci="0" mb="0" cb="0" />
      <line nr="646" mi="1" ci="0" mb="0" cb="0" />
      <line nr="647" mi="1" ci="0" mb="0" cb="0" />
      <line nr="649" mi="1" ci="0" mb="0" cb="0" />
      <line nr="652" mi="2" ci="0" mb="0" cb="0" />
      <line nr="653" mi="1" ci="0" mb="0" cb="0" />
      <line nr="654" mi="1" ci="0" mb="0" cb="0" />
      <line nr="663" mi="0" ci="1" mb="0" cb="0" />
      <line nr="664" mi="0" ci="1" mb="0" cb="0" />
      <line nr="666" mi="0" ci="1" mb="0" cb="0" />
      <line nr="668" mi="0" ci="1" mb="0" cb="0" />
      <line nr="669" mi="0" ci="1" mb="0" cb="0" />
      <line nr="670" mi="1" ci="0" mb="0" cb="0" />
      <line nr="674" mi="2" ci="0" mb="0" cb="0" />
      <line nr="675" mi="1" ci="0" mb="0" cb="0" />
      <line nr="687" mi="1" ci="0" mb="0" cb="0" />
      <line nr="688" mi="1" ci="0" mb="0" cb="0" />
      <line nr="689" mi="1" ci="0" mb="0" cb="0" />
      <line nr="693" mi="1" ci="0" mb="0" cb="0" />
      <line nr="695" mi="1" ci="0" mb="0" cb="0" />
      <line nr="696" mi="1" ci="0" mb="0" cb="0" />
      <line nr="700" mi="1" ci="0" mb="0" cb="0" />
      <line nr="701" mi="1" ci="0" mb="0" cb="0" />
      <line nr="702" mi="2" ci="0" mb="0" cb="0" />
      <line nr="703" mi="1" ci="0" mb="0" cb="0" />
      <line nr="706" mi="2" ci="0" mb="0" cb="0" />
      <line nr="707" mi="1" ci="0" mb="0" cb="0" />
      <line nr="708" mi="1" ci="0" mb="0" cb="0" />
      <line nr="752" mi="0" ci="1" mb="0" cb="0" />
      <line nr="753" mi="0" ci="1" mb="0" cb="0" />
      <line nr="754" mi="1" ci="0" mb="0" cb="0" />
      <line nr="757" mi="1" ci="0" mb="0" cb="0" />
      <line nr="758" mi="1" ci="0" mb="0" cb="0" />
      <line nr="759" mi="1" ci="0" mb="0" cb="0" />
      <line nr="763" mi="1" ci="0" mb="0" cb="0" />
      <line nr="765" mi="1" ci="0" mb="0" cb="0" />
      <line nr="766" mi="1" ci="0" mb="0" cb="0" />
      <line nr="769" mi="1" ci="0" mb="0" cb="0" />
      <line nr="772" mi="1" ci="0" mb="0" cb="0" />
      <line nr="774" mi="1" ci="0" mb="0" cb="0" />
      <line nr="776" mi="1" ci="0" mb="0" cb="0" />
      <line nr="778" mi="1" ci="0" mb="0" cb="0" />
      <line nr="779" mi="1" ci="0" mb="0" cb="0" />
      <line nr="780" mi="1" ci="0" mb="0" cb="0" />
      <line nr="784" mi="1" ci="0" mb="0" cb="0" />
      <line nr="786" mi="1" ci="0" mb="0" cb="0" />
      <line nr="787" mi="1" ci="0" mb="0" cb="0" />
      <line nr="788" mi="1" ci="0" mb="0" cb="0" />
      <line nr="791" mi="1" ci="0" mb="0" cb="0" />
      <line nr="792" mi="1" ci="0" mb="0" cb="0" />
      <line nr="796" mi="1" ci="0" mb="0" cb="0" />
      <line nr="797" mi="1" ci="0" mb="0" cb="0" />
      <line nr="832" mi="1" ci="0" mb="0" cb="0" />
      <line nr="833" mi="1" ci="0" mb="0" cb="0" />
      <line nr="834" mi="1" ci="0" mb="0" cb="0" />
      <line nr="835" mi="1" ci="0" mb="0" cb="0" />
      <line nr="838" mi="1" ci="0" mb="0" cb="0" />
      <line nr="839" mi="1" ci="0" mb="0" cb="0" />
      <line nr="840" mi="1" ci="0" mb="0" cb="0" />
      <line nr="843" mi="1" ci="0" mb="0" cb="0" />
      <line nr="844" mi="1" ci="0" mb="0" cb="0" />
      <line nr="845" mi="1" ci="0" mb="0" cb="0" />
      <line nr="850" mi="1" ci="0" mb="0" cb="0" />
      <line nr="851" mi="1" ci="0" mb="0" cb="0" />
      <line nr="854" mi="2" ci="0" mb="0" cb="0" />
      <line nr="856" mi="1" ci="0" mb="0" cb="0" />
      <line nr="858" mi="1" ci="0" mb="0" cb="0" />
      <line nr="859" mi="2" ci="0" mb="0" cb="0" />
      <line nr="860" mi="1" ci="0" mb="0" cb="0" />
      <line nr="863" mi="1" ci="0" mb="0" cb="0" />
      <line nr="867" mi="1" ci="0" mb="0" cb="0" />
      <line nr="869" mi="1" ci="0" mb="0" cb="0" />
      <line nr="870" mi="1" ci="0" mb="0" cb="0" />
      <line nr="871" mi="1" ci="0" mb="0" cb="0" />
      <line nr="872" mi="1" ci="0" mb="0" cb="0" />
      <line nr="873" mi="1" ci="0" mb="0" cb="0" />
      <line nr="874" mi="1" ci="0" mb="0" cb="0" />
      <line nr="875" mi="1" ci="0" mb="0" cb="0" />
      <line nr="876" mi="2" ci="0" mb="0" cb="0" />
      <line nr="877" mi="1" ci="0" mb="0" cb="0" />
      <line nr="880" mi="1" ci="0" mb="0" cb="0" />
      <line nr="883" mi="1" ci="0" mb="0" cb="0" />
      <line nr="887" mi="0" ci="1" mb="0" cb="0" />
      <line nr="888" mi="0" ci="1" mb="0" cb="0" />
      <counter type="INSTRUCTION" missed="335" covered="15" />
      <counter type="LINE" missed="294" covered="15" />
      <counter type="METHOD" missed="6" covered="3" />
      <counter type="CLASS" missed="1" covered="0" />
    </sourcefile>
    <counter type="INSTRUCTION" missed="335" covered="15" />
    <counter type="LINE" missed="294" covered="15" />
    <counter type="METHOD" missed="6" covered="3" />
    <counter type="CLASS" missed="1" covered="0" />
  </package>
  <package name="Modules/FFU.Apps">
    <class name="Modules/FFU.Apps/FFU.Apps" sourcefilename="FFU.Apps/FFU.Apps.psm1">
      <method name="&lt;script&gt;" desc="()" line="19">
        <counter type="INSTRUCTION" missed="0" covered="4" />
        <counter type="LINE" missed="0" covered="4" />
        <counter type="METHOD" missed="0" covered="1" />
      </method>
      <method name="Get-ODTURL" desc="()" line="52">
        <counter type="INSTRUCTION" missed="13" covered="0" />
        <counter type="LINE" missed="12" covered="0" />
        <counter type="METHOD" missed="1" covered="0" />
      </method>
      <method name="Get-Office" desc="()" line="145">
        <counter type="INSTRUCTION" missed="49" covered="0" />
        <counter type="LINE" missed="41" covered="0" />
        <counter type="METHOD" missed="1" covered="0" />
      </method>
      <method name="New-AppsISO" desc="()" line="251">
        <counter type="INSTRUCTION" missed="9" covered="0" />
        <counter type="LINE" missed="7" covered="0" />
        <counter type="METHOD" missed="1" covered="0" />
      </method>
      <method name="Remove-Apps" desc="()" line="269">
        <counter type="INSTRUCTION" missed="23" covered="0" />
        <counter type="LINE" missed="23" covered="0" />
        <counter type="METHOD" missed="1" covered="0" />
      </method>
      <method name="Remove-DisabledArtifacts" desc="()" line="322">
        <counter type="INSTRUCTION" missed="62" covered="0" />
        <counter type="LINE" missed="57" covered="0" />
        <counter type="METHOD" missed="1" covered="0" />
      </method>
      <counter type="INSTRUCTION" missed="156" covered="4" />
      <counter type="LINE" missed="140" covered="4" />
      <counter type="METHOD" missed="5" covered="1" />
      <counter type="CLASS" missed="0" covered="1" />
    </class>
    <sourcefile name="FFU.Apps/FFU.Apps.psm1">
      <line nr="19" mi="0" ci="1" mb="0" cb="0" />
      <line nr="20" mi="0" ci="1" mb="0" cb="0" />
      <line nr="52" mi="1" ci="0" mb="0" cb="0" />
      <line nr="55" mi="1" ci="0" mb="0" cb="0" />
      <line nr="57" mi="2" ci="0" mb="0" cb="0" />
      <line nr="58" mi="1" ci="0" mb="0" cb="0" />
      <line nr="60" mi="1" ci="0" mb="0" cb="0" />
      <line nr="61" mi="1" ci="0" mb="0" cb="0" />
      <line nr="64" mi="1" ci="0" mb="0" cb="0" />
      <line nr="65" mi="1" ci="0" mb="0" cb="0" />
      <line nr="69" mi="1" ci="0" mb="0" cb="0" />
      <line nr="70" mi="1" ci="0" mb="0" cb="0" />
      <line nr="74" mi="1" ci="0" mb="0" cb="0" />
      <line nr="75" mi="1" ci="0" mb="0" cb="0" />
      <line nr="145" mi="1" ci="0" mb="0" cb="0" />
      <line nr="146" mi="1" ci="0" mb="0" cb="0" />
      <line nr="147" mi="1" ci="0" mb="0" cb="0" />
      <line nr="151" mi="2" ci="0" mb="0" cb="0" />
      <line nr="152" mi="1" ci="0" mb="0" cb="0" />
      <line nr="153" mi="2" ci="0" mb="0" cb="0" />
      <line nr="157" mi="1" ci="0" mb="0" cb="0" />
      <line nr="158" mi="1" ci="0" mb="0" cb="0" />
      <line nr="159" mi="1" ci="0" mb="0" cb="0" />
      <line nr="162" mi="1" ci="0" mb="0" cb="0" />
      <line nr="163" mi="1" ci="0" mb="0" cb="0" />
      <line nr="164" mi="1" ci="0" mb="0" cb="0" />
      <line nr="165" mi="1" ci="0" mb="0" cb="0" />
      <line nr="168" mi="2" ci="0" mb="0" cb="0" />
      <line nr="169" mi="1" ci="0" mb="0" cb="0" />
      <line nr="171" mi="1" ci="0" mb="0" cb="0" />
      <line nr="172" mi="1" ci="0" mb="0" cb="0" />
      <line nr="173" mi="1" ci="0" mb="0" cb="0" />
      <line nr="175" mi="2" ci="0" mb="0" cb="0" />
      <line nr="178" mi="2" ci="0" mb="0" cb="0" />
      <line nr="182" mi="1" ci="0" mb="0" cb="0" />
      <line nr="183" mi="2" ci="0" mb="0" cb="0" />
      <line nr="186" mi="2" ci="0" mb="0" cb="0" />
      <line nr="187" mi="1" ci="0" mb="0" cb="0" />
      <line nr="188" mi="1" ci="0" mb="0" cb="0" />
      <line nr="189" mi="1" ci="0" mb="0" cb="0" />
      <line nr="190" mi="1" ci="0" mb="0" cb="0" />
      <line nr="191" mi="1" ci="0" mb="0" cb="0" />
      <line nr="192" mi="2" ci="0" mb="0" cb="0" />
      <line nr="193" mi="1" ci="0" mb="0" cb="0" />
      <line nr="195" mi="1" ci="0" mb="0" cb="0" />
      <line nr="197" mi="1" ci="0" mb="0" cb="0" />
      <line nr="200" mi="1" ci="0" mb="0" cb="0" />
      <line nr="201" mi="1" ci="0" mb="0" cb="0" />
      <line nr="204" mi="1" ci="0" mb="0" cb="0" />
      <line nr="205" mi="1" ci="0" mb="0" cb="0" />
      <line nr="206" mi="1" ci="0" mb="0" cb="0" />
      <line nr="209" mi="1" ci="0" mb="0" cb="0" />
      <line nr="210" mi="1" ci="0" mb="0" cb="0" />
      <line nr="211" mi="1" ci="0" mb="0" cb="0" />
      <line nr="213" mi="1" ci="0" mb="0" cb="0" />
      <line nr="251" mi="1" ci="0" mb="0" cb="0" />
      <line nr="253" mi="2" ci="0" mb="0" cb="0" />
      <line nr="254" mi="1" ci="0" mb="0" cb="0" />
      <line nr="258" mi="1" ci="0" mb="0" cb="0" />
      <line nr="260" mi="1" ci="0" mb="0" cb="0" />
      <line nr="261" mi="1" ci="0" mb="0" cb="0" />
      <line nr="263" mi="2" ci="0" mb="0" cb="0" />
      <line nr="269" mi="1" ci="0" mb="0" cb="0" />
      <line nr="270" mi="1" ci="0" mb="0" cb="0" />
      <line nr="271" mi="1" ci="0" mb="0" cb="0" />
      <line nr="272" mi="1" ci="0" mb="0" cb="0" />
      <line nr="275" mi="1" ci="0" mb="0" cb="0" />
      <line nr="276" mi="1" ci="0" mb="0" cb="0" />
      <line nr="277" mi="1" ci="0" mb="0" cb="0" />
      <line nr="279" mi="1" ci="0" mb="0" cb="0" />
      <line nr="280" mi="1" ci="0" mb="0" cb="0" />
      <line nr="281" mi="1" ci="0" mb="0" cb="0" />
      <line nr="285" mi="1" ci="0" mb="0" cb="0" />
      <line nr="286" mi="1" ci="0" mb="0" cb="0" />
      <line nr="287" mi="1" ci="0" mb="0" cb="0" />
      <line nr="288" mi="1" ci="0" mb="0" cb="0" />
      <line nr="289" mi="1" ci="0" mb="0" cb="0" />
      <line nr="290" mi="1" ci="0" mb="0" cb="0" />
      <line nr="292" mi="1" ci="0" mb="0" cb="0" />
      <line nr="293" mi="1" ci="0" mb="0" cb="0" />
      <line nr="294" mi="1" ci="0" mb="0" cb="0" />
      <line nr="298" mi="1" ci="0" mb="0" cb="0" />
      <line nr="299" mi="1" ci="0" mb="0" cb="0" />
      <line nr="300" mi="1" ci="0" mb="0" cb="0" />
      <line nr="301" mi="1" ci="0" mb="0" cb="0" />
      <line nr="322" mi="1" ci="0" mb="0" cb="0" />
      <line nr="323" mi="1" ci="0" mb="0" cb="0" />
      <line nr="324" mi="1" ci="0" mb="0" cb="0" />
      <line nr="325" mi="1" ci="0" mb="0" cb="0" />
      <line nr="326" mi="1" ci="0" mb="0" cb="0" />
      <line nr="327" mi="1" ci="0" mb="0" cb="0" />
      <line nr="329" mi="1" ci="0" mb="0" cb="0" />
      <line nr="330" mi="1" ci="0" mb="0" cb="0" />
      <line nr="331" mi="1" ci="0" mb="0" cb="0" />
      <line nr="332" mi="1" ci="0" mb="0" cb="0" />
      <line nr="333" mi="1" ci="0" mb="0" cb="0" />
      <line nr="334" mi="1" ci="0" mb="0" cb="0" />
      <line nr="336" mi="2" ci="0" mb="0" cb="0" />
      <line nr="341" mi="1" ci="0" mb="0" cb="0" />
      <line nr="342" mi="1" ci="0" mb="0" cb="0" />
      <line nr="343" mi="1" ci="0" mb="0" cb="0" />
      <line nr="344" mi="1" ci="0" mb="0" cb="0" />
      <line nr="345" mi="1" ci="0" mb="0" cb="0" />
      <line nr="346" mi="1" ci="0" mb="0" cb="0" />
      <line nr="348" mi="1" ci="0" mb="0" cb="0" />
      <line nr="349" mi="1" ci="0" mb="0" cb="0" />
      <line nr="350" mi="1" ci="0" mb="0" cb="0" />
      <line nr="351" mi="1" ci="0" mb="0" cb="0" />
      <line nr="353" mi="2" ci="0" mb="0" cb="0" />
      <line nr="357" mi="1" ci="0" mb="0" cb="0" />
      <line nr="358" mi="1" ci="0" mb="0" cb="0" />
      <line nr="359" mi="1" ci="0" mb="0" cb="0" />
      <line nr="360" mi="1" ci="0" mb="0" cb="0" />
      <line nr="361" mi="1" ci="0" mb="0" cb="0" />
      <line nr="362" mi="1" ci="0" mb="0" cb="0" />
      <line nr="364" mi="1" ci="0" mb="0" cb="0" />
      <line nr="365" mi="1" ci="0" mb="0" cb="0" />
      <line nr="366" mi="1" ci="0" mb="0" cb="0" />
      <line nr="367" mi="1" ci="0" mb="0" cb="0" />
      <line nr="369" mi="2" ci="0" mb="0" cb="0" />
      <line nr="373" mi="1" ci="0" mb="0" cb="0" />
      <line nr="374" mi="1" ci="0" mb="0" cb="0" />
      <line nr="375" mi="1" ci="0" mb="0" cb="0" />
      <line nr="376" mi="1" ci="0" mb="0" cb="0" />
      <line nr="377" mi="1" ci="0" mb="0" cb="0" />
      <line nr="378" mi="1" ci="0" mb="0" cb="0" />
      <line nr="380" mi="1" ci="0" mb="0" cb="0" />
      <line nr="381" mi="1" ci="0" mb="0" cb="0" />
      <line nr="382" mi="1" ci="0" mb="0" cb="0" />
      <line nr="383" mi="1" ci="0" mb="0" cb="0" />
      <line nr="385" mi="2" ci="0" mb="0" cb="0" />
      <line nr="389" mi="1" ci="0" mb="0" cb="0" />
      <line nr="390" mi="1" ci="0" mb="0" cb="0" />
      <line nr="391" mi="1" ci="0" mb="0" cb="0" />
      <line nr="392" mi="1" ci="0" mb="0" cb="0" />
      <line nr="393" mi="1" ci="0" mb="0" cb="0" />
      <line nr="394" mi="1" ci="0" mb="0" cb="0" />
      <line nr="396" mi="1" ci="0" mb="0" cb="0" />
      <line nr="397" mi="1" ci="0" mb="0" cb="0" />
      <line nr="398" mi="1" ci="0" mb="0" cb="0" />
      <line nr="399" mi="1" ci="0" mb="0" cb="0" />
      <line nr="401" mi="2" ci="0" mb="0" cb="0" />
      <line nr="406" mi="0" ci="1" mb="0" cb="0" />
      <line nr="407" mi="0" ci="1" mb="0" cb="0" />
      <counter type="INSTRUCTION" missed="156" covered="4" />
      <counter type="LINE" missed="140" covered="4" />
      <counter type="METHOD" missed="5" covered="1" />
      <counter type="CLASS" missed="0" covered="1" />
    </sourcefile>
    <counter type="INSTRUCTION" missed="156" covered="4" />
    <counter type="LINE" missed="140" covered="4" />
    <counter type="METHOD" missed="5" covered="1" />
    <counter type="CLASS" missed="0" covered="1" />
  </package>
  <package name="Modules/FFU.Core">
    <class name="Modules/FFU.Core/FFU.Core" sourcefilename="FFU.Core/FFU.Core.psm1">
      <method name="Get-Parameters" desc="()" line="27">
        <counter type="INSTRUCTION" missed="5" covered="0" />
        <counter type="LINE" missed="3" covered="0" />
        <counter type="METHOD" missed="1" covered="0" />
      </method>
      <method name="Write-VariableValues" desc="()" line="64">
        <counter type="INSTRUCTION" missed="14" covered="0" />
        <counter type="LINE" missed="12" covered="0" />
        <counter type="METHOD" missed="1" covered="0" />
      </method>
      <method name="Get-ChildProcesses" desc="()" line="115">
        <counter type="INSTRUCTION" missed="6" covered="0" />
        <counter type="LINE" missed="6" covered="0" />
        <counter type="METHOD" missed="1" covered="0" />
      </method>
      <method name="Test-Url" desc="()" line="133">
        <counter type="INSTRUCTION" missed="0" covered="5" />
        <counter type="LINE" missed="0" covered="5" />
        <counter type="METHOD" missed="0" covered="1" />
      </method>
      <method name="Get-PrivateProfileString" desc="()" line="154">
        <counter type="INSTRUCTION" missed="3" covered="0" />
        <counter type="LINE" missed="3" covered="0" />
        <counter type="METHOD" missed="1" covered="0" />
      </method>
      <method name="Get-PrivateProfileSection" desc="()" line="169">
        <counter type="INSTRUCTION" missed="9" covered="0" />
        <counter type="LINE" missed="9" covered="0" />
        <counter type="METHOD" missed="1" covered="0" />
      </method>
      <method name="Get-ShortenedWindowsSKU" desc="()" line="220">
        <counter type="INSTRUCTION" missed="9" covered="36" />
        <counter type="LINE" missed="9" covered="36" />
        <counter type="METHOD" missed="0" covered="1" />
      </method>
      <method name="New-FFUFileName" desc="()" line="335">
        <counter type="INSTRUCTION" missed="24" covered="0" />
        <counter type="LINE" missed="17" covered="0" />
        <counter type="METHOD" missed="1" covered="0" />
      </method>
      <method name="Export-ConfigFile" desc="()" line="398">
        <counter type="INSTRUCTION" missed="12" covered="0" />
        <counter type="LINE" missed="8" covered="0" />
        <counter type="METHOD" missed="1" covered="0" />
      </method>
      <method name="New-RunSession" desc="()" line="460">
        <counter type="INSTRUCTION" missed="59" covered="0" />
        <counter type="LINE" missed="37" covered="0" />
        <counter type="METHOD" missed="1" covered="0" />
      </method>
      <method name="Get-CurrentRunManifest" desc="()" line="518">
        <counter type="INSTRUCTION" missed="5" covered="0" />
        <counter type="LINE" missed="3" covered="0" />
        <counter type="METHOD" missed="1" covered="0" />
      </method>
      <method name="Save-RunManifest" desc="()" line="525">
        <counter type="INSTRUCTION" missed="5" covered="0" />
        <counter type="LINE" missed="3" covered="0" />
        <counter type="METHOD" missed="1" covered="0" />
      </method>
      <method name="Set-DownloadInProgress" desc="()" line="566">
        <counter type="INSTRUCTION" missed="0" covered="18" />
        <counter type="LINE" missed="0" covered="7" />
        <counter type="METHOD" missed="0" covered="1" />
      </method>
      <method name="Clear-DownloadInProgress" desc="()" line="577">
        <counter type="INSTRUCTION" missed="11" covered="0" />
        <counter type="LINE" missed="6" covered="0" />
        <counter type="METHOD" missed="1" covered="0" />
      </method>
      <method name="Remove-InProgressItems" desc="()" line="624">
        <counter type="INSTRUCTION" missed="104" covered="0" />
        <counter type="LINE" missed="72" covered="0" />
        <counter type="METHOD" missed="1" covered="0" />
      </method>
      <method name="Remove-PathWithRetry" desc="()" line="632">
        <counter type="INSTRUCTION" missed="13" covered="0" />
        <counter type="LINE" missed="8" covered="0" />
        <counter type="METHOD" missed="1" covered="0" />
      </method>
      <method name="Clear-CurrentRunDownloads" desc="()" line="871">
        <counter type="INSTRUCTION" missed="174" covered="0" />
        <counter type="LINE" missed="101" covered="0" />
        <counter type="METHOD" missed="1" covered="0" />
      </method>
      <method name="Restore-RunJsonBackups" desc="()" line="1094">
        <counter type="INSTRUCTION" missed="29" covered="0" />
        <counter type="LINE" missed="21" covered="0" />
        <counter type="METHOD" missed="1" covered="0" />
      </method>
      <method name="Invoke-WithErrorHandling" desc="()" line="1199">
        <counter type="INSTRUCTION" missed="34" covered="0" />
        <counter type="LINE" missed="30" covered="0" />
        <counter type="METHOD" missed="1" covered="0" />
      </method>
      <method name="Test-ExternalCommandSuccess" desc="()" line="1307">
        <counter type="INSTRUCTION" missed="22" covered="0" />
        <counter type="LINE" missed="19" covered="0" />
        <counter type="METHOD" missed="1" covered="0" />
      </method>
      <method name="Invoke-WithCleanup" desc="()" line="1388">
        <counter type="INSTRUCTION" missed="11" covered="0" />
        <counter type="LINE" missed="9" covered="0" />
        <counter type="METHOD" missed="1" covered="0" />
      </method>
      <method name="Invoke-WimMountWithErrorHandling" desc="()" line="1491">
        <counter type="INSTRUCTION" missed="2" covered="29" />
        <counter type="LINE" missed="1" covered="25" />
        <counter type="METHOD" missed="0" covered="1" />
      </method>
      <method name="New-SecureRandomPassword" desc="()" line="1635">
        <counter type="INSTRUCTION" missed="0" covered="21" />
        <counter type="LINE" missed="0" covered="19" />
        <counter type="METHOD" missed="0" covered="1" />
      </method>
      <method name="ConvertFrom-SecureStringToPlainText" desc="()" line="1716">
        <counter type="INSTRUCTION" missed="0" covered="3" />
        <counter type="LINE" missed="0" covered="3" />
        <counter type="METHOD" missed="0" covered="1" />
      </method>
      <method name="Clear-PlainTextPassword" desc="()" line="1759">
        <counter type="INSTRUCTION" missed="0" covered="2" />
        <counter type="LINE" missed="0" covered="2" />
        <counter type="METHOD" missed="0" covered="1" />
      </method>
      <method name="Remove-SecureStringFromMemory" desc="()" line="1791">
        <counter type="INSTRUCTION" missed="0" covered="3" />
        <counter type="LINE" missed="0" covered="3" />
        <counter type="METHOD" missed="0" covered="1" />
      </method>
      <method name="Test-FFUConfiguration" desc="()" line="1877">
        <counter type="INSTRUCTION" missed="44" covered="82" />
        <counter type="LINE" missed="37" covered="74" />
        <counter type="METHOD" missed="0" covered="1" />
      </method>
      <method name="Add-ValidationError" desc="()" line="1901">
        <counter type="INSTRUCTION" missed="0" covered="1" />
        <counter type="LINE" missed="0" covered="1" />
        <counter type="METHOD" missed="0" covered="1" />
      </method>
      <method name="Add-ValidationWarning" desc="()" line="1907">
        <counter type="INSTRUCTION" missed="0" covered="1" />
        <counter type="LINE" missed="0" covered="1" />
        <counter type="METHOD" missed="0" covered="1" />
      </method>
      <method name="Get-FFUConfigurationSchema" desc="()" line="2158">
        <counter type="INSTRUCTION" missed="0" covered="3" />
        <counter type="LINE" missed="0" covered="2" />
        <counter type="METHOD" missed="0" covered="1" />
      </method>
      <method name="&lt;script&gt;" desc="()" line="2168">
        <counter type="INSTRUCTION" missed="0" covered="49" />
        <counter type="LINE" missed="0" covered="49" />
        <counter type="METHOD" missed="0" covered="1" />
      </method>
      <method name="Register-CleanupAction" desc="()" line="2217">
        <counter type="INSTRUCTION" missed="1" covered="11" />
        <counter type="LINE" missed="1" covered="11" />
        <counter type="METHOD" missed="0" covered="1" />
      </method>
      <method name="Unregister-CleanupAction" desc="()" line="2266">
        <counter type="INSTRUCTION" missed="1" covered="10" />
        <counter type="LINE" missed="1" covered="6" />
        <counter type="METHOD" missed="0" covered="1" />
      </method>
      <method name="Invoke-FailureCleanup" desc="()" line="2310">
        <counter type="INSTRUCTION" missed="9" covered="30" />
        <counter type="LINE" missed="5" covered="24" />
        <counter type="METHOD" missed="0" covered="1" />
      </method>
      <method name="Clear-CleanupRegistry" desc="()" line="2377">
        <counter type="INSTRUCTION" missed="1" covered="3" />
        <counter type="LINE" missed="1" covered="3" />
        <counter type="METHOD" missed="0" covered="1" />
      </method>
      <method name="Get-CleanupRegistry" desc="()" line="2394">
        <counter type="INSTRUCTION" missed="0" covered="2" />
        <counter type="LINE" missed="0" covered="1" />
        <counter type="METHOD" missed="0" covered="1" />
      </method>
      <method name="Register-VMCleanup" desc="()" line="2413">
        <counter type="INSTRUCTION" missed="8" covered="0" />
        <counter type="LINE" missed="8" covered="0" />
        <counter type="METHOD" missed="1" covered="0" />
      </method>
      <method name="Register-VHDXCleanup" desc="()" line="2438">
        <counter type="INSTRUCTION" missed="4" covered="0" />
        <counter type="LINE" missed="4" covered="0" />
        <counter type="METHOD" missed="1" covered="0" />
      </method>
      <method name="Register-DISMMountCleanup" desc="()" line="2457">
        <counter type="INSTRUCTION" missed="5" covered="0" />
        <counter type="LINE" missed="3" covered="0" />
        <counter type="METHOD" missed="1" covered="0" />
      </method>
      <method name="Register-ISOCleanup" desc="()" line="2480">
        <counter type="INSTRUCTION" missed="3" covered="0" />
        <counter type="LINE" missed="2" covered="0" />
        <counter type="METHOD" missed="1" covered="0" />
      </method>
      <method name="Register-TempFileCleanup" desc="()" line="2499">
        <counter type="INSTRUCTION" missed="6" covered="0" />
        <counter type="LINE" missed="4" covered="0" />
        <counter type="METHOD" missed="1" covered="0" />
      </method>
      <method name="Register-NetworkShareCleanup" desc="()" line="2519">
        <counter type="INSTRUCTION" missed="2" covered="0" />
        <counter type="LINE" missed="2" covered="0" />
        <counter type="METHOD" missed="1" covered="0" />
      </method>
      <method name="Register-UserAccountCleanup" desc="()" line="2535">
        <counter type="INSTRUCTION" missed="8" covered="0" />
        <counter type="LINE" missed="7" covered="0" />
        <counter type="METHOD" missed="1" covered="0" />
      </method>
      <method name="Register-SensitiveMediaCleanup" desc="()" line="2578">
        <counter type="INSTRUCTION" missed="11" covered="1" />
        <counter type="LINE" missed="11" covered="1" />
        <counter type="METHOD" missed="0" covered="1" />
      </method>
      <counter type="INSTRUCTION" missed="654" covered="310" />
      <counter type="LINE" missed="463" covered="273" />
      <counter type="METHOD" missed="25" covered="19" />
      <counter type="CLASS" missed="1" covered="0" />
    </class>
    <sourcefile name="FFU.Core/FFU.Core.psm1">
      <line nr="27" mi="1" ci="0" mb="0" cb="0" />
      <line nr="30" mi="3" ci="0" mb="0" cb="0" />
      <line nr="31" mi="1" ci="0" mb="0" cb="0" />
      <line nr="64" mi="1" ci="0" mb="0" cb="0" />
      <line nr="65" mi="1" ci="0" mb="0" cb="0" />
      <line nr="92" mi="3" ci="0" mb="0" cb="0" />
      <line nr="93" mi="1" ci="0" mb="0" cb="0" />
      <line nr="94" mi="1" ci="0" mb="0" cb="0" />
      <line nr="95" mi="1" ci="0" mb="0" cb="0" />
      <line nr="96" mi="1" ci="0" mb="0" cb="0" />
      <line nr="97" mi="1" ci="0" mb="0" cb="0" />
      <line nr="98" mi="1" ci="0" mb="0" cb="0" />
      <line nr="99" mi="1" ci="0" mb="0" cb="0" />
      <line nr="102" mi="1" ci="0" mb="0" cb="0" />
      <line nr="105" mi="1" ci="0" mb="0" cb="0" />
      <line nr="115" mi="1" ci="0" mb="0" cb="0" />
      <line nr="116" mi="1" ci="0" mb="0" cb="0" />
      <line nr="117" mi="1" ci="0" mb="0" cb="0" />
      <line nr="118" mi="1" ci="0" mb="0" cb="0" />
      <line nr="119" mi="1" ci="0" mb="0" cb="0" />
      <line nr="121" mi="1" ci="0" mb="0" cb="0" />
      <line nr="133" mi="0" ci="1" mb="0" cb="0" />
      <line nr="134" mi="0" ci="1" mb="0" cb="0" />
      <line nr="135" mi="0" ci="1" mb="0" cb="0" />
      <line nr="136" mi="0" ci="1" mb="0" cb="0" />
      <line nr="139" mi="0" ci="1" mb="0" cb="0" />
      <line nr="154" mi="1" ci="0" mb="0" cb="0" />
      <line nr="155" mi="1" ci="0" mb="0" cb="0" />
      <line nr="157" mi="1" ci="0" mb="0" cb="0" />
      <line nr="169" mi="1" ci="0" mb="0" cb="0" />
      <line nr="170" mi="1" ci="0" mb="0" cb="0" />
      <line nr="171" mi="1" ci="0" mb="0" cb="0" />
      <line nr="172" mi="1" ci="0" mb="0" cb="0" />
      <line nr="174" mi="1" ci="0" mb="0" cb="0" />
      <line nr="175" mi="1" ci="0" mb="0" cb="0" />
      <line nr="176" mi="1" ci="0" mb="0" cb="0" />
      <line nr="177" mi="1" ci="0" mb="0" cb="0" />
      <line nr="181" mi="1" ci="0" mb="0" cb="0" />
      <line nr="220" mi="0" ci="1" mb="0" cb="0" />
      <line nr="222" mi="0" ci="1" mb="0" cb="0" />
      <line nr="223" mi="0" ci="1" mb="0" cb="0" />
      <line nr="224" mi="0" ci="1" mb="0" cb="0" />
      <line nr="225" mi="0" ci="1" mb="0" cb="0" />
      <line nr="226" mi="0" ci="1" mb="0" cb="0" />
      <line nr="227" mi="0" ci="1" mb="0" cb="0" />
      <line nr="228" mi="0" ci="1" mb="0" cb="0" />
      <line nr="229" mi="0" ci="1" mb="0" cb="0" />
      <line nr="230" mi="0" ci="1" mb="0" cb="0" />
      <line nr="231" mi="0" ci="1" mb="0" cb="0" />
      <line nr="232" mi="0" ci="1" mb="0" cb="0" />
      <line nr="233" mi="0" ci="1" mb="0" cb="0" />
      <line nr="234" mi="0" ci="1" mb="0" cb="0" />
      <line nr="235" mi="0" ci="1" mb="0" cb="0" />
      <line nr="236" mi="0" ci="1" mb="0" cb="0" />
      <line nr="237" mi="0" ci="1" mb="0" cb="0" />
      <line nr="238" mi="0" ci="1" mb="0" cb="0" />
      <line nr="239" mi="0" ci="1" mb="0" cb="0" />
      <line nr="240" mi="0" ci="1" mb="0" cb="0" />
      <line nr="241" mi="0" ci="1" mb="0" cb="0" />
      <line nr="242" mi="0" ci="1" mb="0" cb="0" />
      <line nr="243" mi="0" ci="1" mb="0" cb="0" />
      <line nr="244" mi="0" ci="1" mb="0" cb="0" />
      <line nr="245" mi="0" ci="1" mb="0" cb="0" />
      <line nr="246" mi="0" ci="1" mb="0" cb="0" />
      <line nr="247" mi="1" ci="0" mb="0" cb="0" />
      <line nr="248" mi="1" ci="0" mb="0" cb="0" />
      <line nr="249" mi="1" ci="0" mb="0" cb="0" />
      <line nr="250" mi="0" ci="1" mb="0" cb="0" />
      <line nr="251" mi="1" ci="0" mb="0" cb="0" />
      <line nr="252" mi="1" ci="0" mb="0" cb="0" />
      <line nr="253" mi="0" ci="1" mb="0" cb="0" />
      <line nr="254" mi="1" ci="0" mb="0" cb="0" />
      <line nr="255" mi="1" ci="0" mb="0" cb="0" />
      <line nr="256" mi="0" ci="1" mb="0" cb="0" />
      <line nr="257" mi="0" ci="1" mb="0" cb="0" />
      <line nr="258" mi="0" ci="1" mb="0" cb="0" />
      <line nr="259" mi="0" ci="1" mb="0" cb="0" />
      <line nr="260" mi="1" ci="0" mb="0" cb="0" />
      <line nr="261" mi="1" ci="0" mb="0" cb="0" />
      <line nr="266" mi="0" ci="1" mb="0" cb="0" />
      <line nr="267" mi="0" ci="1" mb="0" cb="0" />
      <line nr="268" mi="0" ci="1" mb="0" cb="0" />
      <line nr="272" mi="0" ci="1" mb="0" cb="0" />
      <line nr="335" mi="1" ci="0" mb="0" cb="0" />
      <line nr="336" mi="1" ci="0" mb="0" cb="0" />
      <line nr="339" mi="1" ci="0" mb="0" cb="0" />
      <line nr="341" mi="1" ci="0" mb="0" cb="0" />
      <line nr="343" mi="1" ci="0" mb="0" cb="0" />
      <line nr="345" mi="1" ci="0" mb="0" cb="0" />
      <line nr="347" mi="1" ci="0" mb="0" cb="0" />
      <line nr="349" mi="2" ci="0" mb="0" cb="0" />
      <line nr="351" mi="2" ci="0" mb="0" cb="0" />
      <line nr="353" mi="2" ci="0" mb="0" cb="0" />
      <line nr="355" mi="2" ci="0" mb="0" cb="0" />
      <line nr="357" mi="2" ci="0" mb="0" cb="0" />
      <line nr="359" mi="2" ci="0" mb="0" cb="0" />
      <line nr="361" mi="2" ci="0" mb="0" cb="0" />
      <line nr="362" mi="1" ci="0" mb="0" cb="0" />
      <line nr="363" mi="1" ci="0" mb="0" cb="0" />
      <line nr="365" mi="1" ci="0" mb="0" cb="0" />
      <line nr="398" mi="1" ci="0" mb="0" cb="0" />
      <line nr="401" mi="1" ci="0" mb="0" cb="0" />
      <line nr="402" mi="1" ci="0" mb="0" cb="0" />
      <line nr="403" mi="1" ci="0" mb="0" cb="0" />
      <line nr="407" mi="1" ci="0" mb="0" cb="0" />
      <line nr="408" mi="3" ci="0" mb="0" cb="0" />
      <line nr="409" mi="1" ci="0" mb="0" cb="0" />
      <line nr="413" mi="3" ci="0" mb="0" cb="0" />
      <line nr="460" mi="1" ci="0" mb="0" cb="0" />
      <line nr="461" mi="1" ci="0" mb="0" cb="0" />
      <line nr="462" mi="1" ci="0" mb="0" cb="0" />
      <line nr="463" mi="4" ci="0" mb="0" cb="0" />
      <line nr="464" mi="4" ci="0" mb="0" cb="0" />
      <line nr="465" mi="4" ci="0" mb="0" cb="0" />
      <line nr="467" mi="1" ci="0" mb="0" cb="0" />
      <line nr="468" mi="2" ci="0" mb="0" cb="0" />
      <line nr="469" mi="1" ci="0" mb="0" cb="0" />
      <line nr="470" mi="1" ci="0" mb="0" cb="0" />
      <line nr="473" mi="1" ci="0" mb="0" cb="0" />
      <line nr="474" mi="1" ci="0" mb="0" cb="0" />
      <line nr="475" mi="1" ci="0" mb="0" cb="0" />
      <line nr="476" mi="1" ci="0" mb="0" cb="0" />
      <line nr="477" mi="1" ci="0" mb="0" cb="0" />
      <line nr="478" mi="3" ci="0" mb="0" cb="0" />
      <line nr="479" mi="1" ci="0" mb="0" cb="0" />
      <line nr="482" mi="1" ci="0" mb="0" cb="0" />
      <line nr="483" mi="1" ci="0" mb="0" cb="0" />
      <line nr="484" mi="1" ci="0" mb="0" cb="0" />
      <line nr="485" mi="1" ci="0" mb="0" cb="0" />
      <line nr="486" mi="1" ci="0" mb="0" cb="0" />
      <line nr="487" mi="3" ci="0" mb="0" cb="0" />
      <line nr="488" mi="1" ci="0" mb="0" cb="0" />
      <line nr="492" mi="1" ci="0" mb="0" cb="0" />
      <line nr="493" mi="2" ci="0" mb="0" cb="0" />
      <line nr="494" mi="1" ci="0" mb="0" cb="0" />
      <line nr="495" mi="1" ci="0" mb="0" cb="0" />
      <line nr="496" mi="1" ci="0" mb="0" cb="0" />
      <line nr="498" mi="1" ci="0" mb="0" cb="0" />
      <line nr="499" mi="3" ci="0" mb="0" cb="0" />
      <line nr="500" mi="1" ci="0" mb="0" cb="0" />
      <line nr="502" mi="3" ci="0" mb="0" cb="0" />
      <line nr="507" mi="1" ci="0" mb="0" cb="0" />
      <line nr="508" mi="3" ci="0" mb="0" cb="0" />
      <line nr="509" mi="1" ci="0" mb="0" cb="0" />
      <line nr="512" mi="2" ci="0" mb="0" cb="0" />
      <line nr="518" mi="1" ci="0" mb="0" cb="0" />
      <line nr="519" mi="3" ci="0" mb="0" cb="0" />
      <line nr="520" mi="1" ci="0" mb="0" cb="0" />
      <line nr="525" mi="1" ci="0" mb="0" cb="0" />
      <line nr="526" mi="1" ci="0" mb="0" cb="0" />
      <line nr="527" mi="3" ci="0" mb="0" cb="0" />
      <line nr="566" mi="0" ci="1" mb="0" cb="0" />
      <line nr="567" mi="0" ci="2" mb="0" cb="0" />
      <line nr="568" mi="0" ci="4" mb="0" cb="0" />
      <line nr="569" mi="0" ci="3" mb="0" cb="0" />
      <line nr="570" mi="0" ci="4" mb="0" cb="0" />
      <line nr="571" mi="0" ci="3" mb="0" cb="0" />
      <line nr="572" mi="0" ci="1" mb="0" cb="0" />
      <line nr="577" mi="2" ci="0" mb="0" cb="0" />
      <line nr="578" mi="2" ci="0" mb="0" cb="0" />
      <line nr="579" mi="2" ci="0" mb="0" cb="0" />
      <line nr="581" mi="2" ci="0" mb="0" cb="0" />
      <line nr="582" mi="2" ci="0" mb="0" cb="0" />
      <line nr="586" mi="1" ci="0" mb="0" cb="0" />
      <line nr="624" mi="2" ci="0" mb="0" cb="0" />
      <line nr="625" mi="2" ci="0" mb="0" cb="0" />
      <line nr="632" mi="3" ci="0" mb="0" cb="0" />
      <line nr="634" mi="1" ci="0" mb="0" cb="0" />
      <line nr="635" mi="1" ci="0" mb="0" cb="0" />
      <line nr="639" mi="2" ci="0" mb="0" cb="0" />
      <line nr="640" mi="1" ci="0" mb="0" cb="0" />
      <line nr="642" mi="1" ci="0" mb="0" cb="0" />
      <line nr="646" mi="2" ci="0" mb="0" cb="0" />
      <line nr="649" mi="2" ci="0" mb="0" cb="0" />
      <line nr="652" mi="2" ci="0" mb="0" cb="0" />
      <line nr="654" mi="2" ci="0" mb="0" cb="0" />
      <line nr="655" mi="1" ci="0" mb="0" cb="0" />
      <line nr="657" mi="1" ci="0" mb="0" cb="0" />
      <line nr="658" mi="1" ci="0" mb="0" cb="0" />
      <line nr="659" mi="1" ci="0" mb="0" cb="0" />
      <line nr="660" mi="1" ci="0" mb="0" cb="0" />
      <line nr="661" mi="1" ci="0" mb="0" cb="0" />
      <line nr="662" mi="1" ci="0" mb="0" cb="0" />
      <line nr="663" mi="1" ci="0" mb="0" cb="0" />
      <line nr="664" mi="2" ci="0" mb="0" cb="0" />
      <line nr="665" mi="1" ci="0" mb="0" cb="0" />
      <line nr="667" mi="2" ci="0" mb="0" cb="0" />
      <line nr="671" mi="1" ci="0" mb="0" cb="0" />
      <line nr="673" mi="1" ci="0" mb="0" cb="0" />
      <line nr="674" mi="1" ci="0" mb="0" cb="0" />
      <line nr="675" mi="1" ci="0" mb="0" cb="0" />
      <line nr="683" mi="1" ci="0" mb="0" cb="0" />
      <line nr="685" mi="1" ci="0" mb="0" cb="0" />
      <line nr="686" mi="1" ci="0" mb="0" cb="0" />
      <line nr="687" mi="2" ci="0" mb="0" cb="0" />
      <line nr="689" mi="3" ci="0" mb="0" cb="0" />
      <line nr="690" mi="2" ci="0" mb="0" cb="0" />
      <line nr="691" mi="2" ci="0" mb="0" cb="0" />
      <line nr="692" mi="2" ci="0" mb="0" cb="0" />
      <line nr="693" mi="1" ci="0" mb="0" cb="0" />
      <line nr="694" mi="1" ci="0" mb="0" cb="0" />
      <line nr="695" mi="1" ci="0" mb="0" cb="0" />
      <line nr="696" mi="1" ci="0" mb="0" cb="0" />
      <line nr="697" mi="1" ci="0" mb="0" cb="0" />
      <line nr="698" mi="1" ci="0" mb="0" cb="0" />
      <line nr="699" mi="1" ci="0" mb="0" cb="0" />
      <line nr="702" mi="1" ci="0" mb="0" cb="0" />
      <line nr="703" mi="2" ci="0" mb="0" cb="0" />
      <line nr="704" mi="4" ci="0" mb="0" cb="0" />
      <line nr="705" mi="2" ci="0" mb="0" cb="0" />
      <line nr="706" mi="1" ci="0" mb="0" cb="0" />
      <line nr="710" mi="2" ci="0" mb="0" cb="0" />
      <line nr="713" mi="1" ci="0" mb="0" cb="0" />
      <line nr="714" mi="1" ci="0" mb="0" cb="0" />
      <line nr="720" mi="1" ci="0" mb="0" cb="0" />
      <line nr="721" mi="1" ci="0" mb="0" cb="0" />
      <line nr="722" mi="2" ci="0" mb="0" cb="0" />
      <line nr="726" mi="1" ci="0" mb="0" cb="0" />
      <line nr="729" mi="3" ci="0" mb="0" cb="0" />
      <line nr="735" mi="2" ci="0" mb="0" cb="0" />
      <line nr="736" mi="1" ci="0" mb="0" cb="0" />
      <line nr="737" mi="1" ci="0" mb="0" cb="0" />
      <line nr="738" mi="1" ci="0" mb="0" cb="0" />
      <line nr="741" mi="1" ci="0" mb="0" cb="0" />
      <line nr="742" mi="2" ci="0" mb="0" cb="0" />
      <line nr="743" mi="1" ci="0" mb="0" cb="0" />
      <line nr="744" mi="2" ci="0" mb="0" cb="0" />
      <line nr="745" mi="1" ci="0" mb="0" cb="0" />
      <line nr="749" mi="2" ci="0" mb="0" cb="0" />
      <line nr="750" mi="1" ci="0" mb="0" cb="0" />
      <line nr="752" mi="1" ci="0" mb="0" cb="0" />
      <line nr="753" mi="2" ci="0" mb="0" cb="0" />
      <line nr="754" mi="1" ci="0" mb="0" cb="0" />
      <line nr="755" mi="2" ci="0" mb="0" cb="0" />
      <line nr="756" mi="1" ci="0" mb="0" cb="0" />
      <line nr="761" mi="1" ci="0" mb="0" cb="0" />
      <line nr="762" mi="2" ci="0" mb="0" cb="0" />
      <line nr="763" mi="1" ci="0" mb="0" cb="0" />
      <line nr="764" mi="2" ci="0" mb="0" cb="0" />
      <line nr="765" mi="1" ci="0" mb="0" cb="0" />
      <line nr="766" mi="2" ci="0" mb="0" cb="0" />
      <line nr="767" mi="1" ci="0" mb="0" cb="0" />
      <line nr="770" mi="2" ci="0" mb="0" cb="0" />
      <line nr="777" mi="2" ci="0" mb="0" cb="0" />
      <line nr="871" mi="1" ci="0" mb="0" cb="0" />
      <line nr="872" mi="2" ci="0" mb="0" cb="0" />
      <line nr="873" mi="1" ci="0" mb="0" cb="0" />
      <line nr="876" mi="1" ci="0" mb="0" cb="0" />
      <line nr="877" mi="5" ci="0" mb="0" cb="0" />
      <line nr="878" mi="2" ci="0" mb="0" cb="0" />
      <line nr="879" mi="2" ci="0" mb="0" cb="0" />
      <line nr="880" mi="2" ci="0" mb="0" cb="0" />
      <line nr="881" mi="2" ci="0" mb="0" cb="0" />
      <line nr="882" mi="2" ci="0" mb="0" cb="0" />
      <line nr="883" mi="2" ci="0" mb="0" cb="0" />
      <line nr="884" mi="2" ci="0" mb="0" cb="0" />
      <line nr="886" mi="4" ci="0" mb="0" cb="0" />
      <line nr="887" mi="1" ci="0" mb="0" cb="0" />
      <line nr="889" mi="1" ci="0" mb="0" cb="0" />
      <line nr="890" mi="2" ci="0" mb="0" cb="0" />
      <line nr="895" mi="1" ci="0" mb="0" cb="0" />
      <line nr="896" mi="1" ci="0" mb="0" cb="0" />
      <line nr="899" mi="1" ci="0" mb="0" cb="0" />
      <line nr="900" mi="2" ci="0" mb="0" cb="0" />
      <line nr="901" mi="2" ci="0" mb="0" cb="0" />
      <line nr="903" mi="1" ci="0" mb="0" cb="0" />
      <line nr="904" mi="2" ci="0" mb="0" cb="0" />
      <line nr="905" mi="1" ci="0" mb="0" cb="0" />
      <line nr="907" mi="2" ci="0" mb="0" cb="0" />
      <line nr="908" mi="1" ci="0" mb="0" cb="0" />
      <line nr="909" mi="2" ci="0" mb="0" cb="0" />
      <line nr="910" mi="1" ci="0" mb="0" cb="0" />
      <line nr="914" mi="2" ci="0" mb="0" cb="0" />
      <line nr="915" mi="1" ci="0" mb="0" cb="0" />
      <line nr="918" mi="3" ci="0" mb="0" cb="0" />
      <line nr="922" mi="1" ci="0" mb="0" cb="0" />
      <line nr="923" mi="2" ci="0" mb="0" cb="0" />
      <line nr="924" mi="1" ci="0" mb="0" cb="0" />
      <line nr="926" mi="2" ci="0" mb="0" cb="0" />
      <line nr="927" mi="1" ci="0" mb="0" cb="0" />
      <line nr="929" mi="3" ci="0" mb="0" cb="0" />
      <line nr="933" mi="1" ci="0" mb="0" cb="0" />
      <line nr="934" mi="2" ci="0" mb="0" cb="0" />
      <line nr="936" mi="2" ci="0" mb="0" cb="0" />
      <line nr="937" mi="1" ci="0" mb="0" cb="0" />
      <line nr="938" mi="1" ci="0" mb="0" cb="0" />
      <line nr="939" mi="2" ci="0" mb="0" cb="0" />
      <line nr="940" mi="1" ci="0" mb="0" cb="0" />
      <line nr="942" mi="1" ci="0" mb="0" cb="0" />
      <line nr="943" mi="2" ci="0" mb="0" cb="0" />
      <line nr="944" mi="1" ci="0" mb="0" cb="0" />
      <line nr="948" mi="2" ci="0" mb="0" cb="0" />
      <line nr="949" mi="1" ci="0" mb="0" cb="0" />
      <line nr="953" mi="3" ci="0" mb="0" cb="0" />
      <line nr="957" mi="1" ci="0" mb="0" cb="0" />
      <line nr="959" mi="1" ci="0" mb="0" cb="0" />
      <line nr="960" mi="2" ci="0" mb="0" cb="0" />
      <line nr="961" mi="2" ci="0" mb="0" cb="0" />
      <line nr="963" mi="2" ci="0" mb="0" cb="0" />
      <line nr="964" mi="1" ci="0" mb="0" cb="0" />
      <line nr="966" mi="3" ci="0" mb="0" cb="0" />
      <line nr="969" mi="1" ci="0" mb="0" cb="0" />
      <line nr="970" mi="3" ci="0" mb="0" cb="0" />
      <line nr="971" mi="1" ci="0" mb="0" cb="0" />
      <line nr="973" mi="2" ci="0" mb="0" cb="0" />
      <line nr="974" mi="1" ci="0" mb="0" cb="0" />
      <line nr="976" mi="3" ci="0" mb="0" cb="0" />
      <line nr="982" mi="2" ci="0" mb="0" cb="0" />
      <line nr="983" mi="2" ci="0" mb="0" cb="0" />
      <line nr="984" mi="2" ci="0" mb="0" cb="0" />
      <line nr="985" mi="2" ci="0" mb="0" cb="0" />
      <line nr="986" mi="1" ci="0" mb="0" cb="0" />
      <line nr="988" mi="2" ci="0" mb="0" cb="0" />
      <line nr="989" mi="1" ci="0" mb="0" cb="0" />
      <line nr="990" mi="1" ci="0" mb="0" cb="0" />
      <line nr="993" mi="1" ci="0" mb="0" cb="0" />
      <line nr="996" mi="3" ci="0" mb="0" cb="0" />
      <line nr="1002" mi="2" ci="0" mb="0" cb="0" />
      <line nr="1004" mi="1" ci="0" mb="0" cb="0" />
      <line nr="1005" mi="3" ci="0" mb="0" cb="0" />
      <line nr="1006" mi="2" ci="0" mb="0" cb="0" />
      <line nr="1007" mi="1" ci="0" mb="0" cb="0" />
      <line nr="1010" mi="2" ci="0" mb="0" cb="0" />
      <line nr="1012" mi="1" ci="0" mb="0" cb="0" />
      <line nr="1013" mi="1" ci="0" mb="0" cb="0" />
      <line nr="1014" mi="1" ci="0" mb="0" cb="0" />
      <line nr="1015" mi="1" ci="0" mb="0" cb="0" />
      <line nr="1016" mi="1" ci="0" mb="0" cb="0" />
      <line nr="1017" mi="1" ci="0" mb="0" cb="0" />
      <line nr="1023" mi="2" ci="0" mb="0" cb="0" />
      <line nr="1024" mi="2" ci="0" mb="0" cb="0" />
      <line nr="1026" mi="1" ci="0" mb="0" cb="0" />
      <line nr="1027" mi="1" ci="0" mb="0" cb="0" />
      <line nr="1029" mi="3" ci="0" mb="0" cb="0" />
      <line nr="1034" mi="4" ci="0" mb="0" cb="0" />
      <line nr="1036" mi="2" ci="0" mb="0" cb="0" />
      <line nr="1037" mi="1" ci="0" mb="0" cb="0" />
      <line nr="1039" mi="3" ci="0" mb="0" cb="0" />
      <line nr="1043" mi="2" ci="0" mb="0" cb="0" />
      <line nr="1044" mi="2" ci="0" mb="0" cb="0" />
      <line nr="1046" mi="2" ci="0" mb="0" cb="0" />
      <line nr="1047" mi="1" ci="0" mb="0" cb="0" />
      <line nr="1048" mi="2" ci="0" mb="0" cb="0" />
      <line nr="1049" mi="1" ci="0" mb="0" cb="0" />
      <line nr="1052" mi="3" ci="0" mb="0" cb="0" />
      <line nr="1094" mi="1" ci="0" mb="0" cb="0" />
      <line nr="1095" mi="1" ci="0" mb="0" cb="0" />
      <line nr="1096" mi="1" ci="0" mb="0" cb="0" />
      <line nr="1098" mi="1" ci="0" mb="0" cb="0" />
      <line nr="1099" mi="1" ci="0" mb="0" cb="0" />
      <line nr="1100" mi="1" ci="0" mb="0" cb="0" />
      <line nr="1102" mi="1" ci="0" mb="0" cb="0" />
      <line nr="1103" mi="1" ci="0" mb="0" cb="0" />
      <line nr="1104" mi="1" ci="0" mb="0" cb="0" />
      <line nr="1107" mi="3" ci="0" mb="0" cb="0" />
      <line nr="1110" mi="1" ci="0" mb="0" cb="0" />
      <line nr="1111" mi="3" ci="0" mb="0" cb="0" />
      <line nr="1112" mi="3" ci="0" mb="0" cb="0" />
      <line nr="1114" mi="1" ci="0" mb="0" cb="0" />
      <line nr="1115" mi="1" ci="0" mb="0" cb="0" />
      <line nr="1116" mi="3" ci="0" mb="0" cb="0" />
      <line nr="1117" mi="1" ci="0" mb="0" cb="0" />
      <line nr="1118" mi="1" ci="0" mb="0" cb="0" />
      <line nr="1119" mi="1" ci="0" mb="0" cb="0" />
      <line nr="1120" mi="1" ci="0" mb="0" cb="0" />
      <line nr="1121" mi="1" ci="0" mb="0" cb="0" />
      <line nr="1199" mi="1" ci="0" mb="0" cb="0" />
      <line nr="1201" mi="1" ci="0" mb="0" cb="0" />
      <line nr="1202" mi="1" ci="0" mb="0" cb="0" />
      <line nr="1204" mi="1" ci="0" mb="0" cb="0" />
      <line nr="1208" mi="1" ci="0" mb="0" cb="0" />
      <line nr="1209" mi="1" ci="0" mb="0" cb="0" />
      <line nr="1211" mi="1" ci="0" mb="0" cb="0" />
      <line nr="1212" mi="1" ci="0" mb="0" cb="0" />
      <line nr="1215" mi="1" ci="0" mb="0" cb="0" />
      <line nr="1216" mi="1" ci="0" mb="0" cb="0" />
      <line nr="1219" mi="1" ci="0" mb="0" cb="0" />
      <line nr="1221" mi="1" ci="0" mb="0" cb="0" />
      <line nr="1222" mi="1" ci="0" mb="0" cb="0" />
      <line nr="1225" mi="1" ci="0" mb="0" cb="0" />
      <line nr="1229" mi="1" ci="0" mb="0" cb="0" />
      <line nr="1230" mi="3" ci="0" mb="0" cb="0" />
      <line nr="1232" mi="1" ci="0" mb="0" cb="0" />
      <line nr="1233" mi="1" ci="0" mb="0" cb="0" />
      <line nr="1237" mi="1" ci="0" mb="0" cb="0" />
      <line nr="1239" mi="1" ci="0" mb="0" cb="0" />
      <line nr="1240" mi="1" ci="0" mb="0" cb="0" />
      <line nr="1243" mi="2" ci="0" mb="0" cb="0" />
      <line nr="1248" mi="1" ci="0" mb="0" cb="0" />
      <line nr="1249" mi="1" ci="0" mb="0" cb="0" />
      <line nr="1250" mi="1" ci="0" mb="0" cb="0" />
      <line nr="1256" mi="2" ci="0" mb="0" cb="0" />
      <line nr="1258" mi="1" ci="0" mb="0" cb="0" />
      <line nr="1259" mi="1" ci="0" mb="0" cb="0" />
      <line nr="1262" mi="1" ci="0" mb="0" cb="0" />
      <line nr="1263" mi="1" ci="0" mb="0" cb="0" />
      <line nr="1307" mi="1" ci="0" mb="0" cb="0" />
      <line nr="1314" mi="1" ci="0" mb="0" cb="0" />
      <line nr="1316" mi="1" ci="0" mb="0" cb="0" />
      <line nr="1317" mi="1" ci="0" mb="0" cb="0" />
      <line nr="1319" mi="1" ci="0" mb="0" cb="0" />
      <line nr="1324" mi="1" ci="0" mb="0" cb="0" />
      <line nr="1325" mi="2" ci="0" mb="0" cb="0" />
      <line nr="1326" mi="1" ci="0" mb="0" cb="0" />
      <line nr="1327" mi="1" ci="0" mb="0" cb="0" />
      <line nr="1330" mi="1" ci="0" mb="0" cb="0" />
      <line nr="1331" mi="2" ci="0" mb="0" cb="0" />
      <line nr="1332" mi="1" ci="0" mb="0" cb="0" />
      <line nr="1333" mi="1" ci="0" mb="0" cb="0" />
      <line nr="1339" mi="1" ci="0" mb="0" cb="0" />
      <line nr="1340" mi="1" ci="0" mb="0" cb="0" />
      <line nr="1342" mi="1" ci="0" mb="0" cb="0" />
      <line nr="1343" mi="2" ci="0" mb="0" cb="0" />
      <line nr="1344" mi="1" ci="0" mb="0" cb="0" />
      <line nr="1345" mi="1" ci="0" mb="0" cb="0" />
      <line nr="1388" mi="1" ci="0" mb="0" cb="0" />
      <line nr="1390" mi="1" ci="0" mb="0" cb="0" />
      <line nr="1391" mi="1" ci="0" mb="0" cb="0" />
      <line nr="1393" mi="1" ci="0" mb="0" cb="0" />
      <line nr="1398" mi="1" ci="0" mb="0" cb="0" />
      <line nr="1399" mi="1" ci="0" mb="0" cb="0" />
      <line nr="1402" mi="2" ci="0" mb="0" cb="0" />
      <line nr="1407" mi="1" ci="0" mb="0" cb="0" />
      <line nr="1410" mi="2" ci="0" mb="0" cb="0" />
      <line nr="1491" mi="0" ci="1" mb="0" cb="0" />
      <line nr="1493" mi="0" ci="1" mb="0" cb="0" />
      <line nr="1494" mi="1" ci="0" mb="0" cb="0" />
      <line nr="1496" mi="0" ci="1" mb="0" cb="0" />
      <line nr="1501" mi="0" ci="1" mb="0" cb="0" />
      <line nr="1503" mi="0" ci="1" mb="0" cb="0" />
      <line nr="1504" mi="0" ci="1" mb="0" cb="0" />
      <line nr="1505" mi="0" ci="1" mb="0" cb="0" />
      <line nr="1506" mi="0" ci="1" mb="0" cb="0" />
      <line nr="1507" mi="0" ci="1" mb="0" cb="0" />
      <line nr="1510" mi="0" ci="2" mb="0" cb="0" />
      <line nr="1511" mi="0" ci="2" mb="0" cb="0" />
      <line nr="1513" mi="0" ci="2" mb="0" cb="0" />
      <line nr="1515" mi="0" ci="1" mb="0" cb="0" />
      <line nr="1518" mi="0" ci="1" mb="0" cb="0" />
      <line nr="1519" mi="1" ci="2" mb="0" cb="0" />
      <line nr="1522" mi="0" ci="1" mb="0" cb="0" />
      <line nr="1523" mi="0" ci="1" mb="0" cb="0" />
      <line nr="1527" mi="0" ci="1" mb="0" cb="0" />
      <line nr="1530" mi="0" ci="1" mb="0" cb="0" />
      <line nr="1531" mi="0" ci="1" mb="0" cb="0" />
      <line nr="1533" mi="0" ci="1" mb="0" cb="0" />
      <line nr="1564" mi="0" ci="1" mb="0" cb="0" />
      <line nr="1565" mi="0" ci="1" mb="0" cb="0" />
      <line nr="1569" mi="0" ci="1" mb="0" cb="0" />
      <line nr="1570" mi="0" ci="1" mb="0" cb="0" />
      <line nr="1635" mi="0" ci="1" mb="0" cb="0" />
      <line nr="1636" mi="0" ci="1" mb="0" cb="0" />
      <line nr="1637" mi="0" ci="1" mb="0" cb="0" />
      <line nr="1638" mi="0" ci="1" mb="0" cb="0" />
      <line nr="1640" mi="0" ci="1" mb="0" cb="0" />
      <line nr="1641" mi="0" ci="1" mb="0" cb="0" />
      <line nr="1642" mi="0" ci="1" mb="0" cb="0" />
      <line nr="1644" mi="0" ci="1" mb="0" cb="0" />
      <line nr="1645" mi="0" ci="1" mb="0" cb="0" />
      <line nr="1648" mi="0" ci="1" mb="0" cb="0" />
      <line nr="1651" mi="0" ci="1" mb="0" cb="0" />
      <line nr="1653" mi="0" ci="1" mb="0" cb="0" />
      <line nr="1655" mi="0" ci="3" mb="0" cb="0" />
      <line nr="1657" mi="0" ci="1" mb="0" cb="0" />
      <line nr="1658" mi="0" ci="1" mb="0" cb="0" />
      <line nr="1661" mi="0" ci="1" mb="0" cb="0" />
      <line nr="1665" mi="0" ci="1" mb="0" cb="0" />
      <line nr="1667" mi="0" ci="1" mb="0" cb="0" />
      <line nr="1671" mi="0" ci="1" mb="0" cb="0" />
      <line nr="1716" mi="0" ci="1" mb="0" cb="0" />
      <line nr="1718" mi="0" ci="1" mb="0" cb="0" />
      <line nr="1722" mi="0" ci="1" mb="0" cb="0" />
      <line nr="1759" mi="0" ci="1" mb="0" cb="0" />
      <line nr="1760" mi="0" ci="1" mb="0" cb="0" />
      <line nr="1791" mi="0" ci="1" mb="0" cb="0" />
      <line nr="1793" mi="0" ci="1" mb="0" cb="0" />
      <line nr="1798" mi="0" ci="1" mb="0" cb="0" />
      <line nr="1877" mi="0" ci="1" mb="0" cb="0" />
      <line nr="1891" mi="0" ci="1" mb="0" cb="0" />
      <line nr="1892" mi="0" ci="1" mb="0" cb="0" />
      <line nr="1893" mi="0" ci="1" mb="0" cb="0" />
      <line nr="1894" mi="0" ci="1" mb="0" cb="0" />
      <line nr="1895" mi="0" ci="1" mb="0" cb="0" />
      <line nr="1901" mi="0" ci="1" mb="0" cb="0" />
      <line nr="1907" mi="0" ci="1" mb="0" cb="0" />
      <line nr="1911" mi="0" ci="1" mb="0" cb="0" />
      <line nr="1913" mi="0" ci="1" mb="0" cb="0" />
      <line nr="1915" mi="2" ci="0" mb="0" cb="0" />
      <line nr="1916" mi="1" ci="0" mb="0" cb="0" />
      <line nr="1919" mi="0" ci="2" mb="0" cb="0" />
      <line nr="1920" mi="1" ci="0" mb="0" cb="0" />
      <line nr="1921" mi="1" ci="0" mb="0" cb="0" />
      <line nr="1922" mi="1" ci="0" mb="0" cb="0" />
      <line nr="1924" mi="1" ci="0" mb="0" cb="0" />
      <line nr="1928" mi="0" ci="1" mb="0" cb="0" />
      <line nr="1929" mi="0" ci="2" mb="0" cb="0" />
      <line nr="1932" mi="2" ci="0" mb="0" cb="0" />
      <line nr="1933" mi="1" ci="0" mb="0" cb="0" />
      <line nr="1934" mi="2" ci="0" mb="0" cb="0" />
      <line nr="1936" mi="1" ci="0" mb="0" cb="0" />
      <line nr="1941" mi="0" ci="1" mb="0" cb="0" />
      <line nr="1943" mi="0" ci="1" mb="0" cb="0" />
      <line nr="1944" mi="0" ci="1" mb="0" cb="0" />
      <line nr="1945" mi="0" ci="2" mb="0" cb="0" />
      <line nr="1948" mi="0" ci="1" mb="0" cb="0" />
      <line nr="1949" mi="0" ci="1" mb="0" cb="0" />
      <line nr="1950" mi="0" ci="1" mb="0" cb="0" />
      <line nr="1952" mi="0" ci="1" mb="0" cb="0" />
      <line nr="1953" mi="0" ci="1" mb="0" cb="0" />
      <line nr="1954" mi="0" ci="1" mb="0" cb="0" />
      <line nr="1956" mi="0" ci="1" mb="0" cb="0" />
      <line nr="1959" mi="0" ci="1" mb="0" cb="0" />
      <line nr="1964" mi="0" ci="1" mb="0" cb="0" />
      <line nr="1966" mi="0" ci="1" mb="0" cb="0" />
      <line nr="1969" mi="2" ci="0" mb="0" cb="0" />
      <line nr="1970" mi="1" ci="0" mb="0" cb="0" />
      <line nr="1971" mi="2" ci="0" mb="0" cb="0" />
      <line nr="1973" mi="1" ci="0" mb="0" cb="0" />
      <line nr="1978" mi="0" ci="1" mb="0" cb="0" />
      <line nr="1979" mi="0" ci="1" mb="0" cb="0" />
      <line nr="1980" mi="0" ci="1" mb="0" cb="0" />
      <line nr="1981" mi="0" ci="1" mb="0" cb="0" />
      <line nr="1986" mi="0" ci="1" mb="0" cb="0" />
      <line nr="1988" mi="0" ci="1" mb="0" cb="0" />
      <line nr="1992" mi="0" ci="1" mb="0" cb="0" />
      <line nr="1993" mi="0" ci="1" mb="0" cb="0" />
      <line nr="1996" mi="0" ci="1" mb="0" cb="0" />
      <line nr="1997" mi="0" ci="1" mb="0" cb="0" />
      <line nr="1998" mi="0" ci="1" mb="0" cb="0" />
      <line nr="2001" mi="1" ci="0" mb="0" cb="0" />
      <line nr="2007" mi="0" ci="1" mb="0" cb="0" />
      <line nr="2008" mi="1" ci="0" mb="0" cb="0" />
      <line nr="2009" mi="1" ci="0" mb="0" cb="0" />
      <line nr="2010" mi="2" ci="0" mb="0" cb="0" />
      <line nr="2012" mi="1" ci="0" mb="0" cb="0" />
      <line nr="2017" mi="0" ci="1" mb="0" cb="0" />
      <line nr="2022" mi="0" ci="1" mb="0" cb="0" />
      <line nr="2023" mi="0" ci="1" mb="0" cb="0" />
      <line nr="2026" mi="0" ci="1" mb="0" cb="0" />
      <line nr="2027" mi="1" ci="0" mb="0" cb="0" />
      <line nr="2028" mi="1" ci="0" mb="0" cb="0" />
      <line nr="2029" mi="1" ci="0" mb="0" cb="0" />
      <line nr="2030" mi="1" ci="0" mb="0" cb="0" />
      <line nr="2034" mi="1" ci="0" mb="0" cb="0" />
      <line nr="2035" mi="1" ci="0" mb="0" cb="0" />
      <line nr="2036" mi="1" ci="0" mb="0" cb="0" />
      <line nr="2037" mi="1" ci="0" mb="0" cb="0" />
      <line nr="2040" mi="2" ci="0" mb="0" cb="0" />
      <line nr="2041" mi="1" ci="0" mb="0" cb="0" />
      <line nr="2045" mi="1" ci="0" mb="0" cb="0" />
      <line nr="2047" mi="1" ci="0" mb="0" cb="0" />
      <line nr="2048" mi="1" ci="0" mb="0" cb="0" />
      <line nr="2057" mi="0" ci="1" mb="0" cb="0" />
      <line nr="2058" mi="0" ci="1" mb="0" cb="0" />
      <line nr="2060" mi="0" ci="1" mb="0" cb="0" />
      <line nr="2061" mi="0" ci="1" mb="0" cb="0" />
      <line nr="2063" mi="0" ci="1" mb="0" cb="0" />
      <line nr="2064" mi="0" ci="1" mb="0" cb="0" />
      <line nr="2066" mi="0" ci="1" mb="0" cb="0" />
      <line nr="2067" mi="0" ci="1" mb="0" cb="0" />
      <line nr="2069" mi="1" ci="0" mb="0" cb="0" />
      <line nr="2070" mi="1" ci="0" mb="0" cb="0" />
      <line nr="2074" mi="0" ci="1" mb="0" cb="0" />
      <line nr="2076" mi="0" ci="1" mb="0" cb="0" />
      <line nr="2077" mi="0" ci="1" mb="0" cb="0" />
      <line nr="2078" mi="0" ci="1" mb="0" cb="0" />
      <line nr="2079" mi="0" ci="1" mb="0" cb="0" />
      <line nr="2083" mi="1" ci="0" mb="0" cb="0" />
      <line nr="2087" mi="0" ci="1" mb="0" cb="0" />
      <line nr="2089" mi="1" ci="0" mb="0" cb="0" />
      <line nr="2092" mi="0" ci="1" mb="0" cb="0" />
      <line nr="2098" mi="0" ci="1" mb="0" cb="0" />
      <line nr="2099" mi="0" ci="2" mb="0" cb="0" />
      <line nr="2100" mi="0" ci="1" mb="0" cb="0" />
      <line nr="2101" mi="0" ci="1" mb="0" cb="0" />
      <line nr="2102" mi="0" ci="1" mb="0" cb="0" />
      <line nr="2107" mi="0" ci="1" mb="0" cb="0" />
      <line nr="2108" mi="0" ci="1" mb="0" cb="0" />
      <line nr="2109" mi="0" ci="2" mb="0" cb="0" />
      <line nr="2111" mi="0" ci="1" mb="0" cb="0" />
      <line nr="2112" mi="0" ci="2" mb="0" cb="0" />
      <line nr="2117" mi="0" ci="1" mb="0" cb="0" />
      <line nr="2118" mi="0" ci="1" mb="0" cb="0" />
      <line nr="2119" mi="0" ci="1" mb="0" cb="0" />
      <line nr="2120" mi="1" ci="0" mb="0" cb="0" />
      <line nr="2126" mi="0" ci="2" mb="0" cb="0" />
      <line nr="2129" mi="0" ci="1" mb="0" cb="0" />
      <line nr="2130" mi="0" ci="1" mb="0" cb="0" />
      <line nr="2131" mi="0" ci="2" mb="0" cb="0" />
      <line nr="2134" mi="0" ci="1" mb="0" cb="0" />
      <line nr="2158" mi="0" ci="2" mb="0" cb="0" />
      <line nr="2159" mi="0" ci="1" mb="0" cb="0" />
      <line nr="2168" mi="0" ci="1" mb="0" cb="0" />
      <line nr="2217" mi="0" ci="1" mb="0" cb="0" />
      <line nr="2219" mi="0" ci="1" mb="0" cb="0" />
      <line nr="2220" mi="0" ci="1" mb="0" cb="0" />
      <line nr="2221" mi="0" ci="1" mb="0" cb="0" />
      <line nr="2222" mi="0" ci="1" mb="0" cb="0" />
      <line nr="2223" mi="0" ci="1" mb="0" cb="0" />
      <line nr="2224" mi="0" ci="1" mb="0" cb="0" />
      <line nr="2225" mi="0" ci="1" mb="0" cb="0" />
      <line nr="2228" mi="0" ci="1" mb="0" cb="0" />
      <line nr="2231" mi="0" ci="1" mb="0" cb="0" />
      <line nr="2232" mi="1" ci="0" mb="0" cb="0" />
      <line nr="2235" mi="0" ci="1" mb="0" cb="0" />
      <line nr="2266" mi="0" ci="3" mb="0" cb="0" />
      <line nr="2267" mi="0" ci="1" mb="0" cb="0" />
      <line nr="2268" mi="0" ci="2" mb="0" cb="0" />
      <line nr="2269" mi="0" ci="1" mb="0" cb="0" />
      <line nr="2270" mi="0" ci="2" mb="0" cb="0" />
      <line nr="2272" mi="0" ci="1" mb="0" cb="0" />
      <line nr="2275" mi="1" ci="0" mb="0" cb="0" />
      <line nr="2310" mi="0" ci="1" mb="0" cb="0" />
      <line nr="2312" mi="0" ci="1" mb="0" cb="0" />
      <line nr="2313" mi="0" ci="1" mb="0" cb="0" />
      <line nr="2315" mi="1" ci="0" mb="0" cb="0" />
      <line nr="2319" mi="0" ci="1" mb="0" cb="0" />
      <line nr="2320" mi="0" ci="1" mb="0" cb="0" />
      <line nr="2321" mi="0" ci="1" mb="0" cb="0" />
      <line nr="2322" mi="0" ci="2" mb="0" cb="0" />
      <line nr="2323" mi="0" ci="1" mb="0" cb="0" />
      <line nr="2325" mi="0" ci="1" mb="0" cb="0" />
      <line nr="2326" mi="1" ci="0" mb="0" cb="0" />
      <line nr="2331" mi="0" ci="1" mb="0" cb="0" />
      <line nr="2332" mi="0" ci="1" mb="0" cb="0" />
      <line nr="2334" mi="3" ci="0" mb="0" cb="0" />
      <line nr="2338" mi="0" ci="2" mb="0" cb="0" />
      <line nr="2339" mi="0" ci="1" mb="0" cb="0" />
      <line nr="2341" mi="0" ci="1" mb="0" cb="0" />
      <line nr="2342" mi="0" ci="1" mb="0" cb="0" />
      <line nr="2344" mi="0" ci="1" mb="0" cb="0" />
      <line nr="2345" mi="0" ci="3" mb="0" cb="0" />
      <line nr="2347" mi="0" ci="1" mb="0" cb="0" />
      <line nr="2348" mi="0" ci="1" mb="0" cb="0" />
      <line nr="2349" mi="0" ci="2" mb="0" cb="0" />
      <line nr="2352" mi="0" ci="2" mb="0" cb="0" />
      <line nr="2355" mi="1" ci="0" mb="0" cb="0" />
      <line nr="2356" mi="3" ci="0" mb="0" cb="0" />
      <line nr="2361" mi="0" ci="1" mb="0" cb="0" />
      <line nr="2362" mi="0" ci="1" mb="0" cb="0" />
      <line nr="2363" mi="0" ci="1" mb="0" cb="0" />
      <line nr="2377" mi="0" ci="1" mb="0" cb="0" />
      <line nr="2378" mi="0" ci="1" mb="0" cb="0" />
      <line nr="2380" mi="0" ci="1" mb="0" cb="0" />
      <line nr="2381" mi="1" ci="0" mb="0" cb="0" />
      <line nr="2394" mi="0" ci="2" mb="0" cb="0" />
      <line nr="2413" mi="1" ci="0" mb="0" cb="0" />
      <line nr="2414" mi="1" ci="0" mb="0" cb="0" />
      <line nr="2415" mi="1" ci="0" mb="0" cb="0" />
      <line nr="2416" mi="1" ci="0" mb="0" cb="0" />
      <line nr="2417" mi="1" ci="0" mb="0" cb="0" />
      <line nr="2418" mi="1" ci="0" mb="0" cb="0" />
      <line nr="2420" mi="1" ci="0" mb="0" cb="0" />
      <line nr="2423" mi="1" ci="0" mb="0" cb="0" />
      <line nr="2438" mi="1" ci="0" mb="0" cb="0" />
      <line nr="2439" mi="1" ci="0" mb="0" cb="0" />
      <line nr="2440" mi="1" ci="0" mb="0" cb="0" />
      <line nr="2441" mi="1" ci="0" mb="0" cb="0" />
      <line nr="2457" mi="1" ci="0" mb="0" cb="0" />
      <line nr="2460" mi="2" ci="0" mb="0" cb="0" />
      <line nr="2464" mi="2" ci="0" mb="0" cb="0" />
      <line nr="2480" mi="1" ci="0" mb="0" cb="0" />
      <line nr="2481" mi="2" ci="0" mb="0" cb="0" />
      <line nr="2499" mi="3" ci="0" mb="0" cb="0" />
      <line nr="2501" mi="1" ci="0" mb="0" cb="0" />
      <line nr="2502" mi="1" ci="0" mb="0" cb="0" />
      <line nr="2503" mi="1" ci="0" mb="0" cb="0" />
      <line nr="2519" mi="1" ci="0" mb="0" cb="0" />
      <line nr="2520" mi="1" ci="0" mb="0" cb="0" />
      <line nr="2535" mi="1" ci="0" mb="0" cb="0" />
      <line nr="2538" mi="2" ci="0" mb="0" cb="0" />
      <line nr="2539" mi="1" ci="0" mb="0" cb="0" />
      <line nr="2540" mi="1" ci="0" mb="0" cb="0" />
      <line nr="2541" mi="1" ci="0" mb="0" cb="0" />
      <line nr="2542" mi="1" ci="0" mb="0" cb="0" />
      <line nr="2544" mi="1" ci="0" mb="0" cb="0" />
      <line nr="2578" mi="0" ci="1" mb="0" cb="0" />
      <line nr="2579" mi="1" ci="0" mb="0" cb="0" />
      <line nr="2582" mi="1" ci="0" mb="0" cb="0" />
      <line nr="2583" mi="1" ci="0" mb="0" cb="0" />
      <line nr="2585" mi="1" ci="0" mb="0" cb="0" />
      <line nr="2587" mi="1" ci="0" mb="0" cb="0" />
      <line nr="2595" mi="1" ci="0" mb="0" cb="0" />
      <line nr="2596" mi="1" ci="0" mb="0" cb="0" />
      <line nr="2598" mi="1" ci="0" mb="0" cb="0" />
      <line nr="2599" mi="1" ci="0" mb="0" cb="0" />
      <line nr="2601" mi="1" ci="0" mb="0" cb="0" />
      <line nr="2602" mi="1" ci="0" mb="0" cb="0" />
      <line nr="2614" mi="0" ci="1" mb="0" cb="0" />
      <line nr="2615" mi="0" ci="1" mb="0" cb="0" />
      <line nr="2616" mi="0" ci="1" mb="0" cb="0" />
      <line nr="2619" mi="0" ci="1" mb="0" cb="0" />
      <line nr="2621" mi="0" ci="1" mb="0" cb="0" />
      <line nr="2622" mi="0" ci="1" mb="0" cb="0" />
      <line nr="2623" mi="0" ci="1" mb="0" cb="0" />
      <line nr="2624" mi="0" ci="1" mb="0" cb="0" />
      <line nr="2625" mi="0" ci="1" mb="0" cb="0" />
      <line nr="2626" mi="0" ci="1" mb="0" cb="0" />
      <line nr="2627" mi="0" ci="1" mb="0" cb="0" />
      <line nr="2628" mi="0" ci="1" mb="0" cb="0" />
      <line nr="2629" mi="0" ci="1" mb="0" cb="0" />
      <line nr="2631" mi="0" ci="1" mb="0" cb="0" />
      <line nr="2632" mi="0" ci="1" mb="0" cb="0" />
      <line nr="2633" mi="0" ci="1" mb="0" cb="0" />
      <line nr="2634" mi="0" ci="1" mb="0" cb="0" />
      <line nr="2635" mi="0" ci="1" mb="0" cb="0" />
      <line nr="2636" mi="0" ci="1" mb="0" cb="0" />
      <line nr="2637" mi="0" ci="1" mb="0" cb="0" />
      <line nr="2638" mi="0" ci="1" mb="0" cb="0" />
      <line nr="2640" mi="0" ci="1" mb="0" cb="0" />
      <line nr="2641" mi="0" ci="1" mb="0" cb="0" />
      <line nr="2642" mi="0" ci="1" mb="0" cb="0" />
      <line nr="2644" mi="0" ci="1" mb="0" cb="0" />
      <line nr="2645" mi="0" ci="1" mb="0" cb="0" />
      <line nr="2646" mi="0" ci="1" mb="0" cb="0" />
      <line nr="2647" mi="0" ci="1" mb="0" cb="0" />
      <line nr="2648" mi="0" ci="1" mb="0" cb="0" />
      <line nr="2650" mi="0" ci="1" mb="0" cb="0" />
      <line nr="2651" mi="0" ci="1" mb="0" cb="0" />
      <line nr="2652" mi="0" ci="1" mb="0" cb="0" />
      <line nr="2653" mi="0" ci="1" mb="0" cb="0" />
      <line nr="2654" mi="0" ci="1" mb="0" cb="0" />
      <line nr="2655" mi="0" ci="1" mb="0" cb="0" />
      <line nr="2656" mi="0" ci="1" mb="0" cb="0" />
      <line nr="2657" mi="0" ci="1" mb="0" cb="0" />
      <line nr="2659" mi="0" ci="1" mb="0" cb="0" />
      <line nr="2660" mi="0" ci="1" mb="0" cb="0" />
      <line nr="2661" mi="0" ci="1" mb="0" cb="0" />
      <line nr="2662" mi="0" ci="1" mb="0" cb="0" />
      <line nr="2664" mi="0" ci="1" mb="0" cb="0" />
      <line nr="2665" mi="0" ci="1" mb="0" cb="0" />
      <line nr="2667" mi="0" ci="1" mb="0" cb="0" />
      <line nr="2671" mi="0" ci="1" mb="0" cb="0" />
      <line nr="2672" mi="0" ci="1" mb="0" cb="0" />
      <line nr="2673" mi="0" ci="1" mb="0" cb="0" />
      <line nr="2674" mi="0" ci="1" mb="0" cb="0" />
      <counter type="INSTRUCTION" missed="654" covered="310" />
      <counter type="LINE" missed="463" covered="273" />
      <counter type="METHOD" missed="25" covered="19" />
      <counter type="CLASS" missed="1" covered="0" />
    </sourcefile>
[...]
      <line nr="661" mi="1" ci="0" mb="0" cb="0" />
      <line nr="662" mi="1" ci="0" mb="0" cb="0" />
      <line nr="663" mi="1" ci="0" mb="0" cb="0" />
      <line nr="665" mi="2" ci="0" mb="0" cb="0" />
      <line nr="666" mi="1" ci="0" mb="0" cb="0" />
      <line nr="669" mi="2" ci="0" mb="0" cb="0" />
      <line nr="672" mi="2" ci="0" mb="0" cb="0" />
      <line nr="679" mi="1" ci="0" mb="0" cb="0" />
      <line nr="680" mi="1" ci="0" mb="0" cb="0" />
      <line nr="681" mi="1" ci="0" mb="0" cb="0" />
      <line nr="682" mi="1" ci="0" mb="0" cb="0" />
      <line nr="683" mi="1" ci="0" mb="0" cb="0" />
      <line nr="685" mi="1" ci="0" mb="0" cb="0" />
      <line nr="686" mi="1" ci="0" mb="0" cb="0" />
      <line nr="689" mi="2" ci="0" mb="0" cb="0" />
      <line nr="692" mi="2" ci="0" mb="0" cb="0" />
      <line nr="698" mi="2" ci="0" mb="0" cb="0" />
      <line nr="702" mi="1" ci="0" mb="0" cb="0" />
      <line nr="703" mi="1" ci="0" mb="0" cb="0" />
      <line nr="705" mi="1" ci="0" mb="0" cb="0" />
      <line nr="706" mi="1" ci="0" mb="0" cb="0" />
      <line nr="709" mi="2" ci="0" mb="0" cb="0" />
      <line nr="714" mi="1" ci="0" mb="0" cb="0" />
      <line nr="716" mi="2" ci="0" mb="0" cb="0" />
      <line nr="717" mi="1" ci="0" mb="0" cb="0" />
      <line nr="720" mi="2" ci="0" mb="0" cb="0" />
      <line nr="800" mi="1" ci="0" mb="0" cb="0" />
      <line nr="802" mi="1" ci="0" mb="0" cb="0" />
      <line nr="807" mi="2" ci="0" mb="0" cb="0" />
      <line nr="809" mi="1" ci="0" mb="0" cb="0" />
      <line nr="811" mi="1" ci="0" mb="0" cb="0" />
      <line nr="820" mi="2" ci="0" mb="0" cb="0" />
      <line nr="823" mi="1" ci="0" mb="0" cb="0" />
      <line nr="828" mi="2" ci="0" mb="0" cb="0" />
      <line nr="834" mi="1" ci="0" mb="0" cb="0" />
      <line nr="835" mi="2" ci="0" mb="0" cb="0" />
      <line nr="837" mi="1" ci="0" mb="0" cb="0" />
      <line nr="838" mi="2" ci="0" mb="0" cb="0" />
      <line nr="841" mi="2" ci="0" mb="0" cb="0" />
      <line nr="842" mi="1" ci="0" mb="0" cb="0" />
      <line nr="845" mi="1" ci="0" mb="0" cb="0" />
      <line nr="846" mi="1" ci="0" mb="0" cb="0" />
      <line nr="847" mi="3" ci="0" mb="0" cb="0" />
      <line nr="849" mi="1" ci="0" mb="0" cb="0" />
      <line nr="851" mi="2" ci="0" mb="0" cb="0" />
      <line nr="852" mi="1" ci="0" mb="0" cb="0" />
      <line nr="853" mi="2" ci="0" mb="0" cb="0" />
      <line nr="856" mi="3" ci="0" mb="0" cb="0" />
      <line nr="860" mi="2" ci="0" mb="0" cb="0" />
      <line nr="862" mi="2" ci="0" mb="0" cb="0" />
      <line nr="863" mi="1" ci="0" mb="0" cb="0" />
      <line nr="864" mi="1" ci="0" mb="0" cb="0" />
      <line nr="866" mi="1" ci="0" mb="0" cb="0" />
      <line nr="869" mi="3" ci="0" mb="0" cb="0" />
      <line nr="872" mi="1" ci="0" mb="0" cb="0" />
      <line nr="876" mi="2" ci="0" mb="0" cb="0" />
      <line nr="884" mi="1" ci="0" mb="0" cb="0" />
      <line nr="886" mi="1" ci="0" mb="0" cb="0" />
      <line nr="889" mi="2" ci="0" mb="0" cb="0" />
      <line nr="890" mi="1" ci="0" mb="0" cb="0" />
      <line nr="893" mi="2" ci="0" mb="0" cb="0" />
      <line nr="894" mi="1" ci="0" mb="0" cb="0" />
      <line nr="898" mi="1" ci="0" mb="0" cb="0" />
      <line nr="899" mi="1" ci="0" mb="0" cb="0" />
      <line nr="900" mi="1" ci="0" mb="0" cb="0" />
      <line nr="902" mi="2" ci="0" mb="0" cb="0" />
      <line nr="903" mi="1" ci="0" mb="0" cb="0" />
      <line nr="904" mi="2" ci="0" mb="0" cb="0" />
      <line nr="907" mi="3" ci="0" mb="0" cb="0" />
      <line nr="910" mi="3" ci="0" mb="0" cb="0" />
      <line nr="915" mi="2" ci="0" mb="0" cb="0" />
      <line nr="917" mi="1" ci="0" mb="0" cb="0" />
      <line nr="921" mi="3" ci="0" mb="0" cb="0" />
      <line nr="929" mi="1" ci="0" mb="0" cb="0" />
      <line nr="932" mi="2" ci="0" mb="0" cb="0" />
      <line nr="933" mi="1" ci="0" mb="0" cb="0" />
      <line nr="936" mi="1" ci="0" mb="0" cb="0" />
      <line nr="937" mi="1" ci="0" mb="0" cb="0" />
      <line nr="938" mi="1" ci="0" mb="0" cb="0" />
      <line nr="939" mi="1" ci="0" mb="0" cb="0" />
      <line nr="940" mi="1" ci="0" mb="0" cb="0" />
      <line nr="942" mi="1" ci="0" mb="0" cb="0" />
      <line nr="945" mi="2" ci="0" mb="0" cb="0" />
      <line nr="947" mi="1" ci="0" mb="0" cb="0" />
      <line nr="948" mi="1" ci="0" mb="0" cb="0" />
      <line nr="949" mi="1" ci="0" mb="0" cb="0" />
      <line nr="951" mi="1" ci="0" mb="0" cb="0" />
      <line nr="954" mi="2" ci="0" mb="0" cb="0" />
      <line nr="957" mi="2" ci="0" mb="0" cb="0" />
      <line nr="965" mi="3" ci="0" mb="0" cb="0" />
      <line nr="968" mi="2" ci="0" mb="0" cb="0" />
      <line nr="969" mi="1" ci="0" mb="0" cb="0" />
      <line nr="972" mi="1" ci="0" mb="0" cb="0" />
      <line nr="973" mi="1" ci="0" mb="0" cb="0" />
      <line nr="974" mi="1" ci="0" mb="0" cb="0" />
      <line nr="975" mi="1" ci="0" mb="0" cb="0" />
      <line nr="977" mi="4" ci="0" mb="0" cb="0" />
      <line nr="978" mi="1" ci="0" mb="0" cb="0" />
      <line nr="981" mi="2" ci="0" mb="0" cb="0" />
      <line nr="987" mi="1" ci="0" mb="0" cb="0" />
      <line nr="989" mi="2" ci="0" mb="0" cb="0" />
      <line nr="990" mi="1" ci="0" mb="0" cb="0" />
      <line nr="993" mi="2" ci="0" mb="0" cb="0" />
      <line nr="997" mi="1" ci="0" mb="0" cb="0" />
      <line nr="998" mi="1" ci="0" mb="0" cb="0" />
      <line nr="999" mi="1" ci="0" mb="0" cb="0" />
      <line nr="1001" mi="1" ci="0" mb="0" cb="0" />
      <line nr="1003" mi="1" ci="0" mb="0" cb="0" />
      <line nr="1004" mi="1" ci="0" mb="0" cb="0" />
      <line nr="1005" mi="1" ci="0" mb="0" cb="0" />
      <line nr="1006" mi="2" ci="0" mb="0" cb="0" />
      <line nr="1008" mi="1" ci="0" mb="0" cb="0" />
      <line nr="1009" mi="2" ci="0" mb="0" cb="0" />
      <line nr="1012" mi="2" ci="0" mb="0" cb="0" />
      <line nr="1015" mi="3" ci="0" mb="0" cb="0" />
      <line nr="1021" mi="2" ci="0" mb="0" cb="0" />
      <line nr="1025" mi="1" ci="0" mb="0" cb="0" />
      <line nr="1030" mi="1" ci="0" mb="0" cb="0" />
      <line nr="1031" mi="1" ci="0" mb="0" cb="0" />
      <line nr="1032" mi="1" ci="0" mb="0" cb="0" />
      <line nr="1033" mi="1" ci="0" mb="0" cb="0" />
      <line nr="1034" mi="1" ci="0" mb="0" cb="0" />
      <line nr="1036" mi="2" ci="0" mb="0" cb="0" />
      <line nr="1037" mi="1" ci="0" mb="0" cb="0" />
      <line nr="1040" mi="2" ci="0" mb="0" cb="0" />
      <line nr="1043" mi="2" ci="0" mb="0" cb="0" />
      <line nr="1049" mi="2" ci="0" mb="0" cb="0" />
      <line nr="1053" mi="1" ci="0" mb="0" cb="0" />
      <line nr="1054" mi="1" ci="0" mb="0" cb="0" />
      <line nr="1056" mi="1" ci="0" mb="0" cb="0" />
      <line nr="1057" mi="1" ci="0" mb="0" cb="0" />
      <line nr="1060" mi="2" ci="0" mb="0" cb="0" />
      <line nr="1065" mi="1" ci="0" mb="0" cb="0" />
      <line nr="1067" mi="2" ci="0" mb="0" cb="0" />
      <line nr="1068" mi="1" ci="0" mb="0" cb="0" />
      <line nr="1071" mi="2" ci="0" mb="0" cb="0" />
      <line nr="1075" mi="1" ci="0" mb="0" cb="0" />
      <line nr="1076" mi="1" ci="0" mb="0" cb="0" />
      <line nr="1078" mi="2" ci="0" mb="0" cb="0" />
      <line nr="1079" mi="1" ci="0" mb="0" cb="0" />
      <line nr="1082" mi="2" ci="0" mb="0" cb="0" />
      <line nr="1088" mi="1" ci="0" mb="0" cb="0" />
      <line nr="1089" mi="1" ci="0" mb="0" cb="0" />
      <line nr="1090" mi="1" ci="0" mb="0" cb="0" />
      <line nr="1091" mi="1" ci="0" mb="0" cb="0" />
      <line nr="1093" mi="1" ci="0" mb="0" cb="0" />
      <line nr="1094" mi="1" ci="0" mb="0" cb="0" />
      <line nr="1097" mi="2" ci="0" mb="0" cb="0" />
      <line nr="1102" mi="2" ci="0" mb="0" cb="0" />
      <line nr="1105" mi="1" ci="0" mb="0" cb="0" />
      <line nr="1106" mi="1" ci="0" mb="0" cb="0" />
      <line nr="1108" mi="1" ci="0" mb="0" cb="0" />
      <line nr="1109" mi="1" ci="0" mb="0" cb="0" />
      <line nr="1112" mi="2" ci="0" mb="0" cb="0" />
      <line nr="1117" mi="2" ci="0" mb="0" cb="0" />
      <line nr="1118" mi="1" ci="0" mb="0" cb="0" />
      <line nr="1120" mi="1" ci="0" mb="0" cb="0" />
      <line nr="1121" mi="1" ci="0" mb="0" cb="0" />
      <line nr="1124" mi="2" ci="0" mb="0" cb="0" />
      <line nr="1126" mi="1" ci="0" mb="0" cb="0" />
      <line nr="1128" mi="1" ci="0" mb="0" cb="0" />
      <line nr="1129" mi="1" ci="0" mb="0" cb="0" />
      <line nr="1130" mi="3" ci="0" mb="0" cb="0" />
      <line nr="1131" mi="3" ci="0" mb="0" cb="0" />
      <line nr="1135" mi="2" ci="0" mb="0" cb="0" />
      <line nr="1140" mi="1" ci="0" mb="0" cb="0" />
      <line nr="1141" mi="1" ci="0" mb="0" cb="0" />
      <line nr="1143" mi="1" ci="0" mb="0" cb="0" />
      <line nr="1144" mi="1" ci="0" mb="0" cb="0" />
      <line nr="1147" mi="2" ci="0" mb="0" cb="0" />
      <line nr="1152" mi="1" ci="0" mb="0" cb="0" />
      <line nr="1153" mi="1" ci="0" mb="0" cb="0" />
      <line nr="1154" mi="1" ci="0" mb="0" cb="0" />
      <line nr="1156" mi="1" ci="0" mb="0" cb="0" />
      <line nr="1157" mi="1" ci="0" mb="0" cb="0" />
      <line nr="1160" mi="2" ci="0" mb="0" cb="0" />
      <line nr="1165" mi="1" ci="0" mb="0" cb="0" />
      <line nr="1166" mi="1" ci="0" mb="0" cb="0" />
      <line nr="1167" mi="1" ci="0" mb="0" cb="0" />
      <line nr="1169" mi="1" ci="0" mb="0" cb="0" />
      <line nr="1170" mi="1" ci="0" mb="0" cb="0" />
      <line nr="1173" mi="2" ci="0" mb="0" cb="0" />
      <line nr="1176" mi="1" ci="0" mb="0" cb="0" />
      <line nr="1220" mi="1" ci="0" mb="0" cb="0" />
      <line nr="1226" mi="1" ci="0" mb="0" cb="0" />
      <line nr="1227" mi="1" ci="0" mb="0" cb="0" />
      <line nr="1228" mi="1" ci="0" mb="0" cb="0" />
      <line nr="1229" mi="1" ci="0" mb="0" cb="0" />
      <line nr="1233" mi="1" ci="0" mb="0" cb="0" />
      <line nr="1235" mi="1" ci="0" mb="0" cb="0" />
      <line nr="1236" mi="1" ci="0" mb="0" cb="0" />
      <line nr="1237" mi="1" ci="0" mb="0" cb="0" />
      <line nr="1240" mi="1" ci="0" mb="0" cb="0" />
      <line nr="1241" mi="1" ci="0" mb="0" cb="0" />
      <line nr="1244" mi="1" ci="0" mb="0" cb="0" />
      <line nr="1245" mi="1" ci="0" mb="0" cb="0" />
      <line nr="1247" mi="1" ci="0" mb="0" cb="0" />
      <line nr="1248" mi="1" ci="0" mb="0" cb="0" />
      <line nr="1251" mi="1" ci="0" mb="0" cb="0" />
      <line nr="1252" mi="1" ci="0" mb="0" cb="0" />
      <line nr="1253" mi="1" ci="0" mb="0" cb="0" />
      <line nr="1260" mi="1" ci="0" mb="0" cb="0" />
      <line nr="1261" mi="2" ci="0" mb="0" cb="0" />
      <line nr="1264" mi="2" ci="0" mb="0" cb="0" />
      <line nr="1269" mi="2" ci="0" mb="0" cb="0" />
      <line nr="1270" mi="1" ci="0" mb="0" cb="0" />
      <line nr="1271" mi="2" ci="0" mb="0" cb="0" />
      <line nr="1272" mi="1" ci="0" mb="0" cb="0" />
      <line nr="1275" mi="1" ci="0" mb="0" cb="0" />
      <line nr="1279" mi="1" ci="0" mb="0" cb="0" />
      <line nr="1281" mi="1" ci="0" mb="0" cb="0" />
      <line nr="1282" mi="1" ci="0" mb="0" cb="0" />
      <line nr="1285" mi="1" ci="0" mb="0" cb="0" />
      <line nr="1286" mi="1" ci="0" mb="0" cb="0" />
      <line nr="1287" mi="1" ci="0" mb="0" cb="0" />
      <line nr="1288" mi="1" ci="0" mb="0" cb="0" />
      <line nr="1291" mi="1" ci="0" mb="0" cb="0" />
      <line nr="1292" mi="1" ci="0" mb="0" cb="0" />
      <line nr="1293" mi="1" ci="0" mb="0" cb="0" />
      <line nr="1298" mi="1" ci="0" mb="0" cb="0" />
      <line nr="1299" mi="2" ci="0" mb="0" cb="0" />
      <line nr="1300" mi="1" ci="0" mb="0" cb="0" />
      <line nr="1302" mi="1" ci="0" mb="0" cb="0" />
      <line nr="1303" mi="1" ci="0" mb="0" cb="0" />
      <line nr="1304" mi="1" ci="0" mb="0" cb="0" />
      <line nr="1305" mi="1" ci="0" mb="0" cb="0" />
      <line nr="1308" mi="2" ci="0" mb="0" cb="0" />
      <line nr="1309" mi="1" ci="0" mb="0" cb="0" />
      <line nr="1340" mi="1" ci="0" mb="0" cb="0" />
      <line nr="1344" mi="1" ci="0" mb="0" cb="0" />
      <line nr="1346" mi="1" ci="0" mb="0" cb="0" />
      <line nr="1347" mi="1" ci="0" mb="0" cb="0" />
      <line nr="1348" mi="1" ci="0" mb="0" cb="0" />
      <line nr="1349" mi="1" ci="0" mb="0" cb="0" />
      <line nr="1352" mi="1" ci="0" mb="0" cb="0" />
      <line nr="1356" mi="1" ci="0" mb="0" cb="0" />
      <line nr="1358" mi="1" ci="0" mb="0" cb="0" />
      <line nr="1359" mi="1" ci="0" mb="0" cb="0" />
      <line nr="1360" mi="1" ci="0" mb="0" cb="0" />
      <line nr="1361" mi="1" ci="0" mb="0" cb="0" />
      <line nr="1362" mi="1" ci="0" mb="0" cb="0" />
      <line nr="1365" mi="1" ci="0" mb="0" cb="0" />
      <line nr="1368" mi="1" ci="0" mb="0" cb="0" />
      <line nr="1371" mi="2" ci="0" mb="0" cb="0" />
      <line nr="1426" mi="1" ci="0" mb="0" cb="0" />
      <line nr="1429" mi="1" ci="0" mb="0" cb="0" />
      <line nr="1430" mi="1" ci="0" mb="0" cb="0" />
      <line nr="1433" mi="1" ci="0" mb="0" cb="0" />
      <line nr="1434" mi="1" ci="0" mb="0" cb="0" />
      <line nr="1435" mi="1" ci="0" mb="0" cb="0" />
      <line nr="1437" mi="1" ci="0" mb="0" cb="0" />
      <line nr="1440" mi="7" ci="0" mb="0" cb="0" />
      <line nr="1441" mi="1" ci="0" mb="0" cb="0" />
      <line nr="1442" mi="1" ci="0" mb="0" cb="0" />
      <line nr="1443" mi="1" ci="0" mb="0" cb="0" />
      <line nr="1444" mi="2" ci="0" mb="0" cb="0" />
      <line nr="1447" mi="3" ci="0" mb="0" cb="0" />
      <line nr="1453" mi="2" ci="0" mb="0" cb="0" />
      <line nr="1454" mi="1" ci="0" mb="0" cb="0" />
      <line nr="1457" mi="1" ci="0" mb="0" cb="0" />
      <line nr="1460" mi="1" ci="0" mb="0" cb="0" />
      <line nr="1465" mi="1" ci="0" mb="0" cb="0" />
      <line nr="1466" mi="1" ci="0" mb="0" cb="0" />
      <line nr="1467" mi="1" ci="0" mb="0" cb="0" />
      <line nr="1470" mi="2" ci="0" mb="0" cb="0" />
      <line nr="1474" mi="1" ci="0" mb="0" cb="0" />
      <line nr="1477" mi="2" ci="0" mb="0" cb="0" />
      <line nr="1546" mi="1" ci="0" mb="0" cb="0" />
      <line nr="1550" mi="1" ci="0" mb="0" cb="0" />
      <line nr="1553" mi="2" ci="0" mb="0" cb="0" />
      <line nr="1554" mi="1" ci="0" mb="0" cb="0" />
      <line nr="1555" mi="1" ci="0" mb="0" cb="0" />
      <line nr="1556" mi="1" ci="0" mb="0" cb="0" />
      <line nr="1559" mi="1" ci="0" mb="0" cb="0" />
      <line nr="1562" mi="2" ci="0" mb="0" cb="0" />
      <line nr="1563" mi="1" ci="0" mb="0" cb="0" />
      <line nr="1564" mi="1" ci="0" mb="0" cb="0" />
      <line nr="1565" mi="1" ci="0" mb="0" cb="0" />
      <line nr="1568" mi="1" ci="0" mb="0" cb="0" />
      <line nr="1569" mi="1" ci="0" mb="0" cb="0" />
      <line nr="1572" mi="2" ci="0" mb="0" cb="0" />
      <line nr="1573" mi="1" ci="0" mb="0" cb="0" />
      <line nr="1575" mi="1" ci="0" mb="0" cb="0" />
      <line nr="1576" mi="1" ci="0" mb="0" cb="0" />
      <line nr="1577" mi="1" ci="0" mb="0" cb="0" />
      <line nr="1581" mi="1" ci="0" mb="0" cb="0" />
      <line nr="1582" mi="2" ci="0" mb="0" cb="0" />
      <line nr="1583" mi="1" ci="0" mb="0" cb="0" />
      <line nr="1584" mi="1" ci="0" mb="0" cb="0" />
      <line nr="1588" mi="1" ci="0" mb="0" cb="0" />
      <line nr="1589" mi="1" ci="0" mb="0" cb="0" />
      <line nr="1590" mi="1" ci="0" mb="0" cb="0" />
      <line nr="1592" mi="1" ci="0" mb="0" cb="0" />
      <line nr="1595" mi="1" ci="0" mb="0" cb="0" />
      <line nr="1599" mi="1" ci="0" mb="0" cb="0" />
      <line nr="1603" mi="1" ci="0" mb="0" cb="0" />
      <line nr="1604" mi="1" ci="0" mb="0" cb="0" />
      <line nr="1605" mi="1" ci="0" mb="0" cb="0" />
      <line nr="1606" mi="1" ci="0" mb="0" cb="0" />
      <line nr="1607" mi="2" ci="0" mb="0" cb="0" />
      <line nr="1610" mi="1" ci="0" mb="0" cb="0" />
      <line nr="1611" mi="1" ci="0" mb="0" cb="0" />
      <line nr="1612" mi="1" ci="0" mb="0" cb="0" />
      <line nr="1613" mi="1" ci="0" mb="0" cb="0" />
      <line nr="1616" mi="1" ci="0" mb="0" cb="0" />
      <line nr="1617" mi="1" ci="0" mb="0" cb="0" />
      <line nr="1618" mi="1" ci="0" mb="0" cb="0" />
      <line nr="1622" mi="1" ci="0" mb="0" cb="0" />
      <line nr="1623" mi="1" ci="0" mb="0" cb="0" />
      <line nr="1625" mi="1" ci="0" mb="0" cb="0" />
      <line nr="1628" mi="1" ci="0" mb="0" cb="0" />
      <line nr="1629" mi="1" ci="0" mb="0" cb="0" />
      <line nr="1631" mi="1" ci="0" mb="0" cb="0" />
      <line nr="1632" mi="1" ci="0" mb="0" cb="0" />
      <line nr="1633" mi="1" ci="0" mb="0" cb="0" />
      <line nr="1634" mi="1" ci="0" mb="0" cb="0" />
      <line nr="1636" mi="1" ci="0" mb="0" cb="0" />
      <line nr="1637" mi="1" ci="0" mb="0" cb="0" />
      <line nr="1638" mi="1" ci="0" mb="0" cb="0" />
      <line nr="1640" mi="1" ci="0" mb="0" cb="0" />
      <line nr="1641" mi="1" ci="0" mb="0" cb="0" />
      <line nr="1642" mi="1" ci="0" mb="0" cb="0" />
      <line nr="1645" mi="1" ci="0" mb="0" cb="0" />
      <line nr="1646" mi="1" ci="0" mb="0" cb="0" />
      <line nr="1649" mi="1" ci="0" mb="0" cb="0" />
      <line nr="1652" mi="1" ci="0" mb="0" cb="0" />
      <line nr="1655" mi="2" ci="0" mb="0" cb="0" />
      <line nr="1656" mi="2" ci="0" mb="0" cb="0" />
      <line nr="1657" mi="1" ci="0" mb="0" cb="0" />
      <line nr="1719" mi="1" ci="0" mb="0" cb="0" />
      <line nr="1722" mi="1" ci="0" mb="0" cb="0" />
      <line nr="1723" mi="1" ci="0" mb="0" cb="0" />
      <line nr="1725" mi="1" ci="0" mb="0" cb="0" />
      <line nr="1726" mi="1" ci="0" mb="0" cb="0" />
      <line nr="1727" mi="1" ci="0" mb="0" cb="0" />
      <line nr="1730" mi="1" ci="0" mb="0" cb="0" />
      <line nr="1734" mi="2" ci="0" mb="0" cb="0" />
      <line nr="1737" mi="2" ci="0" mb="0" cb="0" />
      <line nr="1740" mi="2" ci="0" mb="0" cb="0" />
      <line nr="1745" mi="1" ci="0" mb="0" cb="0" />
      <line nr="1747" mi="1" ci="0" mb="0" cb="0" />
      <line nr="1748" mi="1" ci="0" mb="0" cb="0" />
      <line nr="1749" mi="1" ci="0" mb="0" cb="0" />
      <line nr="1750" mi="1" ci="0" mb="0" cb="0" />
      <line nr="1751" mi="1" ci="0" mb="0" cb="0" />
      <line nr="1753" mi="1" ci="0" mb="0" cb="0" />
      <line nr="1754" mi="1" ci="0" mb="0" cb="0" />
      <line nr="1757" mi="2" ci="0" mb="0" cb="0" />
      <line nr="1760" mi="2" ci="0" mb="0" cb="0" />
      <line nr="1766" mi="2" ci="0" mb="0" cb="0" />
      <line nr="1771" mi="1" ci="0" mb="0" cb="0" />
      <line nr="1772" mi="1" ci="0" mb="0" cb="0" />
      <line nr="1773" mi="1" ci="0" mb="0" cb="0" />
      <line nr="1774" mi="1" ci="0" mb="0" cb="0" />
      <line nr="1776" mi="1" ci="0" mb="0" cb="0" />
      <line nr="1777" mi="1" ci="0" mb="0" cb="0" />
      <line nr="1780" mi="2" ci="0" mb="0" cb="0" />
      <line nr="1786" mi="1" ci="0" mb="0" cb="0" />
      <line nr="1787" mi="1" ci="0" mb="0" cb="0" />
      <line nr="1789" mi="2" ci="0" mb="0" cb="0" />
      <line nr="1790" mi="1" ci="0" mb="0" cb="0" />
      <line nr="1793" mi="2" ci="0" mb="0" cb="0" />
      <line nr="1797" mi="1" ci="0" mb="0" cb="0" />
      <line nr="1801" mi="0" ci="1" mb="0" cb="0" />
      <line nr="1802" mi="0" ci="1" mb="0" cb="0" />
      <counter type="INSTRUCTION" missed="642" covered="14" />
      <counter type="LINE" missed="499" covered="14" />
      <counter type="METHOD" missed="11" covered="3" />
      <counter type="CLASS" missed="0" covered="1" />
    </sourcefile>
    <counter type="INSTRUCTION" missed="642" covered="14" />
    <counter type="LINE" missed="499" covered="14" />
    <counter type="METHOD" missed="11" covered="3" />
    <counter type="CLASS" missed="0" covered="1" />
  </package>
  <counter type="INSTRUCTION" missed="5072" covered="511" />
  <counter type="LINE" missed="3955" covered="454" />
  <counter type="METHOD" missed="91" covered="33" />
  <counter type="CLASS" missed="5" covered="3" />
</report>
