<?xml version="1.0" encoding="UTF-8" standalone="no"?>
<!DOCTYPE report PUBLIC "-//JACOCO//DTD Report 1.1//EN" "report.dtd"[]>
<report name="Pester (01/22/2026 14:34:13)">
  <sessioninfo id="this" start="1769092021245" dump="1769092453856" />
  <package name="Modules/FFU.ADK">
    <class name="Modules/FFU.ADK/FFU.ADK" sourcefilename="FFU.ADK/FFU.ADK.psm1">
      <method name="Write-ADKValidationLog" desc="()" line="56">
        <counter type="INSTRUCTION" missed="19" covered="0" />
        <counter type="LINE" missed="17" covered="0" />
        <counter type="METHOD" missed="1" covered="0" />
      </method>
      <method name="&lt;script&gt;" desc="()" line="90">
        <counter type="INSTRUCTION" missed="0" covered="8" />
        <counter type="LINE" missed="0" covered="8" />
        <counter type="METHOD" missed="0" covered="1" />
      </method>
      <method name="Test-ADKPrerequisites" desc="()" line="244">
        <counter type="INSTRUCTION" missed="183" covered="0" />
        <counter type="LINE" missed="154" covered="0" />
        <counter type="METHOD" missed="1" covered="0" />
      </method>
      <method name="Get-ADKURL" desc="()" line="542">
        <counter type="INSTRUCTION" missed="30" covered="0" />
        <counter type="LINE" missed="28" covered="0" />
        <counter type="METHOD" missed="1" covered="0" />
      </method>
      <method name="Install-ADK" desc="()" line="611">
        <counter type="INSTRUCTION" missed="23" covered="0" />
        <counter type="LINE" missed="21" covered="0" />
        <counter type="METHOD" missed="1" covered="0" />
      </method>
      <method name="Get-InstalledProgramRegKey" desc="()" line="655">
        <counter type="INSTRUCTION" missed="4" covered="5" />
        <counter type="LINE" missed="3" covered="5" />
        <counter type="METHOD" missed="0" covered="1" />
      </method>
      <method name="Uninstall-ADK" desc="()" line="679">
        <counter type="INSTRUCTION" missed="15" covered="0" />
        <counter type="LINE" missed="13" covered="0" />
        <counter type="METHOD" missed="1" covered="0" />
      </method>
      <method name="Confirm-ADKVersionIsLatest" desc="()" line="744">
        <counter type="INSTRUCTION" missed="22" covered="2" />
        <counter type="LINE" missed="22" covered="2" />
        <counter type="METHOD" missed="0" covered="1" />
      </method>
      <method name="Get-ADK" desc="()" line="824">
        <counter type="INSTRUCTION" missed="33" covered="0" />
        <counter type="LINE" missed="30" covered="0" />
        <counter type="METHOD" missed="1" covered="0" />
      </method>
      <counter type="INSTRUCTION" missed="329" covered="15" />
      <counter type="LINE" missed="288" covered="15" />
      <counter type="METHOD" missed="6" covered="3" />
      <counter type="CLASS" missed="1" covered="0" />
    </class>
    <sourcefile name="FFU.ADK/FFU.ADK.psm1">
      <line nr="56" mi="1" ci="0" mb="0" cb="0" />
      <line nr="57" mi="1" ci="0" mb="0" cb="0" />
      <line nr="58" mi="1" ci="0" mb="0" cb="0" />
      <line nr="59" mi="1" ci="0" mb="0" cb="0" />
      <line nr="60" mi="1" ci="0" mb="0" cb="0" />
      <line nr="61" mi="1" ci="0" mb="0" cb="0" />
      <line nr="62" mi="1" ci="0" mb="0" cb="0" />
      <line nr="65" mi="1" ci="0" mb="0" cb="0" />
      <line nr="68" mi="1" ci="0" mb="0" cb="0" />
      <line nr="71" mi="1" ci="0" mb="0" cb="0" />
      <line nr="72" mi="1" ci="0" mb="0" cb="0" />
      <line nr="73" mi="2" ci="0" mb="0" cb="0" />
      <line nr="74" mi="1" ci="0" mb="0" cb="0" />
      <line nr="79" mi="1" ci="0" mb="0" cb="0" />
      <line nr="82" mi="1" ci="0" mb="0" cb="0" />
      <line nr="83" mi="1" ci="0" mb="0" cb="0" />
      <line nr="84" mi="2" ci="0" mb="0" cb="0" />
      <line nr="90" mi="0" ci="1" mb="0" cb="0" />
      <line nr="91" mi="0" ci="1" mb="0" cb="0" />
      <line nr="118" mi="0" ci="1" mb="0" cb="0" />
      <line nr="136" mi="0" ci="1" mb="0" cb="0" />
      <line nr="155" mi="0" ci="1" mb="0" cb="0" />
      <line nr="180" mi="0" ci="1" mb="0" cb="0" />
      <line nr="244" mi="1" ci="0" mb="0" cb="0" />
      <line nr="245" mi="1" ci="0" mb="0" cb="0" />
      <line nr="246" mi="1" ci="0" mb="0" cb="0" />
      <line nr="247" mi="1" ci="0" mb="0" cb="0" />
      <line nr="248" mi="1" ci="0" mb="0" cb="0" />
      <line nr="249" mi="1" ci="0" mb="0" cb="0" />
      <line nr="250" mi="1" ci="0" mb="0" cb="0" />
      <line nr="251" mi="1" ci="0" mb="0" cb="0" />
      <line nr="252" mi="1" ci="0" mb="0" cb="0" />
      <line nr="253" mi="1" ci="0" mb="0" cb="0" />
      <line nr="254" mi="1" ci="0" mb="0" cb="0" />
      <line nr="255" mi="1" ci="0" mb="0" cb="0" />
      <line nr="258" mi="1" ci="0" mb="0" cb="0" />
      <line nr="262" mi="1" ci="0" mb="0" cb="0" />
      <line nr="263" mi="1" ci="0" mb="0" cb="0" />
      <line nr="265" mi="1" ci="0" mb="0" cb="0" />
      <line nr="267" mi="1" ci="0" mb="0" cb="0" />
      <line nr="268" mi="1" ci="0" mb="0" cb="0" />
      <line nr="269" mi="1" ci="0" mb="0" cb="0" />
      <line nr="272" mi="1" ci="0" mb="0" cb="0" />
      <line nr="273" mi="1" ci="0" mb="0" cb="0" />
      <line nr="274" mi="1" ci="0" mb="0" cb="0" />
      <line nr="278" mi="1" ci="0" mb="0" cb="0" />
      <line nr="279" mi="1" ci="0" mb="0" cb="0" />
      <line nr="280" mi="2" ci="0" mb="0" cb="0" />
      <line nr="281" mi="1" ci="0" mb="0" cb="0" />
      <line nr="282" mi="1" ci="0" mb="0" cb="0" />
      <line nr="288" mi="1" ci="0" mb="0" cb="0" />
      <line nr="289" mi="1" ci="0" mb="0" cb="0" />
      <line nr="290" mi="1" ci="0" mb="0" cb="0" />
      <line nr="292" mi="1" ci="0" mb="0" cb="0" />
      <line nr="293" mi="1" ci="0" mb="0" cb="0" />
      <line nr="295" mi="1" ci="0" mb="0" cb="0" />
      <line nr="296" mi="1" ci="0" mb="0" cb="0" />
      <line nr="299" mi="1" ci="0" mb="0" cb="0" />
      <line nr="300" mi="1" ci="0" mb="0" cb="0" />
      <line nr="303" mi="2" ci="0" mb="0" cb="0" />
      <line nr="304" mi="1" ci="0" mb="0" cb="0" />
      <line nr="305" mi="1" ci="0" mb="0" cb="0" />
      <line nr="312" mi="1" ci="0" mb="0" cb="0" />
      <line nr="316" mi="1" ci="0" mb="0" cb="0" />
      <line nr="317" mi="1" ci="0" mb="0" cb="0" />
      <line nr="318" mi="1" ci="0" mb="0" cb="0" />
      <line nr="319" mi="2" ci="0" mb="0" cb="0" />
      <line nr="323" mi="2" ci="0" mb="0" cb="0" />
      <line nr="328" mi="1" ci="0" mb="0" cb="0" />
      <line nr="329" mi="1" ci="0" mb="0" cb="0" />
      <line nr="330" mi="1" ci="0" mb="0" cb="0" />
      <line nr="331" mi="1" ci="0" mb="0" cb="0" />
      <line nr="334" mi="1" ci="0" mb="0" cb="0" />
      <line nr="335" mi="1" ci="0" mb="0" cb="0" />
      <line nr="336" mi="1" ci="0" mb="0" cb="0" />
      <line nr="338" mi="1" ci="0" mb="0" cb="0" />
      <line nr="339" mi="1" ci="0" mb="0" cb="0" />
      <line nr="341" mi="1" ci="0" mb="0" cb="0" />
      <line nr="342" mi="1" ci="0" mb="0" cb="0" />
      <line nr="343" mi="1" ci="0" mb="0" cb="0" />
      <line nr="344" mi="1" ci="0" mb="0" cb="0" />
      <line nr="345" mi="2" ci="0" mb="0" cb="0" />
      <line nr="346" mi="1" ci="0" mb="0" cb="0" />
      <line nr="347" mi="1" ci="0" mb="0" cb="0" />
      <line nr="348" mi="1" ci="0" mb="0" cb="0" />
      <line nr="349" mi="3" ci="0" mb="0" cb="0" />
      <line nr="353" mi="1" ci="0" mb="0" cb="0" />
      <line nr="354" mi="1" ci="0" mb="0" cb="0" />
      <line nr="361" mi="2" ci="0" mb="0" cb="0" />
      <line nr="366" mi="1" ci="0" mb="0" cb="0" />
      <line nr="367" mi="1" ci="0" mb="0" cb="0" />
      <line nr="368" mi="1" ci="0" mb="0" cb="0" />
      <line nr="369" mi="1" ci="0" mb="0" cb="0" />
      <line nr="372" mi="1" ci="0" mb="0" cb="0" />
      <line nr="373" mi="1" ci="0" mb="0" cb="0" />
      <line nr="374" mi="1" ci="0" mb="0" cb="0" />
      <line nr="376" mi="1" ci="0" mb="0" cb="0" />
      <line nr="377" mi="1" ci="0" mb="0" cb="0" />
      <line nr="379" mi="1" ci="0" mb="0" cb="0" />
      <line nr="380" mi="1" ci="0" mb="0" cb="0" />
      <line nr="381" mi="1" ci="0" mb="0" cb="0" />
      <line nr="382" mi="1" ci="0" mb="0" cb="0" />
      <line nr="383" mi="3" ci="0" mb="0" cb="0" />
      <line nr="386" mi="1" ci="0" mb="0" cb="0" />
      <line nr="387" mi="1" ci="0" mb="0" cb="0" />
      <line nr="394" mi="2" ci="0" mb="0" cb="0" />
      <line nr="398" mi="1" ci="0" mb="0" cb="0" />
      <line nr="401" mi="1" ci="0" mb="0" cb="0" />
      <line nr="402" mi="2" ci="0" mb="0" cb="0" />
      <line nr="403" mi="1" ci="0" mb="0" cb="0" />
      <line nr="404" mi="1" ci="0" mb="0" cb="0" />
      <line nr="408" mi="3" ci="0" mb="0" cb="0" />
      <line nr="409" mi="2" ci="0" mb="0" cb="0" />
      <line nr="412" mi="1" ci="0" mb="0" cb="0" />
      <line nr="413" mi="1" ci="0" mb="0" cb="0" />
      <line nr="414" mi="1" ci="0" mb="0" cb="0" />
      <line nr="415" mi="1" ci="0" mb="0" cb="0" />
      <line nr="416" mi="1" ci="0" mb="0" cb="0" />
      <line nr="420" mi="1" ci="0" mb="0" cb="0" />
      <line nr="421" mi="1" ci="0" mb="0" cb="0" />
      <line nr="422" mi="1" ci="0" mb="0" cb="0" />
      <line nr="423" mi="1" ci="0" mb="0" cb="0" />
      <line nr="424" mi="1" ci="0" mb="0" cb="0" />
      <line nr="429" mi="1" ci="0" mb="0" cb="0" />
      <line nr="430" mi="1" ci="0" mb="0" cb="0" />
      <line nr="431" mi="1" ci="0" mb="0" cb="0" />
      <line nr="432" mi="1" ci="0" mb="0" cb="0" />
      <line nr="435" mi="1" ci="0" mb="0" cb="0" />
      <line nr="436" mi="1" ci="0" mb="0" cb="0" />
      <line nr="437" mi="1" ci="0" mb="0" cb="0" />
      <line nr="438" mi="1" ci="0" mb="0" cb="0" />
      <line nr="442" mi="1" ci="0" mb="0" cb="0" />
      <line nr="443" mi="2" ci="0" mb="0" cb="0" />
      <line nr="444" mi="1" ci="0" mb="0" cb="0" />
      <line nr="445" mi="1" ci="0" mb="0" cb="0" />
      <line nr="449" mi="1" ci="0" mb="0" cb="0" />
      <line nr="450" mi="2" ci="0" mb="0" cb="0" />
      <line nr="451" mi="1" ci="0" mb="0" cb="0" />
      <line nr="452" mi="1" ci="0" mb="0" cb="0" />
      <line nr="454" mi="1" ci="0" mb="0" cb="0" />
      <line nr="455" mi="2" ci="0" mb="0" cb="0" />
      <line nr="457" mi="1" ci="0" mb="0" cb="0" />
      <line nr="458" mi="1" ci="0" mb="0" cb="0" />
      <line nr="461" mi="2" ci="0" mb="0" cb="0" />
      <line nr="462" mi="1" ci="0" mb="0" cb="0" />
      <line nr="467" mi="2" ci="0" mb="0" cb="0" />
      <line nr="472" mi="1" ci="0" mb="0" cb="0" />
      <line nr="474" mi="1" ci="0" mb="0" cb="0" />
      <line nr="475" mi="1" ci="0" mb="0" cb="0" />
      <line nr="476" mi="1" ci="0" mb="0" cb="0" />
      <line nr="477" mi="1" ci="0" mb="0" cb="0" />
      <line nr="480" mi="1" ci="0" mb="0" cb="0" />
      <line nr="484" mi="2" ci="0" mb="0" cb="0" />
      <line nr="485" mi="1" ci="0" mb="0" cb="0" />
      <line nr="491" mi="1" ci="0" mb="0" cb="0" />
      <line nr="492" mi="1" ci="0" mb="0" cb="0" />
      <line nr="494" mi="1" ci="0" mb="0" cb="0" />
      <line nr="495" mi="2" ci="0" mb="0" cb="0" />
      <line nr="496" mi="1" ci="0" mb="0" cb="0" />
      <line nr="497" mi="1" ci="0" mb="0" cb="0" />
      <line nr="502" mi="1" ci="0" mb="0" cb="0" />
      <line nr="503" mi="2" ci="0" mb="0" cb="0" />
      <line nr="506" mi="1" ci="0" mb="0" cb="0" />
      <line nr="507" mi="1" ci="0" mb="0" cb="0" />
      <line nr="509" mi="1" ci="0" mb="0" cb="0" />
      <line nr="511" mi="1" ci="0" mb="0" cb="0" />
      <line nr="512" mi="1" ci="0" mb="0" cb="0" />
      <line nr="513" mi="2" ci="0" mb="0" cb="0" />
      <line nr="516" mi="2" ci="0" mb="0" cb="0" />
      <line nr="519" mi="1" ci="0" mb="0" cb="0" />
      <line nr="520" mi="1" ci="0" mb="0" cb="0" />
      <line nr="522" mi="1" ci="0" mb="0" cb="0" />
      <line nr="523" mi="4" ci="0" mb="0" cb="0" />
      <line nr="524" mi="2" ci="0" mb="0" cb="0" />
      <line nr="527" mi="1" ci="0" mb="0" cb="0" />
      <line nr="528" mi="1" ci="0" mb="0" cb="0" />
      <line nr="532" mi="1" ci="0" mb="0" cb="0" />
      <line nr="542" mi="1" ci="0" mb="0" cb="0" />
      <line nr="545" mi="1" ci="0" mb="0" cb="0" />
      <line nr="546" mi="1" ci="0" mb="0" cb="0" />
      <line nr="547" mi="1" ci="0" mb="0" cb="0" />
      <line nr="552" mi="1" ci="0" mb="0" cb="0" />
      <line nr="553" mi="1" ci="0" mb="0" cb="0" />
      <line nr="554" mi="1" ci="0" mb="0" cb="0" />
      <line nr="555" mi="1" ci="0" mb="0" cb="0" />
      <line nr="558" mi="1" ci="0" mb="0" cb="0" />
      <line nr="560" mi="1" ci="0" mb="0" cb="0" />
      <line nr="561" mi="1" ci="0" mb="0" cb="0" />
      <line nr="566" mi="1" ci="0" mb="0" cb="0" />
      <line nr="568" mi="1" ci="0" mb="0" cb="0" />
      <line nr="569" mi="1" ci="0" mb="0" cb="0" />
      <line nr="575" mi="1" ci="0" mb="0" cb="0" />
      <line nr="576" mi="1" ci="0" mb="0" cb="0" />
      <line nr="578" mi="1" ci="0" mb="0" cb="0" />
      <line nr="579" mi="1" ci="0" mb="0" cb="0" />
      <line nr="582" mi="1" ci="0" mb="0" cb="0" />
      <line nr="584" mi="1" ci="0" mb="0" cb="0" />
      <line nr="585" mi="1" ci="0" mb="0" cb="0" />
      <line nr="586" mi="1" ci="0" mb="0" cb="0" />
      <line nr="589" mi="1" ci="0" mb="0" cb="0" />
      <line nr="590" mi="1" ci="0" mb="0" cb="0" />
      <line nr="593" mi="2" ci="0" mb="0" cb="0" />
      <line nr="598" mi="2" ci="0" mb="0" cb="0" />
      <line nr="599" mi="1" ci="0" mb="0" cb="0" />
      <line nr="600" mi="1" ci="0" mb="0" cb="0" />
      <line nr="611" mi="1" ci="0" mb="0" cb="0" />
      <line nr="613" mi="1" ci="0" mb="0" cb="0" />
      <line nr="614" mi="1" ci="0" mb="0" cb="0" />
      <line nr="618" mi="1" ci="0" mb="0" cb="0" />
      <line nr="619" mi="1" ci="0" mb="0" cb="0" />
      <line nr="620" mi="1" ci="0" mb="0" cb="0" />
      <line nr="624" mi="1" ci="0" mb="0" cb="0" />
      <line nr="625" mi="1" ci="0" mb="0" cb="0" />
      <line nr="626" mi="1" ci="0" mb="0" cb="0" />
      <line nr="629" mi="1" ci="0" mb="0" cb="0" />
      <line nr="631" mi="1" ci="0" mb="0" cb="0" />
      <line nr="632" mi="1" ci="0" mb="0" cb="0" />
      <line nr="633" mi="1" ci="0" mb="0" cb="0" />
      <line nr="635" mi="1" ci="0" mb="0" cb="0" />
      <line nr="636" mi="2" ci="0" mb="0" cb="0" />
      <line nr="638" mi="1" ci="0" mb="0" cb="0" />
      <line nr="639" mi="1" ci="0" mb="0" cb="0" />
      <line nr="641" mi="1" ci="0" mb="0" cb="0" />
      <line nr="644" mi="2" ci="0" mb="0" cb="0" />
      <line nr="645" mi="1" ci="0" mb="0" cb="0" />
      <line nr="646" mi="1" ci="0" mb="0" cb="0" />
      <line nr="655" mi="0" ci="1" mb="0" cb="0" />
      <line nr="656" mi="0" ci="1" mb="0" cb="0" />
      <line nr="658" mi="0" ci="1" mb="0" cb="0" />
      <line nr="660" mi="0" ci="1" mb="0" cb="0" />
      <line nr="661" mi="0" ci="1" mb="0" cb="0" />
      <line nr="662" mi="1" ci="0" mb="0" cb="0" />
      <line nr="666" mi="2" ci="0" mb="0" cb="0" />
      <line nr="667" mi="1" ci="0" mb="0" cb="0" />
      <line nr="679" mi="1" ci="0" mb="0" cb="0" />
      <line nr="680" mi="1" ci="0" mb="0" cb="0" />
      <line nr="681" mi="1" ci="0" mb="0" cb="0" />
      <line nr="685" mi="1" ci="0" mb="0" cb="0" />
      <line nr="687" mi="1" ci="0" mb="0" cb="0" />
      <line nr="688" mi="1" ci="0" mb="0" cb="0" />
      <line nr="692" mi="1" ci="0" mb="0" cb="0" />
      <line nr="693" mi="1" ci="0" mb="0" cb="0" />
      <line nr="694" mi="2" ci="0" mb="0" cb="0" />
      <line nr="695" mi="1" ci="0" mb="0" cb="0" />
      <line nr="698" mi="2" ci="0" mb="0" cb="0" />
      <line nr="699" mi="1" ci="0" mb="0" cb="0" />
      <line nr="700" mi="1" ci="0" mb="0" cb="0" />
      <line nr="744" mi="0" ci="1" mb="0" cb="0" />
      <line nr="745" mi="0" ci="1" mb="0" cb="0" />
      <line nr="746" mi="1" ci="0" mb="0" cb="0" />
      <line nr="749" mi="1" ci="0" mb="0" cb="0" />
      <line nr="750" mi="1" ci="0" mb="0" cb="0" />
      <line nr="751" mi="1" ci="0" mb="0" cb="0" />
      <line nr="755" mi="1" ci="0" mb="0" cb="0" />
      <line nr="757" mi="1" ci="0" mb="0" cb="0" />
      <line nr="758" mi="1" ci="0" mb="0" cb="0" />
      <line nr="761" mi="1" ci="0" mb="0" cb="0" />
      <line nr="764" mi="1" ci="0" mb="0" cb="0" />
      <line nr="766" mi="1" ci="0" mb="0" cb="0" />
      <line nr="768" mi="1" ci="0" mb="0" cb="0" />
      <line nr="770" mi="1" ci="0" mb="0" cb="0" />
      <line nr="771" mi="1" ci="0" mb="0" cb="0" />
      <line nr="772" mi="1" ci="0" mb="0" cb="0" />
      <line nr="776" mi="1" ci="0" mb="0" cb="0" />
      <line nr="778" mi="1" ci="0" mb="0" cb="0" />
      <line nr="779" mi="1" ci="0" mb="0" cb="0" />
      <line nr="780" mi="1" ci="0" mb="0" cb="0" />
      <line nr="783" mi="1" ci="0" mb="0" cb="0" />
      <line nr="784" mi="1" ci="0" mb="0" cb="0" />
      <line nr="788" mi="1" ci="0" mb="0" cb="0" />
      <line nr="789" mi="1" ci="0" mb="0" cb="0" />
      <line nr="824" mi="1" ci="0" mb="0" cb="0" />
      <line nr="825" mi="1" ci="0" mb="0" cb="0" />
      <line nr="826" mi="1" ci="0" mb="0" cb="0" />
      <line nr="827" mi="1" ci="0" mb="0" cb="0" />
      <line nr="830" mi="1" ci="0" mb="0" cb="0" />
      <line nr="831" mi="1" ci="0" mb="0" cb="0" />
      <line nr="832" mi="1" ci="0" mb="0" cb="0" />
      <line nr="835" mi="1" ci="0" mb="0" cb="0" />
      <line nr="836" mi="1" ci="0" mb="0" cb="0" />
      <line nr="837" mi="1" ci="0" mb="0" cb="0" />
      <line nr="842" mi="1" ci="0" mb="0" cb="0" />
      <line nr="843" mi="1" ci="0" mb="0" cb="0" />
      <line nr="846" mi="2" ci="0" mb="0" cb="0" />
      <line nr="848" mi="1" ci="0" mb="0" cb="0" />
      <line nr="850" mi="1" ci="0" mb="0" cb="0" />
      <line nr="851" mi="2" ci="0" mb="0" cb="0" />
      <line nr="852" mi="1" ci="0" mb="0" cb="0" />
      <line nr="855" mi="1" ci="0" mb="0" cb="0" />
      <line nr="859" mi="1" ci="0" mb="0" cb="0" />
      <line nr="861" mi="1" ci="0" mb="0" cb="0" />
      <line nr="862" mi="1" ci="0" mb="0" cb="0" />
      <line nr="863" mi="1" ci="0" mb="0" cb="0" />
      <line nr="864" mi="1" ci="0" mb="0" cb="0" />
      <line nr="865" mi="1" ci="0" mb="0" cb="0" />
      <line nr="866" mi="1" ci="0" mb="0" cb="0" />
      <line nr="867" mi="1" ci="0" mb="0" cb="0" />
      <line nr="868" mi="2" ci="0" mb="0" cb="0" />
      <line nr="869" mi="1" ci="0" mb="0" cb="0" />
      <line nr="872" mi="1" ci="0" mb="0" cb="0" />
      <line nr="875" mi="1" ci="0" mb="0" cb="0" />
      <line nr="879" mi="0" ci="1" mb="0" cb="0" />
      <line nr="880" mi="0" ci="1" mb="0" cb="0" />
      <counter type="INSTRUCTION" missed="329" covered="15" />
      <counter type="LINE" missed="288" covered="15" />
      <counter type="METHOD" missed="6" covered="3" />
      <counter type="CLASS" missed="1" covered="0" />
    </sourcefile>
    <counter type="INSTRUCTION" missed="329" covered="15" />
    <counter type="LINE" missed="288" covered="15" />
    <counter type="METHOD" missed="6" covered="3" />
    <counter type="CLASS" missed="1" covered="0" />
  </package>
  <package name="Modules/FFU.Apps">
    <class name="Modules/FFU.Apps/FFU.Apps" sourcefilename="FFU.Apps/FFU.Apps.psm1">
      <method name="&lt;script&gt;" desc="()" line="19">
        <counter type="INSTRUCTION" missed="0" covered="4" />
        <counter type="LINE" missed="0" covered="4" />
        <counter type="METHOD" missed="0" covered="1" />
      </method>
      <method name="Get-ODTURL" desc="()" line="52">
        <counter type="INSTRUCTION" missed="13" covered="0" />
        <counter type="LINE" missed="12" covered="0" />
        <counter type="METHOD" missed="1" covered="0" />
      </method>
      <method name="Get-Office" desc="()" line="145">
        <counter type="INSTRUCTION" missed="49" covered="0" />
        <counter type="LINE" missed="41" covered="0" />
        <counter type="METHOD" missed="1" covered="0" />
      </method>
      <method name="New-AppsISO" desc="()" line="251">
        <counter type="INSTRUCTION" missed="9" covered="0" />
        <counter type="LINE" missed="7" covered="0" />
        <counter type="METHOD" missed="1" covered="0" />
      </method>
      <method name="Remove-Apps" desc="()" line="269">
        <counter type="INSTRUCTION" missed="23" covered="0" />
        <counter type="LINE" missed="23" covered="0" />
        <counter type="METHOD" missed="1" covered="0" />
      </method>
      <method name="Remove-DisabledArtifacts" desc="()" line="322">
        <counter type="INSTRUCTION" missed="62" covered="0" />
        <counter type="LINE" missed="57" covered="0" />
        <counter type="METHOD" missed="1" covered="0" />
      </method>
      <counter type="INSTRUCTION" missed="156" covered="4" />
      <counter type="LINE" missed="140" covered="4" />
      <counter type="METHOD" missed="5" covered="1" />
      <counter type="CLASS" missed="0" covered="1" />
    </class>
    <sourcefile name="FFU.Apps/FFU.Apps.psm1">
      <line nr="19" mi="0" ci="1" mb="0" cb="0" />
      <line nr="20" mi="0" ci="1" mb="0" cb="0" />
      <line nr="52" mi="1" ci="0" mb="0" cb="0" />
      <line nr="55" mi="1" ci="0" mb="0" cb="0" />
      <line nr="57" mi="2" ci="0" mb="0" cb="0" />
      <line nr="58" mi="1" ci="0" mb="0" cb="0" />
      <line nr="60" mi="1" ci="0" mb="0" cb="0" />
      <line nr="61" mi="1" ci="0" mb="0" cb="0" />
      <line nr="64" mi="1" ci="0" mb="0" cb="0" />
      <line nr="65" mi="1" ci="0" mb="0" cb="0" />
      <line nr="69" mi="1" ci="0" mb="0" cb="0" />
      <line nr="70" mi="1" ci="0" mb="0" cb="0" />
      <line nr="74" mi="1" ci="0" mb="0" cb="0" />
      <line nr="75" mi="1" ci="0" mb="0" cb="0" />
      <line nr="145" mi="1" ci="0" mb="0" cb="0" />
      <line nr="146" mi="1" ci="0" mb="0" cb="0" />
      <line nr="147" mi="1" ci="0" mb="0" cb="0" />
      <line nr="151" mi="2" ci="0" mb="0" cb="0" />
      <line nr="152" mi="1" ci="0" mb="0" cb="0" />
      <line nr="153" mi="2" ci="0" mb="0" cb="0" />
      <line nr="157" mi="1" ci="0" mb="0" cb="0" />
      <line nr="158" mi="1" ci="0" mb="0" cb="0" />
      <line nr="159" mi="1" ci="0" mb="0" cb="0" />
      <line nr="162" mi="1" ci="0" mb="0" cb="0" />
      <line nr="163" mi="1" ci="0" mb="0" cb="0" />
      <line nr="164" mi="1" ci="0" mb="0" cb="0" />
      <line nr="165" mi="1" ci="0" mb="0" cb="0" />
      <line nr="168" mi="2" ci="0" mb="0" cb="0" />
      <line nr="169" mi="1" ci="0" mb="0" cb="0" />
      <line nr="171" mi="1" ci="0" mb="0" cb="0" />
      <line nr="172" mi="1" ci="0" mb="0" cb="0" />
      <line nr="173" mi="1" ci="0" mb="0" cb="0" />
      <line nr="175" mi="2" ci="0" mb="0" cb="0" />
      <line nr="178" mi="2" ci="0" mb="0" cb="0" />
      <line nr="182" mi="1" ci="0" mb="0" cb="0" />
      <line nr="183" mi="2" ci="0" mb="0" cb="0" />
      <line nr="186" mi="2" ci="0" mb="0" cb="0" />
      <line nr="187" mi="1" ci="0" mb="0" cb="0" />
      <line nr="188" mi="1" ci="0" mb="0" cb="0" />
      <line nr="189" mi="1" ci="0" mb="0" cb="0" />
      <line nr="190" mi="1" ci="0" mb="0" cb="0" />
      <line nr="191" mi="1" ci="0" mb="0" cb="0" />
      <line nr="192" mi="2" ci="0" mb="0" cb="0" />
      <line nr="193" mi="1" ci="0" mb="0" cb="0" />
      <line nr="195" mi="1" ci="0" mb="0" cb="0" />
      <line nr="197" mi="1" ci="0" mb="0" cb="0" />
      <line nr="200" mi="1" ci="0" mb="0" cb="0" />
      <line nr="201" mi="1" ci="0" mb="0" cb="0" />
      <line nr="204" mi="1" ci="0" mb="0" cb="0" />
      <line nr="205" mi="1" ci="0" mb="0" cb="0" />
      <line nr="206" mi="1" ci="0" mb="0" cb="0" />
      <line nr="209" mi="1" ci="0" mb="0" cb="0" />
      <line nr="210" mi="1" ci="0" mb="0" cb="0" />
      <line nr="211" mi="1" ci="0" mb="0" cb="0" />
      <line nr="213" mi="1" ci="0" mb="0" cb="0" />
      <line nr="251" mi="1" ci="0" mb="0" cb="0" />
      <line nr="253" mi="2" ci="0" mb="0" cb="0" />
      <line nr="254" mi="1" ci="0" mb="0" cb="0" />
      <line nr="258" mi="1" ci="0" mb="0" cb="0" />
      <line nr="260" mi="1" ci="0" mb="0" cb="0" />
      <line nr="261" mi="1" ci="0" mb="0" cb="0" />
      <line nr="263" mi="2" ci="0" mb="0" cb="0" />
      <line nr="269" mi="1" ci="0" mb="0" cb="0" />
      <line nr="270" mi="1" ci="0" mb="0" cb="0" />
      <line nr="271" mi="1" ci="0" mb="0" cb="0" />
      <line nr="272" mi="1" ci="0" mb="0" cb="0" />
      <line nr="275" mi="1" ci="0" mb="0" cb="0" />
      <line nr="276" mi="1" ci="0" mb="0" cb="0" />
      <line nr="277" mi="1" ci="0" mb="0" cb="0" />
      <line nr="279" mi="1" ci="0" mb="0" cb="0" />
      <line nr="280" mi="1" ci="0" mb="0" cb="0" />
      <line nr="281" mi="1" ci="0" mb="0" cb="0" />
      <line nr="285" mi="1" ci="0" mb="0" cb="0" />
      <line nr="286" mi="1" ci="0" mb="0" cb="0" />
      <line nr="287" mi="1" ci="0" mb="0" cb="0" />
      <line nr="288" mi="1" ci="0" mb="0" cb="0" />
      <line nr="289" mi="1" ci="0" mb="0" cb="0" />
      <line nr="290" mi="1" ci="0" mb="0" cb="0" />
      <line nr="292" mi="1" ci="0" mb="0" cb="0" />
      <line nr="293" mi="1" ci="0" mb="0" cb="0" />
      <line nr="294" mi="1" ci="0" mb="0" cb="0" />
      <line nr="298" mi="1" ci="0" mb="0" cb="0" />
      <line nr="299" mi="1" ci="0" mb="0" cb="0" />
      <line nr="300" mi="1" ci="0" mb="0" cb="0" />
      <line nr="301" mi="1" ci="0" mb="0" cb="0" />
      <line nr="322" mi="1" ci="0" mb="0" cb="0" />
      <line nr="323" mi="1" ci="0" mb="0" cb="0" />
      <line nr="324" mi="1" ci="0" mb="0" cb="0" />
      <line nr="325" mi="1" ci="0" mb="0" cb="0" />
      <line nr="326" mi="1" ci="0" mb="0" cb="0" />
      <line nr="327" mi="1" ci="0" mb="0" cb="0" />
      <line nr="329" mi="1" ci="0" mb="0" cb="0" />
      <line nr="330" mi="1" ci="0" mb="0" cb="0" />
      <line nr="331" mi="1" ci="0" mb="0" cb="0" />
      <line nr="332" mi="1" ci="0" mb="0" cb="0" />
      <line nr="333" mi="1" ci="0" mb="0" cb="0" />
      <line nr="334" mi="1" ci="0" mb="0" cb="0" />
      <line nr="336" mi="2" ci="0" mb="0" cb="0" />
      <line nr="341" mi="1" ci="0" mb="0" cb="0" />
      <line nr="342" mi="1" ci="0" mb="0" cb="0" />
      <line nr="343" mi="1" ci="0" mb="0" cb="0" />
      <line nr="344" mi="1" ci="0" mb="0" cb="0" />
      <line nr="345" mi="1" ci="0" mb="0" cb="0" />
      <line nr="346" mi="1" ci="0" mb="0" cb="0" />
      <line nr="348" mi="1" ci="0" mb="0" cb="0" />
      <line nr="349" mi="1" ci="0" mb="0" cb="0" />
      <line nr="350" mi="1" ci="0" mb="0" cb="0" />
      <line nr="351" mi="1" ci="0" mb="0" cb="0" />
      <line nr="353" mi="2" ci="0" mb="0" cb="0" />
      <line nr="357" mi="1" ci="0" mb="0" cb="0" />
      <line nr="358" mi="1" ci="0" mb="0" cb="0" />
      <line nr="359" mi="1" ci="0" mb="0" cb="0" />
      <line nr="360" mi="1" ci="0" mb="0" cb="0" />
      <line nr="361" mi="1" ci="0" mb="0" cb="0" />
      <line nr="362" mi="1" ci="0" mb="0" cb="0" />
      <line nr="364" mi="1" ci="0" mb="0" cb="0" />
      <line nr="365" mi="1" ci="0" mb="0" cb="0" />
      <line nr="366" mi="1" ci="0" mb="0" cb="0" />
      <line nr="367" mi="1" ci="0" mb="0" cb="0" />
      <line nr="369" mi="2" ci="0" mb="0" cb="0" />
      <line nr="373" mi="1" ci="0" mb="0" cb="0" />
      <line nr="374" mi="1" ci="0" mb="0" cb="0" />
      <line nr="375" mi="1" ci="0" mb="0" cb="0" />
      <line nr="376" mi="1" ci="0" mb="0" cb="0" />
      <line nr="377" mi="1" ci="0" mb="0" cb="0" />
      <line nr="378" mi="1" ci="0" mb="0" cb="0" />
      <line nr="380" mi="1" ci="0" mb="0" cb="0" />
      <line nr="381" mi="1" ci="0" mb="0" cb="0" />
      <line nr="382" mi="1" ci="0" mb="0" cb="0" />
      <line nr="383" mi="1" ci="0" mb="0" cb="0" />
      <line nr="385" mi="2" ci="0" mb="0" cb="0" />
      <line nr="389" mi="1" ci="0" mb="0" cb="0" />
      <line nr="390" mi="1" ci="0" mb="0" cb="0" />
      <line nr="391" mi="1" ci="0" mb="0" cb="0" />
      <line nr="392" mi="1" ci="0" mb="0" cb="0" />
      <line nr="393" mi="1" ci="0" mb="0" cb="0" />
      <line nr="394" mi="1" ci="0" mb="0" cb="0" />
      <line nr="396" mi="1" ci="0" mb="0" cb="0" />
      <line nr="397" mi="1" ci="0" mb="0" cb="0" />
      <line nr="398" mi="1" ci="0" mb="0" cb="0" />
      <line nr="399" mi="1" ci="0" mb="0" cb="0" />
      <line nr="401" mi="2" ci="0" mb="0" cb="0" />
      <line nr="406" mi="0" ci="1" mb="0" cb="0" />
      <line nr="407" mi="0" ci="1" mb="0" cb="0" />
      <counter type="INSTRUCTION" missed="156" covered="4" />
      <counter type="LINE" missed="140" covered="4" />
      <counter type="METHOD" missed="5" covered="1" />
      <counter type="CLASS" missed="0" covered="1" />
    </sourcefile>
    <counter type="INSTRUCTION" missed="156" covered="4" />
    <counter type="LINE" missed="140" covered="4" />
    <counter type="METHOD" missed="5" covered="1" />
    <counter type="CLASS" missed="0" covered="1" />
  </package>
  <package name="Modules/FFU.Core">
    <class name="Modules/FFU.Core/FFU.Core" sourcefilename="FFU.Core/FFU.Core.psm1">
      <method name="Get-Parameters" desc="()" line="27">
        <counter type="INSTRUCTION" missed="5" covered="0" />
        <counter type="LINE" missed="3" covered="0" />
        <counter type="METHOD" missed="1" covered="0" />
      </method>
      <method name="Write-VariableValues" desc="()" line="64">
        <counter type="INSTRUCTION" missed="14" covered="0" />
        <counter type="LINE" missed="12" covered="0" />
        <counter type="METHOD" missed="1" covered="0" />
      </method>
      <method name="Get-ChildProcesses" desc="()" line="115">
        <counter type="INSTRUCTION" missed="6" covered="0" />
        <counter type="LINE" missed="6" covered="0" />
        <counter type="METHOD" missed="1" covered="0" />
      </method>
      <method name="Test-Url" desc="()" line="133">
        <counter type="INSTRUCTION" missed="0" covered="5" />
        <counter type="LINE" missed="0" covered="5" />
        <counter type="METHOD" missed="0" covered="1" />
      </method>
      <method name="Get-PrivateProfileString" desc="()" line="154">
        <counter type="INSTRUCTION" missed="3" covered="0" />
        <counter type="LINE" missed="3" covered="0" />
        <counter type="METHOD" missed="1" covered="0" />
      </method>
      <method name="Get-PrivateProfileSection" desc="()" line="169">
        <counter type="INSTRUCTION" missed="9" covered="0" />
        <counter type="LINE" missed="9" covered="0" />
        <counter type="METHOD" missed="1" covered="0" />
      </method>
      <method name="Get-ShortenedWindowsSKU" desc="()" line="220">
        <counter type="INSTRUCTION" missed="10" covered="38" />
        <counter type="LINE" missed="10" covered="38" />
        <counter type="METHOD" missed="0" covered="1" />
      </method>
      <method name="New-FFUFileName" desc="()" line="343">
        <counter type="INSTRUCTION" missed="24" covered="0" />
        <counter type="LINE" missed="17" covered="0" />
        <counter type="METHOD" missed="1" covered="0" />
      </method>
      <method name="Export-ConfigFile" desc="()" line="406">
        <counter type="INSTRUCTION" missed="12" covered="0" />
        <counter type="LINE" missed="8" covered="0" />
        <counter type="METHOD" missed="1" covered="0" />
      </method>
      <method name="New-RunSession" desc="()" line="468">
        <counter type="INSTRUCTION" missed="59" covered="0" />
        <counter type="LINE" missed="37" covered="0" />
        <counter type="METHOD" missed="1" covered="0" />
      </method>
      <method name="Get-CurrentRunManifest" desc="()" line="526">
        <counter type="INSTRUCTION" missed="5" covered="0" />
        <counter type="LINE" missed="3" covered="0" />
        <counter type="METHOD" missed="1" covered="0" />
      </method>
      <method name="Save-RunManifest" desc="()" line="533">
        <counter type="INSTRUCTION" missed="5" covered="0" />
        <counter type="LINE" missed="3" covered="0" />
        <counter type="METHOD" missed="1" covered="0" />
      </method>
      <method name="Set-DownloadInProgress" desc="()" line="574">
        <counter type="INSTRUCTION" missed="0" covered="18" />
        <counter type="LINE" missed="0" covered="7" />
        <counter type="METHOD" missed="0" covered="1" />
      </method>
      <method name="Clear-DownloadInProgress" desc="()" line="585">
        <counter type="INSTRUCTION" missed="11" covered="0" />
        <counter type="LINE" missed="6" covered="0" />
        <counter type="METHOD" missed="1" covered="0" />
      </method>
      <method name="Remove-InProgressItems" desc="()" line="632">
        <counter type="INSTRUCTION" missed="104" covered="0" />
        <counter type="LINE" missed="72" covered="0" />
        <counter type="METHOD" missed="1" covered="0" />
      </method>
      <method name="Remove-PathWithRetry" desc="()" line="640">
        <counter type="INSTRUCTION" missed="13" covered="0" />
        <counter type="LINE" missed="8" covered="0" />
        <counter type="METHOD" missed="1" covered="0" />
      </method>
      <method name="Clear-CurrentRunDownloads" desc="()" line="879">
        <counter type="INSTRUCTION" missed="174" covered="0" />
        <counter type="LINE" missed="101" covered="0" />
        <counter type="METHOD" missed="1" covered="0" />
      </method>
      <method name="Restore-RunJsonBackups" desc="()" line="1102">
        <counter type="INSTRUCTION" missed="29" covered="0" />
        <counter type="LINE" missed="21" covered="0" />
        <counter type="METHOD" missed="1" covered="0" />
      </method>
      <method name="Invoke-WithErrorHandling" desc="()" line="1207">
        <counter type="INSTRUCTION" missed="34" covered="0" />
        <counter type="LINE" missed="30" covered="0" />
        <counter type="METHOD" missed="1" covered="0" />
      </method>
      <method name="Test-ExternalCommandSuccess" desc="()" line="1315">
        <counter type="INSTRUCTION" missed="22" covered="0" />
        <counter type="LINE" missed="19" covered="0" />
        <counter type="METHOD" missed="1" covered="0" />
      </method>
      <method name="Invoke-WithCleanup" desc="()" line="1396">
        <counter type="INSTRUCTION" missed="11" covered="0" />
        <counter type="LINE" missed="9" covered="0" />
        <counter type="METHOD" missed="1" covered="0" />
      </method>
      <method name="Invoke-WimMountWithErrorHandling" desc="()" line="1499">
        <counter type="INSTRUCTION" missed="2" covered="29" />
        <counter type="LINE" missed="1" covered="25" />
        <counter type="METHOD" missed="0" covered="1" />
      </method>
      <method name="New-SecureRandomPassword" desc="()" line="1643">
        <counter type="INSTRUCTION" missed="0" covered="21" />
        <counter type="LINE" missed="0" covered="19" />
        <counter type="METHOD" missed="0" covered="1" />
      </method>
      <method name="ConvertFrom-SecureStringToPlainText" desc="()" line="1724">
        <counter type="INSTRUCTION" missed="0" covered="3" />
        <counter type="LINE" missed="0" covered="3" />
        <counter type="METHOD" missed="0" covered="1" />
      </method>
      <method name="Clear-PlainTextPassword" desc="()" line="1767">
        <counter type="INSTRUCTION" missed="0" covered="2" />
        <counter type="LINE" missed="0" covered="2" />
        <counter type="METHOD" missed="0" covered="1" />
      </method>
      <method name="Remove-SecureStringFromMemory" desc="()" line="1799">
        <counter type="INSTRUCTION" missed="0" covered="3" />
        <counter type="LINE" missed="0" covered="3" />
        <counter type="METHOD" missed="0" covered="1" />
      </method>
      <method name="Test-FFUConfiguration" desc="()" line="1885">
        <counter type="INSTRUCTION" missed="44" covered="82" />
        <counter type="LINE" missed="37" covered="74" />
        <counter type="METHOD" missed="0" covered="1" />
      </method>
      <method name="Add-ValidationError" desc="()" line="1909">
        <counter type="INSTRUCTION" missed="0" covered="1" />
        <counter type="LINE" missed="0" covered="1" />
        <counter type="METHOD" missed="0" covered="1" />
      </method>
      <method name="Add-ValidationWarning" desc="()" line="1915">
        <counter type="INSTRUCTION" missed="0" covered="1" />
        <counter type="LINE" missed="0" covered="1" />
        <counter type="METHOD" missed="0" covered="1" />
      </method>
      <method name="Get-FFUConfigurationSchema" desc="()" line="2166">
        <counter type="INSTRUCTION" missed="0" covered="3" />
        <counter type="LINE" missed="0" covered="2" />
        <counter type="METHOD" missed="0" covered="1" />
      </method>
      <method name="&lt;script&gt;" desc="()" line="2176">
        <counter type="INSTRUCTION" missed="0" covered="53" />
        <counter type="LINE" missed="0" covered="53" />
        <counter type="METHOD" missed="0" covered="1" />
      </method>
      <method name="Register-CleanupAction" desc="()" line="2225">
        <counter type="INSTRUCTION" missed="0" covered="12" />
        <counter type="LINE" missed="0" covered="12" />
        <counter type="METHOD" missed="0" covered="1" />
      </method>
      <method name="Unregister-CleanupAction" desc="()" line="2274">
        <counter type="INSTRUCTION" missed="0" covered="11" />
        <counter type="LINE" missed="0" covered="7" />
        <counter type="METHOD" missed="0" covered="1" />
      </method>
      <method name="Invoke-FailureCleanup" desc="()" line="2318">
        <counter type="INSTRUCTION" missed="1" covered="38" />
        <counter type="LINE" missed="1" covered="28" />
        <counter type="METHOD" missed="0" covered="1" />
      </method>
      <method name="Test-BuildCancellation" desc="()" line="2437">
        <counter type="INSTRUCTION" missed="1" covered="16" />
        <counter type="LINE" missed="1" covered="16" />
        <counter type="METHOD" missed="0" covered="1" />
      </method>
      <method name="Clear-CleanupRegistry" desc="()" line="2493">
        <counter type="INSTRUCTION" missed="0" covered="4" />
        <counter type="LINE" missed="0" covered="4" />
        <counter type="METHOD" missed="0" covered="1" />
      </method>
      <method name="Get-CleanupRegistry" desc="()" line="2510">
        <counter type="INSTRUCTION" missed="0" covered="2" />
        <counter type="LINE" missed="0" covered="1" />
        <counter type="METHOD" missed="0" covered="1" />
      </method>
      <method name="Register-VMCleanup" desc="()" line="2529">
        <counter type="INSTRUCTION" missed="7" covered="1" />
        <counter type="LINE" missed="7" covered="1" />
        <counter type="METHOD" missed="0" covered="1" />
      </method>
      <method name="Register-VHDXCleanup" desc="()" line="2554">
        <counter type="INSTRUCTION" missed="3" covered="1" />
        <counter type="LINE" missed="3" covered="1" />
        <counter type="METHOD" missed="0" covered="1" />
      </method>
      <method name="Register-DISMMountCleanup" desc="()" line="2573">
        <counter type="INSTRUCTION" missed="4" covered="1" />
        <counter type="LINE" missed="2" covered="1" />
        <counter type="METHOD" missed="0" covered="1" />
      </method>
      <method name="Register-ISOCleanup" desc="()" line="2596">
        <counter type="INSTRUCTION" missed="2" covered="1" />
        <counter type="LINE" missed="1" covered="1" />
        <counter type="METHOD" missed="0" covered="1" />
      </method>
      <method name="Register-TempFileCleanup" desc="()" line="2615">
        <counter type="INSTRUCTION" missed="2" covered="4" />
        <counter type="LINE" missed="2" covered="2" />
        <counter type="METHOD" missed="0" covered="1" />
      </method>
      <method name="Register-NetworkShareCleanup" desc="()" line="2635">
        <counter type="INSTRUCTION" missed="1" covered="1" />
        <counter type="LINE" missed="1" covered="1" />
        <counter type="METHOD" missed="0" covered="1" />
      </method>
      <method name="Register-UserAccountCleanup" desc="()" line="2651">
        <counter type="INSTRUCTION" missed="7" covered="1" />
        <counter type="LINE" missed="6" covered="1" />
        <counter type="METHOD" missed="0" covered="1" />
      </method>
      <method name="Register-SensitiveMediaCleanup" desc="()" line="2694">
        <counter type="INSTRUCTION" missed="11" covered="1" />
        <counter type="LINE" missed="11" covered="1" />
        <counter type="METHOD" missed="0" covered="1" />
      </method>
      <method name="Test-ScriptIntegrity" desc="()" line="2767">
        <counter type="INSTRUCTION" missed="44" covered="0" />
        <counter type="LINE" missed="33" covered="0" />
        <counter type="METHOD" missed="1" covered="0" />
      </method>
      <method name="New-OrchestrationHashManifest" desc="()" line="2878">
        <counter type="INSTRUCTION" missed="31" covered="0" />
        <counter type="LINE" missed="21" covered="0" />
        <counter type="METHOD" missed="1" covered="0" />
      </method>
      <method name="Update-OrchestrationHashManifest" desc="()" line="2962">
        <counter type="INSTRUCTION" missed="34" covered="0" />
        <counter type="LINE" missed="26" covered="0" />
        <counter type="METHOD" missed="1" covered="0" />
      </method>
      <counter type="INSTRUCTION" missed="744" covered="353" />
      <counter type="LINE" missed="530" covered="310" />
      <counter type="METHOD" missed="21" covered="27" />
      <counter type="CLASS" missed="1" covered="0" />
    </class>
    <sourcefile name="FFU.Core/FFU.Core.psm1">
      <line nr="27" mi="1" ci="0" mb="0" cb="0" />
      <line nr="30" mi="3" ci="0" mb="0" cb="0" />
      <line nr="31" mi="1" ci="0" mb="0" cb="0" />
      <line nr="64" mi="1" ci="0" mb="0" cb="0" />
      <line nr="65" mi="1" ci="0" mb="0" cb="0" />
      <line nr="92" mi="3" ci="0" mb="0" cb="0" />
      <line nr="93" mi="1" ci="0" mb="0" cb="0" />
      <line nr="94" mi="1" ci="0" mb="0" cb="0" />
      <line nr="95" mi="1" ci="0" mb="0" cb="0" />
      <line nr="96" mi="1" ci="0" mb="0" cb="0" />
      <line nr="97" mi="1" ci="0" mb="0" cb="0" />
      <line nr="98" mi="1" ci="0" mb="0" cb="0" />
      <line nr="99" mi="1" ci="0" mb="0" cb="0" />
      <line nr="102" mi="1" ci="0" mb="0" cb="0" />
      <line nr="105" mi="1" ci="0" mb="0" cb="0" />
      <line nr="115" mi="1" ci="0" mb="0" cb="0" />
      <line nr="116" mi="1" ci="0" mb="0" cb="0" />
      <line nr="117" mi="1" ci="0" mb="0" cb="0" />
      <line nr="118" mi="1" ci="0" mb="0" cb="0" />
      <line nr="119" mi="1" ci="0" mb="0" cb="0" />
      <line nr="121" mi="1" ci="0" mb="0" cb="0" />
      <line nr="133" mi="0" ci="1" mb="0" cb="0" />
      <line nr="134" mi="0" ci="1" mb="0" cb="0" />
      <line nr="135" mi="0" ci="1" mb="0" cb="0" />
      <line nr="136" mi="0" ci="1" mb="0" cb="0" />
      <line nr="139" mi="0" ci="1" mb="0" cb="0" />
      <line nr="154" mi="1" ci="0" mb="0" cb="0" />
      <line nr="155" mi="1" ci="0" mb="0" cb="0" />
      <line nr="157" mi="1" ci="0" mb="0" cb="0" />
      <line nr="169" mi="1" ci="0" mb="0" cb="0" />
      <line nr="170" mi="1" ci="0" mb="0" cb="0" />
      <line nr="171" mi="1" ci="0" mb="0" cb="0" />
      <line nr="172" mi="1" ci="0" mb="0" cb="0" />
      <line nr="174" mi="1" ci="0" mb="0" cb="0" />
      <line nr="175" mi="1" ci="0" mb="0" cb="0" />
      <line nr="176" mi="1" ci="0" mb="0" cb="0" />
      <line nr="177" mi="1" ci="0" mb="0" cb="0" />
      <line nr="181" mi="1" ci="0" mb="0" cb="0" />
      <line nr="220" mi="0" ci="1" mb="0" cb="0" />
      <line nr="222" mi="0" ci="1" mb="0" cb="0" />
      <line nr="223" mi="0" ci="1" mb="0" cb="0" />
      <line nr="224" mi="0" ci="1" mb="0" cb="0" />
      <line nr="225" mi="0" ci="1" mb="0" cb="0" />
      <line nr="226" mi="0" ci="1" mb="0" cb="0" />
      <line nr="227" mi="0" ci="1" mb="0" cb="0" />
      <line nr="228" mi="0" ci="1" mb="0" cb="0" />
      <line nr="229" mi="0" ci="1" mb="0" cb="0" />
      <line nr="230" mi="0" ci="1" mb="0" cb="0" />
      <line nr="231" mi="0" ci="1" mb="0" cb="0" />
      <line nr="232" mi="0" ci="1" mb="0" cb="0" />
      <line nr="233" mi="0" ci="1" mb="0" cb="0" />
      <line nr="234" mi="0" ci="1" mb="0" cb="0" />
      <line nr="235" mi="0" ci="1" mb="0" cb="0" />
      <line nr="236" mi="0" ci="1" mb="0" cb="0" />
      <line nr="237" mi="0" ci="1" mb="0" cb="0" />
      <line nr="238" mi="0" ci="1" mb="0" cb="0" />
      <line nr="239" mi="0" ci="1" mb="0" cb="0" />
      <line nr="240" mi="0" ci="1" mb="0" cb="0" />
      <line nr="241" mi="0" ci="1" mb="0" cb="0" />
      <line nr="242" mi="0" ci="1" mb="0" cb="0" />
      <line nr="243" mi="0" ci="1" mb="0" cb="0" />
      <line nr="244" mi="0" ci="1" mb="0" cb="0" />
      <line nr="245" mi="0" ci="1" mb="0" cb="0" />
      <line nr="246" mi="0" ci="1" mb="0" cb="0" />
      <line nr="247" mi="1" ci="0" mb="0" cb="0" />
      <line nr="248" mi="1" ci="0" mb="0" cb="0" />
      <line nr="249" mi="1" ci="0" mb="0" cb="0" />
      <line nr="250" mi="0" ci="1" mb="0" cb="0" />
      <line nr="251" mi="1" ci="0" mb="0" cb="0" />
      <line nr="252" mi="1" ci="0" mb="0" cb="0" />
      <line nr="253" mi="0" ci="1" mb="0" cb="0" />
      <line nr="254" mi="1" ci="0" mb="0" cb="0" />
      <line nr="255" mi="1" ci="0" mb="0" cb="0" />
      <line nr="256" mi="0" ci="1" mb="0" cb="0" />
      <line nr="257" mi="0" ci="1" mb="0" cb="0" />
      <line nr="258" mi="0" ci="1" mb="0" cb="0" />
      <line nr="259" mi="0" ci="1" mb="0" cb="0" />
      <line nr="260" mi="1" ci="0" mb="0" cb="0" />
      <line nr="261" mi="1" ci="0" mb="0" cb="0" />
      <line nr="268" mi="0" ci="1" mb="0" cb="0" />
      <line nr="269" mi="0" ci="1" mb="0" cb="0" />
      <line nr="270" mi="0" ci="1" mb="0" cb="0" />
      <line nr="273" mi="1" ci="0" mb="0" cb="0" />
      <line nr="275" mi="0" ci="1" mb="0" cb="0" />
      <line nr="276" mi="0" ci="1" mb="0" cb="0" />
      <line nr="280" mi="0" ci="1" mb="0" cb="0" />
      <line nr="343" mi="1" ci="0" mb="0" cb="0" />
      <line nr="344" mi="1" ci="0" mb="0" cb="0" />
      <line nr="347" mi="1" ci="0" mb="0" cb="0" />
      <line nr="349" mi="1" ci="0" mb="0" cb="0" />
      <line nr="351" mi="1" ci="0" mb="0" cb="0" />
      <line nr="353" mi="1" ci="0" mb="0" cb="0" />
      <line nr="355" mi="1" ci="0" mb="0" cb="0" />
      <line nr="357" mi="2" ci="0" mb="0" cb="0" />
      <line nr="359" mi="2" ci="0" mb="0" cb="0" />
      <line nr="361" mi="2" ci="0" mb="0" cb="0" />
      <line nr="363" mi="2" ci="0" mb="0" cb="0" />
      <line nr="365" mi="2" ci="0" mb="0" cb="0" />
      <line nr="367" mi="2" ci="0" mb="0" cb="0" />
      <line nr="369" mi="2" ci="0" mb="0" cb="0" />
      <line nr="370" mi="1" ci="0" mb="0" cb="0" />
      <line nr="371" mi="1" ci="0" mb="0" cb="0" />
      <line nr="373" mi="1" ci="0" mb="0" cb="0" />
      <line nr="406" mi="1" ci="0" mb="0" cb="0" />
      <line nr="409" mi="1" ci="0" mb="0" cb="0" />
      <line nr="410" mi="1" ci="0" mb="0" cb="0" />
      <line nr="411" mi="1" ci="0" mb="0" cb="0" />
      <line nr="415" mi="1" ci="0" mb="0" cb="0" />
      <line nr="416" mi="3" ci="0" mb="0" cb="0" />
      <line nr="417" mi="1" ci="0" mb="0" cb="0" />
      <line nr="421" mi="3" ci="0" mb="0" cb="0" />
      <line nr="468" mi="1" ci="0" mb="0" cb="0" />
      <line nr="469" mi="1" ci="0" mb="0" cb="0" />
      <line nr="470" mi="1" ci="0" mb="0" cb="0" />
      <line nr="471" mi="4" ci="0" mb="0" cb="0" />
      <line nr="472" mi="4" ci="0" mb="0" cb="0" />
      <line nr="473" mi="4" ci="0" mb="0" cb="0" />
      <line nr="475" mi="1" ci="0" mb="0" cb="0" />
      <line nr="476" mi="2" ci="0" mb="0" cb="0" />
      <line nr="477" mi="1" ci="0" mb="0" cb="0" />
      <line nr="478" mi="1" ci="0" mb="0" cb="0" />
      <line nr="481" mi="1" ci="0" mb="0" cb="0" />
      <line nr="482" mi="1" ci="0" mb="0" cb="0" />
      <line nr="483" mi="1" ci="0" mb="0" cb="0" />
      <line nr="484" mi="1" ci="0" mb="0" cb="0" />
      <line nr="485" mi="1" ci="0" mb="0" cb="0" />
      <line nr="486" mi="3" ci="0" mb="0" cb="0" />
      <line nr="487" mi="1" ci="0" mb="0" cb="0" />
      <line nr="490" mi="1" ci="0" mb="0" cb="0" />
      <line nr="491" mi="1" ci="0" mb="0" cb="0" />
      <line nr="492" mi="1" ci="0" mb="0" cb="0" />
      <line nr="493" mi="1" ci="0" mb="0" cb="0" />
      <line nr="494" mi="1" ci="0" mb="0" cb="0" />
      <line nr="495" mi="3" ci="0" mb="0" cb="0" />
      <line nr="496" mi="1" ci="0" mb="0" cb="0" />
      <line nr="500" mi="1" ci="0" mb="0" cb="0" />
      <line nr="501" mi="2" ci="0" mb="0" cb="0" />
      <line nr="502" mi="1" ci="0" mb="0" cb="0" />
      <line nr="503" mi="1" ci="0" mb="0" cb="0" />
      <line nr="504" mi="1" ci="0" mb="0" cb="0" />
      <line nr="506" mi="1" ci="0" mb="0" cb="0" />
      <line nr="507" mi="3" ci="0" mb="0" cb="0" />
      <line nr="508" mi="1" ci="0" mb="0" cb="0" />
      <line nr="510" mi="3" ci="0" mb="0" cb="0" />
      <line nr="515" mi="1" ci="0" mb="0" cb="0" />
      <line nr="516" mi="3" ci="0" mb="0" cb="0" />
      <line nr="517" mi="1" ci="0" mb="0" cb="0" />
      <line nr="520" mi="2" ci="0" mb="0" cb="0" />
      <line nr="526" mi="1" ci="0" mb="0" cb="0" />
      <line nr="527" mi="3" ci="0" mb="0" cb="0" />
      <line nr="528" mi="1" ci="0" mb="0" cb="0" />
      <line nr="533" mi="1" ci="0" mb="0" cb="0" />
      <line nr="534" mi="1" ci="0" mb="0" cb="0" />
      <line nr="535" mi="3" ci="0" mb="0" cb="0" />
      <line nr="574" mi="0" ci="1" mb="0" cb="0" />
      <line nr="575" mi="0" ci="2" mb="0" cb="0" />
      <line nr="576" mi="0" ci="4" mb="0" cb="0" />
      <line nr="577" mi="0" ci="3" mb="0" cb="0" />
      <line nr="578" mi="0" ci="4" mb="0" cb="0" />
      <line nr="579" mi="0" ci="3" mb="0" cb="0" />
      <line nr="580" mi="0" ci="1" mb="0" cb="0" />
      <line nr="585" mi="2" ci="0" mb="0" cb="0" />
      <line nr="586" mi="2" ci="0" mb="0" cb="0" />
      <line nr="587" mi="2" ci="0" mb="0" cb="0" />
      <line nr="589" mi="2" ci="0" mb="0" cb="0" />
      <line nr="590" mi="2" ci="0" mb="0" cb="0" />
      <line nr="594" mi="1" ci="0" mb="0" cb="0" />
      <line nr="632" mi="2" ci="0" mb="0" cb="0" />
      <line nr="633" mi="2" ci="0" mb="0" cb="0" />
      <line nr="640" mi="3" ci="0" mb="0" cb="0" />
      <line nr="642" mi="1" ci="0" mb="0" cb="0" />
      <line nr="643" mi="1" ci="0" mb="0" cb="0" />
      <line nr="647" mi="2" ci="0" mb="0" cb="0" />
      <line nr="648" mi="1" ci="0" mb="0" cb="0" />
      <line nr="650" mi="1" ci="0" mb="0" cb="0" />
      <line nr="654" mi="2" ci="0" mb="0" cb="0" />
      <line nr="657" mi="2" ci="0" mb="0" cb="0" />
      <line nr="660" mi="2" ci="0" mb="0" cb="0" />
      <line nr="662" mi="2" ci="0" mb="0" cb="0" />
      <line nr="663" mi="1" ci="0" mb="0" cb="0" />
      <line nr="665" mi="1" ci="0" mb="0" cb="0" />
      <line nr="666" mi="1" ci="0" mb="0" cb="0" />
      <line nr="667" mi="1" ci="0" mb="0" cb="0" />
      <line nr="668" mi="1" ci="0" mb="0" cb="0" />
      <line nr="669" mi="1" ci="0" mb="0" cb="0" />
      <line nr="670" mi="1" ci="0" mb="0" cb="0" />
      <line nr="671" mi="1" ci="0" mb="0" cb="0" />
      <line nr="672" mi="2" ci="0" mb="0" cb="0" />
      <line nr="673" mi="1" ci="0" mb="0" cb="0" />
      <line nr="675" mi="2" ci="0" mb="0" cb="0" />
      <line nr="679" mi="1" ci="0" mb="0" cb="0" />
      <line nr="681" mi="1" ci="0" mb="0" cb="0" />
      <line nr="682" mi="1" ci="0" mb="0" cb="0" />
      <line nr="683" mi="1" ci="0" mb="0" cb="0" />
      <line nr="691" mi="1" ci="0" mb="0" cb="0" />
      <line nr="693" mi="1" ci="0" mb="0" cb="0" />
      <line nr="694" mi="1" ci="0" mb="0" cb="0" />
      <line nr="695" mi="2" ci="0" mb="0" cb="0" />
      <line nr="697" mi="3" ci="0" mb="0" cb="0" />
      <line nr="698" mi="2" ci="0" mb="0" cb="0" />
      <line nr="699" mi="2" ci="0" mb="0" cb="0" />
      <line nr="700" mi="2" ci="0" mb="0" cb="0" />
      <line nr="701" mi="1" ci="0" mb="0" cb="0" />
      <line nr="702" mi="1" ci="0" mb="0" cb="0" />
      <line nr="703" mi="1" ci="0" mb="0" cb="0" />
      <line nr="704" mi="1" ci="0" mb="0" cb="0" />
      <line nr="705" mi="1" ci="0" mb="0" cb="0" />
      <line nr="706" mi="1" ci="0" mb="0" cb="0" />
      <line nr="707" mi="1" ci="0" mb="0" cb="0" />
      <line nr="710" mi="1" ci="0" mb="0" cb="0" />
      <line nr="711" mi="2" ci="0" mb="0" cb="0" />
      <line nr="712" mi="4" ci="0" mb="0" cb="0" />
      <line nr="713" mi="2" ci="0" mb="0" cb="0" />
      <line nr="714" mi="1" ci="0" mb="0" cb="0" />
      <line nr="718" mi="2" ci="0" mb="0" cb="0" />
      <line nr="721" mi="1" ci="0" mb="0" cb="0" />
      <line nr="722" mi="1" ci="0" mb="0" cb="0" />
      <line nr="728" mi="1" ci="0" mb="0" cb="0" />
      <line nr="729" mi="1" ci="0" mb="0" cb="0" />
      <line nr="730" mi="2" ci="0" mb="0" cb="0" />
      <line nr="734" mi="1" ci="0" mb="0" cb="0" />
      <line nr="737" mi="3" ci="0" mb="0" cb="0" />
      <line nr="743" mi="2" ci="0" mb="0" cb="0" />
      <line nr="744" mi="1" ci="0" mb="0" cb="0" />
      <line nr="745" mi="1" ci="0" mb="0" cb="0" />
      <line nr="746" mi="1" ci="0" mb="0" cb="0" />
      <line nr="749" mi="1" ci="0" mb="0" cb="0" />
      <line nr="750" mi="2" ci="0" mb="0" cb="0" />
      <line nr="751" mi="1" ci="0" mb="0" cb="0" />
      <line nr="752" mi="2" ci="0" mb="0" cb="0" />
      <line nr="753" mi="1" ci="0" mb="0" cb="0" />
      <line nr="757" mi="2" ci="0" mb="0" cb="0" />
      <line nr="758" mi="1" ci="0" mb="0" cb="0" />
      <line nr="760" mi="1" ci="0" mb="0" cb="0" />
      <line nr="761" mi="2" ci="0" mb="0" cb="0" />
      <line nr="762" mi="1" ci="0" mb="0" cb="0" />
      <line nr="763" mi="2" ci="0" mb="0" cb="0" />
      <line nr="764" mi="1" ci="0" mb="0" cb="0" />
      <line nr="769" mi="1" ci="0" mb="0" cb="0" />
      <line nr="770" mi="2" ci="0" mb="0" cb="0" />
      <line nr="771" mi="1" ci="0" mb="0" cb="0" />
      <line nr="772" mi="2" ci="0" mb="0" cb="0" />
      <line nr="773" mi="1" ci="0" mb="0" cb="0" />
      <line nr="774" mi="2" ci="0" mb="0" cb="0" />
      <line nr="775" mi="1" ci="0" mb="0" cb="0" />
      <line nr="778" mi="2" ci="0" mb="0" cb="0" />
      <line nr="785" mi="2" ci="0" mb="0" cb="0" />
      <line nr="879" mi="1" ci="0" mb="0" cb="0" />
      <line nr="880" mi="2" ci="0" mb="0" cb="0" />
      <line nr="881" mi="1" ci="0" mb="0" cb="0" />
      <line nr="884" mi="1" ci="0" mb="0" cb="0" />
      <line nr="885" mi="5" ci="0" mb="0" cb="0" />
      <line nr="886" mi="2" ci="0" mb="0" cb="0" />
      <line nr="887" mi="2" ci="0" mb="0" cb="0" />
      <line nr="888" mi="2" ci="0" mb="0" cb="0" />
      <line nr="889" mi="2" ci="0" mb="0" cb="0" />
      <line nr="890" mi="2" ci="0" mb="0" cb="0" />
      <line nr="891" mi="2" ci="0" mb="0" cb="0" />
      <line nr="892" mi="2" ci="0" mb="0" cb="0" />
      <line nr="894" mi="4" ci="0" mb="0" cb="0" />
      <line nr="895" mi="1" ci="0" mb="0" cb="0" />
      <line nr="897" mi="1" ci="0" mb="0" cb="0" />
      <line nr="898" mi="2" ci="0" mb="0" cb="0" />
      <line nr="903" mi="1" ci="0" mb="0" cb="0" />
      <line nr="904" mi="1" ci="0" mb="0" cb="0" />
      <line nr="907" mi="1" ci="0" mb="0" cb="0" />
      <line nr="908" mi="2" ci="0" mb="0" cb="0" />
      <line nr="909" mi="2" ci="0" mb="0" cb="0" />
      <line nr="911" mi="1" ci="0" mb="0" cb="0" />
      <line nr="912" mi="2" ci="0" mb="0" cb="0" />
      <line nr="913" mi="1" ci="0" mb="0" cb="0" />
      <line nr="915" mi="2" ci="0" mb="0" cb="0" />
      <line nr="916" mi="1" ci="0" mb="0" cb="0" />
      <line nr="917" mi="2" ci="0" mb="0" cb="0" />
      <line nr="918" mi="1" ci="0" mb="0" cb="0" />
      <line nr="922" mi="2" ci="0" mb="0" cb="0" />
      <line nr="923" mi="1" ci="0" mb="0" cb="0" />
      <line nr="926" mi="3" ci="0" mb="0" cb="0" />
      <line nr="930" mi="1" ci="0" mb="0" cb="0" />
      <line nr="931" mi="2" ci="0" mb="0" cb="0" />
      <line nr="932" mi="1" ci="0" mb="0" cb="0" />
      <line nr="934" mi="2" ci="0" mb="0" cb="0" />
      <line nr="935" mi="1" ci="0" mb="0" cb="0" />
      <line nr="937" mi="3" ci="0" mb="0" cb="0" />
      <line nr="941" mi="1" ci="0" mb="0" cb="0" />
      <line nr="942" mi="2" ci="0" mb="0" cb="0" />
      <line nr="944" mi="2" ci="0" mb="0" cb="0" />
      <line nr="945" mi="1" ci="0" mb="0" cb="0" />
      <line nr="946" mi="1" ci="0" mb="0" cb="0" />
      <line nr="947" mi="2" ci="0" mb="0" cb="0" />
      <line nr="948" mi="1" ci="0" mb="0" cb="0" />
      <line nr="950" mi="1" ci="0" mb="0" cb="0" />
      <line nr="951" mi="2" ci="0" mb="0" cb="0" />
      <line nr="952" mi="1" ci="0" mb="0" cb="0" />
      <line nr="956" mi="2" ci="0" mb="0" cb="0" />
      <line nr="957" mi="1" ci="0" mb="0" cb="0" />
      <line nr="961" mi="3" ci="0" mb="0" cb="0" />
      <line nr="965" mi="1" ci="0" mb="0" cb="0" />
      <line nr="967" mi="1" ci="0" mb="0" cb="0" />
      <line nr="968" mi="2" ci="0" mb="0" cb="0" />
      <line nr="969" mi="2" ci="0" mb="0" cb="0" />
      <line nr="971" mi="2" ci="0" mb="0" cb="0" />
      <line nr="972" mi="1" ci="0" mb="0" cb="0" />
      <line nr="974" mi="3" ci="0" mb="0" cb="0" />
      <line nr="977" mi="1" ci="0" mb="0" cb="0" />
      <line nr="978" mi="3" ci="0" mb="0" cb="0" />
      <line nr="979" mi="1" ci="0" mb="0" cb="0" />
      <line nr="981" mi="2" ci="0" mb="0" cb="0" />
      <line nr="982" mi="1" ci="0" mb="0" cb="0" />
      <line nr="984" mi="3" ci="0" mb="0" cb="0" />
      <line nr="990" mi="2" ci="0" mb="0" cb="0" />
      <line nr="991" mi="2" ci="0" mb="0" cb="0" />
      <line nr="992" mi="2" ci="0" mb="0" cb="0" />
      <line nr="993" mi="2" ci="0" mb="0" cb="0" />
      <line nr="994" mi="1" ci="0" mb="0" cb="0" />
      <line nr="996" mi="2" ci="0" mb="0" cb="0" />
      <line nr="997" mi="1" ci="0" mb="0" cb="0" />
      <line nr="998" mi="1" ci="0" mb="0" cb="0" />
      <line nr="1001" mi="1" ci="0" mb="0" cb="0" />
      <line nr="1004" mi="3" ci="0" mb="0" cb="0" />
      <line nr="1010" mi="2" ci="0" mb="0" cb="0" />
      <line nr="1012" mi="1" ci="0" mb="0" cb="0" />
      <line nr="1013" mi="3" ci="0" mb="0" cb="0" />
      <line nr="1014" mi="2" ci="0" mb="0" cb="0" />
      <line nr="1015" mi="1" ci="0" mb="0" cb="0" />
      <line nr="1018" mi="2" ci="0" mb="0" cb="0" />
      <line nr="1020" mi="1" ci="0" mb="0" cb="0" />
      <line nr="1021" mi="1" ci="0" mb="0" cb="0" />
      <line nr="1022" mi="1" ci="0" mb="0" cb="0" />
      <line nr="1023" mi="1" ci="0" mb="0" cb="0" />
      <line nr="1024" mi="1" ci="0" mb="0" cb="0" />
      <line nr="1025" mi="1" ci="0" mb="0" cb="0" />
      <line nr="1031" mi="2" ci="0" mb="0" cb="0" />
      <line nr="1032" mi="2" ci="0" mb="0" cb="0" />
      <line nr="1034" mi="1" ci="0" mb="0" cb="0" />
      <line nr="1035" mi="1" ci="0" mb="0" cb="0" />
      <line nr="1037" mi="3" ci="0" mb="0" cb="0" />
      <line nr="1042" mi="4" ci="0" mb="0" cb="0" />
      <line nr="1044" mi="2" ci="0" mb="0" cb="0" />
      <line nr="1045" mi="1" ci="0" mb="0" cb="0" />
      <line nr="1047" mi="3" ci="0" mb="0" cb="0" />
      <line nr="1051" mi="2" ci="0" mb="0" cb="0" />
      <line nr="1052" mi="2" ci="0" mb="0" cb="0" />
      <line nr="1054" mi="2" ci="0" mb="0" cb="0" />
      <line nr="1055" mi="1" ci="0" mb="0" cb="0" />
      <line nr="1056" mi="2" ci="0" mb="0" cb="0" />
      <line nr="1057" mi="1" ci="0" mb="0" cb="0" />
      <line nr="1060" mi="3" ci="0" mb="0" cb="0" />
      <line nr="1102" mi="1" ci="0" mb="0" cb="0" />
      <line nr="1103" mi="1" ci="0" mb="0" cb="0" />
      <line nr="1104" mi="1" ci="0" mb="0" cb="0" />
      <line nr="1106" mi="1" ci="0" mb="0" cb="0" />
      <line nr="1107" mi="1" ci="0" mb="0" cb="0" />
      <line nr="1108" mi="1" ci="0" mb="0" cb="0" />
      <line nr="1110" mi="1" ci="0" mb="0" cb="0" />
      <line nr="1111" mi="1" ci="0" mb="0" cb="0" />
      <line nr="1112" mi="1" ci="0" mb="0" cb="0" />
      <line nr="1115" mi="3" ci="0" mb="0" cb="0" />
      <line nr="1118" mi="1" ci="0" mb="0" cb="0" />
      <line nr="1119" mi="3" ci="0" mb="0" cb="0" />
      <line nr="1120" mi="3" ci="0" mb="0" cb="0" />
      <line nr="1122" mi="1" ci="0" mb="0" cb="0" />
      <line nr="1123" mi="1" ci="0" mb="0" cb="0" />
      <line nr="1124" mi="3" ci="0" mb="0" cb="0" />
      <line nr="1125" mi="1" ci="0" mb="0" cb="0" />
      <line nr="1126" mi="1" ci="0" mb="0" cb="0" />
      <line nr="1127" mi="1" ci="0" mb="0" cb="0" />
      <line nr="1128" mi="1" ci="0" mb="0" cb="0" />
      <line nr="1129" mi="1" ci="0" mb="0" cb="0" />
      <line nr="1207" mi="1" ci="0" mb="0" cb="0" />
      <line nr="1209" mi="1" ci="0" mb="0" cb="0" />
      <line nr="1210" mi="1" ci="0" mb="0" cb="0" />
      <line nr="1212" mi="1" ci="0" mb="0" cb="0" />
      <line nr="1216" mi="1" ci="0" mb="0" cb="0" />
      <line nr="1217" mi="1" ci="0" mb="0" cb="0" />
      <line nr="1219" mi="1" ci="0" mb="0" cb="0" />
      <line nr="1220" mi="1" ci="0" mb="0" cb="0" />
      <line nr="1223" mi="1" ci="0" mb="0" cb="0" />
      <line nr="1224" mi="1" ci="0" mb="0" cb="0" />
      <line nr="1227" mi="1" ci="0" mb="0" cb="0" />
      <line nr="1229" mi="1" ci="0" mb="0" cb="0" />
      <line nr="1230" mi="1" ci="0" mb="0" cb="0" />
      <line nr="1233" mi="1" ci="0" mb="0" cb="0" />
      <line nr="1237" mi="1" ci="0" mb="0" cb="0" />
      <line nr="1238" mi="3" ci="0" mb="0" cb="0" />
      <line nr="1240" mi="1" ci="0" mb="0" cb="0" />
      <line nr="1241" mi="1" ci="0" mb="0" cb="0" />
      <line nr="1245" mi="1" ci="0" mb="0" cb="0" />
      <line nr="1247" mi="1" ci="0" mb="0" cb="0" />
      <line nr="1248" mi="1" ci="0" mb="0" cb="0" />
      <line nr="1251" mi="2" ci="0" mb="0" cb="0" />
      <line nr="1256" mi="1" ci="0" mb="0" cb="0" />
      <line nr="1257" mi="1" ci="0" mb="0" cb="0" />
      <line nr="1258" mi="1" ci="0" mb="0" cb="0" />
      <line nr="1264" mi="2" ci="0" mb="0" cb="0" />
      <line nr="1266" mi="1" ci="0" mb="0" cb="0" />
      <line nr="1267" mi="1" ci="0" mb="0" cb="0" />
      <line nr="1270" mi="1" ci="0" mb="0" cb="0" />
      <line nr="1271" mi="1" ci="0" mb="0" cb="0" />
      <line nr="1315" mi="1" ci="0" mb="0" cb="0" />
      <line nr="1322" mi="1" ci="0" mb="0" cb="0" />
      <line nr="1324" mi="1" ci="0" mb="0" cb="0" />
      <line nr="1325" mi="1" ci="0" mb="0" cb="0" />
      <line nr="1327" mi="1" ci="0" mb="0" cb="0" />
      <line nr="1332" mi="1" ci="0" mb="0" cb="0" />
      <line nr="1333" mi="2" ci="0" mb="0" cb="0" />
      <line nr="1334" mi="1" ci="0" mb="0" cb="0" />
      <line nr="1335" mi="1" ci="0" mb="0" cb="0" />
      <line nr="1338" mi="1" ci="0" mb="0" cb="0" />
      <line nr="1339" mi="2" ci="0" mb="0" cb="0" />
      <line nr="1340" mi="1" ci="0" mb="0" cb="0" />
      <line nr="1341" mi="1" ci="0" mb="0" cb="0" />
      <line nr="1347" mi="1" ci="0" mb="0" cb="0" />
      <line nr="1348" mi="1" ci="0" mb="0" cb="0" />
      <line nr="1350" mi="1" ci="0" mb="0" cb="0" />
      <line nr="1351" mi="2" ci="0" mb="0" cb="0" />
      <line nr="1352" mi="1" ci="0" mb="0" cb="0" />
      <line nr="1353" mi="1" ci="0" mb="0" cb="0" />
      <line nr="1396" mi="1" ci="0" mb="0" cb="0" />
      <line nr="1398" mi="1" ci="0" mb="0" cb="0" />
      <line nr="1399" mi="1" ci="0" mb="0" cb="0" />
      <line nr="1401" mi="1" ci="0" mb="0" cb="0" />
      <line nr="1406" mi="1" ci="0" mb="0" cb="0" />
      <line nr="1407" mi="1" ci="0" mb="0" cb="0" />
      <line nr="1410" mi="2" ci="0" mb="0" cb="0" />
      <line nr="1415" mi="1" ci="0" mb="0" cb="0" />
      <line nr="1418" mi="2" ci="0" mb="0" cb="0" />
      <line nr="1499" mi="0" ci="1" mb="0" cb="0" />
      <line nr="1501" mi="0" ci="1" mb="0" cb="0" />
      <line nr="1502" mi="0" ci="1" mb="0" cb="0" />
      <line nr="1504" mi="1" ci="0" mb="0" cb="0" />
      <line nr="1509" mi="0" ci="1" mb="0" cb="0" />
      <line nr="1511" mi="0" ci="1" mb="0" cb="0" />
      <line nr="1512" mi="0" ci="1" mb="0" cb="0" />
      <line nr="1513" mi="0" ci="1" mb="0" cb="0" />
      <line nr="1514" mi="0" ci="1" mb="0" cb="0" />
      <line nr="1515" mi="0" ci="1" mb="0" cb="0" />
      <line nr="1518" mi="0" ci="2" mb="0" cb="0" />
      <line nr="1519" mi="0" ci="2" mb="0" cb="0" />
      <line nr="1521" mi="0" ci="2" mb="0" cb="0" />
      <line nr="1523" mi="0" ci="1" mb="0" cb="0" />
      <line nr="1526" mi="0" ci="1" mb="0" cb="0" />
      <line nr="1527" mi="1" ci="2" mb="0" cb="0" />
      <line nr="1530" mi="0" ci="1" mb="0" cb="0" />
      <line nr="1531" mi="0" ci="1" mb="0" cb="0" />
      <line nr="1535" mi="0" ci="1" mb="0" cb="0" />
      <line nr="1538" mi="0" ci="1" mb="0" cb="0" />
      <line nr="1539" mi="0" ci="1" mb="0" cb="0" />
      <line nr="1541" mi="0" ci="1" mb="0" cb="0" />
      <line nr="1572" mi="0" ci="1" mb="0" cb="0" />
      <line nr="1573" mi="0" ci="1" mb="0" cb="0" />
      <line nr="1577" mi="0" ci="1" mb="0" cb="0" />
      <line nr="1578" mi="0" ci="1" mb="0" cb="0" />
      <line nr="1643" mi="0" ci="1" mb="0" cb="0" />
      <line nr="1644" mi="0" ci="1" mb="0" cb="0" />
      <line nr="1645" mi="0" ci="1" mb="0" cb="0" />
      <line nr="1646" mi="0" ci="1" mb="0" cb="0" />
      <line nr="1648" mi="0" ci="1" mb="0" cb="0" />
      <line nr="1649" mi="0" ci="1" mb="0" cb="0" />
      <line nr="1650" mi="0" ci="1" mb="0" cb="0" />
      <line nr="1652" mi="0" ci="1" mb="0" cb="0" />
      <line nr="1653" mi="0" ci="1" mb="0" cb="0" />
      <line nr="1656" mi="0" ci="1" mb="0" cb="0" />
      <line nr="1659" mi="0" ci="1" mb="0" cb="0" />
      <line nr="1661" mi="0" ci="1" mb="0" cb="0" />
      <line nr="1663" mi="0" ci="3" mb="0" cb="0" />
      <line nr="1665" mi="0" ci="1" mb="0" cb="0" />
      <line nr="1666" mi="0" ci="1" mb="0" cb="0" />
      <line nr="1669" mi="0" ci="1" mb="0" cb="0" />
      <line nr="1673" mi="0" ci="1" mb="0" cb="0" />
      <line nr="1675" mi="0" ci="1" mb="0" cb="0" />
      <line nr="1679" mi="0" ci="1" mb="0" cb="0" />
      <line nr="1724" mi="0" ci="1" mb="0" cb="0" />
      <line nr="1726" mi="0" ci="1" mb="0" cb="0" />
      <line nr="1730" mi="0" ci="1" mb="0" cb="0" />
      <line nr="1767" mi="0" ci="1" mb="0" cb="0" />
      <line nr="1768" mi="0" ci="1" mb="0" cb="0" />
      <line nr="1799" mi="0" ci="1" mb="0" cb="0" />
      <line nr="1801" mi="0" ci="1" mb="0" cb="0" />
      <line nr="1806" mi="0" ci="1" mb="0" cb="0" />
      <line nr="1885" mi="0" ci="1" mb="0" cb="0" />
      <line nr="1899" mi="0" ci="1" mb="0" cb="0" />
      <line nr="1900" mi="0" ci="1" mb="0" cb="0" />
      <line nr="1901" mi="0" ci="1" mb="0" cb="0" />
      <line nr="1902" mi="0" ci="1" mb="0" cb="0" />
      <line nr="1903" mi="0" ci="1" mb="0" cb="0" />
      <line nr="1909" mi="0" ci="1" mb="0" cb="0" />
      <line nr="1915" mi="0" ci="1" mb="0" cb="0" />
      <line nr="1919" mi="0" ci="1" mb="0" cb="0" />
      <line nr="1921" mi="0" ci="1" mb="0" cb="0" />
      <line nr="1923" mi="2" ci="0" mb="0" cb="0" />
      <line nr="1924" mi="1" ci="0" mb="0" cb="0" />
      <line nr="1927" mi="0" ci="2" mb="0" cb="0" />
      <line nr="1928" mi="1" ci="0" mb="0" cb="0" />
      <line nr="1929" mi="1" ci="0" mb="0" cb="0" />
      <line nr="1930" mi="1" ci="0" mb="0" cb="0" />
      <line nr="1932" mi="1" ci="0" mb="0" cb="0" />
      <line nr="1936" mi="0" ci="1" mb="0" cb="0" />
      <line nr="1937" mi="0" ci="2" mb="0" cb="0" />
      <line nr="1940" mi="2" ci="0" mb="0" cb="0" />
      <line nr="1941" mi="1" ci="0" mb="0" cb="0" />
      <line nr="1942" mi="2" ci="0" mb="0" cb="0" />
      <line nr="1944" mi="1" ci="0" mb="0" cb="0" />
      <line nr="1949" mi="0" ci="1" mb="0" cb="0" />
      <line nr="1951" mi="0" ci="1" mb="0" cb="0" />
      <line nr="1952" mi="0" ci="1" mb="0" cb="0" />
      <line nr="1953" mi="0" ci="2" mb="0" cb="0" />
      <line nr="1956" mi="0" ci="1" mb="0" cb="0" />
      <line nr="1957" mi="0" ci="1" mb="0" cb="0" />
      <line nr="1958" mi="0" ci="1" mb="0" cb="0" />
      <line nr="1960" mi="0" ci="1" mb="0" cb="0" />
      <line nr="1961" mi="0" ci="1" mb="0" cb="0" />
      <line nr="1962" mi="0" ci="1" mb="0" cb="0" />
      <line nr="1964" mi="0" ci="1" mb="0" cb="0" />
      <line nr="1967" mi="0" ci="1" mb="0" cb="0" />
      <line nr="1972" mi="0" ci="1" mb="0" cb="0" />
      <line nr="1974" mi="0" ci="1" mb="0" cb="0" />
      <line nr="1977" mi="2" ci="0" mb="0" cb="0" />
      <line nr="1978" mi="1" ci="0" mb="0" cb="0" />
      <line nr="1979" mi="2" ci="0" mb="0" cb="0" />
      <line nr="1981" mi="1" ci="0" mb="0" cb="0" />
      <line nr="1986" mi="0" ci="1" mb="0" cb="0" />
      <line nr="1987" mi="0" ci="1" mb="0" cb="0" />
      <line nr="1988" mi="0" ci="1" mb="0" cb="0" />
      <line nr="1989" mi="0" ci="1" mb="0" cb="0" />
      <line nr="1994" mi="0" ci="1" mb="0" cb="0" />
      <line nr="1996" mi="0" ci="1" mb="0" cb="0" />
      <line nr="2000" mi="0" ci="1" mb="0" cb="0" />
      <line nr="2001" mi="0" ci="1" mb="0" cb="0" />
      <line nr="2004" mi="0" ci="1" mb="0" cb="0" />
      <line nr="2005" mi="0" ci="1" mb="0" cb="0" />
      <line nr="2006" mi="0" ci="1" mb="0" cb="0" />
      <line nr="2009" mi="1" ci="0" mb="0" cb="0" />
      <line nr="2015" mi="0" ci="1" mb="0" cb="0" />
      <line nr="2016" mi="1" ci="0" mb="0" cb="0" />
      <line nr="2017" mi="1" ci="0" mb="0" cb="0" />
      <line nr="2018" mi="2" ci="0" mb="0" cb="0" />
      <line nr="2020" mi="1" ci="0" mb="0" cb="0" />
      <line nr="2025" mi="0" ci="1" mb="0" cb="0" />
      <line nr="2030" mi="0" ci="1" mb="0" cb="0" />
      <line nr="2031" mi="0" ci="1" mb="0" cb="0" />
      <line nr="2034" mi="0" ci="1" mb="0" cb="0" />
      <line nr="2035" mi="1" ci="0" mb="0" cb="0" />
      <line nr="2036" mi="1" ci="0" mb="0" cb="0" />
      <line nr="2037" mi="1" ci="0" mb="0" cb="0" />
      <line nr="2038" mi="1" ci="0" mb="0" cb="0" />
      <line nr="2042" mi="1" ci="0" mb="0" cb="0" />
      <line nr="2043" mi="1" ci="0" mb="0" cb="0" />
      <line nr="2044" mi="1" ci="0" mb="0" cb="0" />
      <line nr="2045" mi="1" ci="0" mb="0" cb="0" />
      <line nr="2048" mi="2" ci="0" mb="0" cb="0" />
      <line nr="2049" mi="1" ci="0" mb="0" cb="0" />
      <line nr="2053" mi="1" ci="0" mb="0" cb="0" />
      <line nr="2055" mi="1" ci="0" mb="0" cb="0" />
      <line nr="2056" mi="1" ci="0" mb="0" cb="0" />
      <line nr="2065" mi="0" ci="1" mb="0" cb="0" />
      <line nr="2066" mi="0" ci="1" mb="0" cb="0" />
      <line nr="2068" mi="0" ci="1" mb="0" cb="0" />
      <line nr="2069" mi="0" ci="1" mb="0" cb="0" />
      <line nr="2071" mi="0" ci="1" mb="0" cb="0" />
      <line nr="2072" mi="0" ci="1" mb="0" cb="0" />
      <line nr="2074" mi="0" ci="1" mb="0" cb="0" />
      <line nr="2075" mi="0" ci="1" mb="0" cb="0" />
      <line nr="2077" mi="1" ci="0" mb="0" cb="0" />
      <line nr="2078" mi="1" ci="0" mb="0" cb="0" />
      <line nr="2082" mi="0" ci="1" mb="0" cb="0" />
      <line nr="2084" mi="0" ci="1" mb="0" cb="0" />
      <line nr="2085" mi="0" ci="1" mb="0" cb="0" />
      <line nr="2086" mi="0" ci="1" mb="0" cb="0" />
      <line nr="2087" mi="0" ci="1" mb="0" cb="0" />
      <line nr="2091" mi="1" ci="0" mb="0" cb="0" />
      <line nr="2095" mi="0" ci="1" mb="0" cb="0" />
      <line nr="2097" mi="1" ci="0" mb="0" cb="0" />
      <line nr="2100" mi="0" ci="1" mb="0" cb="0" />
      <line nr="2106" mi="0" ci="1" mb="0" cb="0" />
      <line nr="2107" mi="0" ci="2" mb="0" cb="0" />
      <line nr="2108" mi="0" ci="1" mb="0" cb="0" />
      <line nr="2109" mi="0" ci="1" mb="0" cb="0" />
      <line nr="2110" mi="0" ci="1" mb="0" cb="0" />
      <line nr="2115" mi="0" ci="1" mb="0" cb="0" />
      <line nr="2116" mi="0" ci="1" mb="0" cb="0" />
      <line nr="2117" mi="0" ci="2" mb="0" cb="0" />
      <line nr="2119" mi="0" ci="1" mb="0" cb="0" />
      <line nr="2120" mi="0" ci="2" mb="0" cb="0" />
      <line nr="2125" mi="0" ci="1" mb="0" cb="0" />
      <line nr="2126" mi="0" ci="1" mb="0" cb="0" />
      <line nr="2127" mi="0" ci="1" mb="0" cb="0" />
      <line nr="2128" mi="1" ci="0" mb="0" cb="0" />
      <line nr="2134" mi="0" ci="2" mb="0" cb="0" />
      <line nr="2137" mi="0" ci="1" mb="0" cb="0" />
      <line nr="2138" mi="0" ci="1" mb="0" cb="0" />
      <line nr="2139" mi="0" ci="2" mb="0" cb="0" />
      <line nr="2142" mi="0" ci="1" mb="0" cb="0" />
      <line nr="2166" mi="0" ci="2" mb="0" cb="0" />
      <line nr="2167" mi="0" ci="1" mb="0" cb="0" />
      <line nr="2176" mi="0" ci="1" mb="0" cb="0" />
      <line nr="2225" mi="0" ci="1" mb="0" cb="0" />
      <line nr="2227" mi="0" ci="1" mb="0" cb="0" />
      <line nr="2228" mi="0" ci="1" mb="0" cb="0" />
      <line nr="2229" mi="0" ci="1" mb="0" cb="0" />
      <line nr="2230" mi="0" ci="1" mb="0" cb="0" />
      <line nr="2231" mi="0" ci="1" mb="0" cb="0" />
      <line nr="2232" mi="0" ci="1" mb="0" cb="0" />
      <line nr="2233" mi="0" ci="1" mb="0" cb="0" />
      <line nr="2236" mi="0" ci="1" mb="0" cb="0" />
      <line nr="2239" mi="0" ci="1" mb="0" cb="0" />
      <line nr="2240" mi="0" ci="1" mb="0" cb="0" />
      <line nr="2243" mi="0" ci="1" mb="0" cb="0" />
      <line nr="2274" mi="0" ci="3" mb="0" cb="0" />
      <line nr="2275" mi="0" ci="1" mb="0" cb="0" />
      <line nr="2276" mi="0" ci="2" mb="0" cb="0" />
      <line nr="2277" mi="0" ci="1" mb="0" cb="0" />
      <line nr="2278" mi="0" ci="2" mb="0" cb="0" />
      <line nr="2280" mi="0" ci="1" mb="0" cb="0" />
      <line nr="2283" mi="0" ci="1" mb="0" cb="0" />
      <line nr="2318" mi="0" ci="1" mb="0" cb="0" />
      <line nr="2320" mi="0" ci="1" mb="0" cb="0" />
      <line nr="2321" mi="0" ci="1" mb="0" cb="0" />
      <line nr="2323" mi="1" ci="0" mb="0" cb="0" />
      <line nr="2327" mi="0" ci="1" mb="0" cb="0" />
      <line nr="2328" mi="0" ci="1" mb="0" cb="0" />
      <line nr="2329" mi="0" ci="1" mb="0" cb="0" />
      <line nr="2330" mi="0" ci="2" mb="0" cb="0" />
      <line nr="2331" mi="0" ci="1" mb="0" cb="0" />
      <line nr="2333" mi="0" ci="1" mb="0" cb="0" />
      <line nr="2334" mi="0" ci="1" mb="0" cb="0" />
      <line nr="2339" mi="0" ci="1" mb="0" cb="0" />
      <line nr="2340" mi="0" ci="1" mb="0" cb="0" />
      <line nr="2342" mi="0" ci="3" mb="0" cb="0" />
      <line nr="2346" mi="0" ci="2" mb="0" cb="0" />
      <line nr="2347" mi="0" ci="1" mb="0" cb="0" />
      <line nr="2349" mi="0" ci="1" mb="0" cb="0" />
      <line nr="2350" mi="0" ci="1" mb="0" cb="0" />
      <line nr="2352" mi="0" ci="1" mb="0" cb="0" />
      <line nr="2353" mi="0" ci="3" mb="0" cb="0" />
      <line nr="2355" mi="0" ci="1" mb="0" cb="0" />
      <line nr="2356" mi="0" ci="1" mb="0" cb="0" />
      <line nr="2357" mi="0" ci="2" mb="0" cb="0" />
      <line nr="2360" mi="0" ci="2" mb="0" cb="0" />
      <line nr="2363" mi="0" ci="1" mb="0" cb="0" />
      <line nr="2364" mi="0" ci="3" mb="0" cb="0" />
      <line nr="2369" mi="0" ci="1" mb="0" cb="0" />
      <line nr="2370" mi="0" ci="1" mb="0" cb="0" />
      <line nr="2371" mi="0" ci="1" mb="0" cb="0" />
      <line nr="2437" mi="0" ci="1" mb="0" cb="0" />
      <line nr="2438" mi="0" ci="1" mb="0" cb="0" />
      <line nr="2444" mi="0" ci="1" mb="0" cb="0" />
      <line nr="2445" mi="0" ci="1" mb="0" cb="0" />
      <line nr="2446" mi="0" ci="1" mb="0" cb="0" />
      <line nr="2449" mi="0" ci="1" mb="0" cb="0" />
      <line nr="2450" mi="0" ci="1" mb="0" cb="0" />
      <line nr="2455" mi="0" ci="1" mb="0" cb="0" />
      <line nr="2456" mi="0" ci="1" mb="0" cb="0" />
      <line nr="2458" mi="1" ci="0" mb="0" cb="0" />
      <line nr="2463" mi="0" ci="1" mb="0" cb="0" />
      <line nr="2464" mi="0" ci="1" mb="0" cb="0" />
      <line nr="2470" mi="0" ci="1" mb="0" cb="0" />
      <line nr="2471" mi="0" ci="1" mb="0" cb="0" />
      <line nr="2474" mi="0" ci="1" mb="0" cb="0" />
      <line nr="2475" mi="0" ci="1" mb="0" cb="0" />
      <line nr="2479" mi="0" ci="1" mb="0" cb="0" />
      <line nr="2493" mi="0" ci="1" mb="0" cb="0" />
      <line nr="2494" mi="0" ci="1" mb="0" cb="0" />
      <line nr="2496" mi="0" ci="1" mb="0" cb="0" />
      <line nr="2497" mi="0" ci="1" mb="0" cb="0" />
      <line nr="2510" mi="0" ci="2" mb="0" cb="0" />
      <line nr="2529" mi="0" ci="1" mb="0" cb="0" />
      <line nr="2530" mi="1" ci="0" mb="0" cb="0" />
      <line nr="2531" mi="1" ci="0" mb="0" cb="0" />
      <line nr="2532" mi="1" ci="0" mb="0" cb="0" />
      <line nr="2533" mi="1" ci="0" mb="0" cb="0" />
      <line nr="2534" mi="1" ci="0" mb="0" cb="0" />
      <line nr="2536" mi="1" ci="0" mb="0" cb="0" />
      <line nr="2539" mi="1" ci="0" mb="0" cb="0" />
      <line nr="2554" mi="0" ci="1" mb="0" cb="0" />
      <line nr="2555" mi="1" ci="0" mb="0" cb="0" />
      <line nr="2556" mi="1" ci="0" mb="0" cb="0" />
      <line nr="2557" mi="1" ci="0" mb="0" cb="0" />
      <line nr="2573" mi="0" ci="1" mb="0" cb="0" />
      <line nr="2576" mi="2" ci="0" mb="0" cb="0" />
      <line nr="2580" mi="2" ci="0" mb="0" cb="0" />
      <line nr="2596" mi="0" ci="1" mb="0" cb="0" />
      <line nr="2597" mi="2" ci="0" mb="0" cb="0" />
      <line nr="2615" mi="0" ci="3" mb="0" cb="0" />
      <line nr="2617" mi="0" ci="1" mb="0" cb="0" />
      <line nr="2618" mi="1" ci="0" mb="0" cb="0" />
      <line nr="2619" mi="1" ci="0" mb="0" cb="0" />
      <line nr="2635" mi="0" ci="1" mb="0" cb="0" />
      <line nr="2636" mi="1" ci="0" mb="0" cb="0" />
      <line nr="2651" mi="0" ci="1" mb="0" cb="0" />
      <line nr="2654" mi="2" ci="0" mb="0" cb="0" />
      <line nr="2655" mi="1" ci="0" mb="0" cb="0" />
      <line nr="2656" mi="1" ci="0" mb="0" cb="0" />
      <line nr="2657" mi="1" ci="0" mb="0" cb="0" />
      <line nr="2658" mi="1" ci="0" mb="0" cb="0" />
      <line nr="2660" mi="1" ci="0" mb="0" cb="0" />
      <line nr="2694" mi="0" ci="1" mb="0" cb="0" />
      <line nr="2695" mi="1" ci="0" mb="0" cb="0" />
      <line nr="2698" mi="1" ci="0" mb="0" cb="0" />
      <line nr="2699" mi="1" ci="0" mb="0" cb="0" />
      <line nr="2701" mi="1" ci="0" mb="0" cb="0" />
      <line nr="2703" mi="1" ci="0" mb="0" cb="0" />
      <line nr="2711" mi="1" ci="0" mb="0" cb="0" />
      <line nr="2712" mi="1" ci="0" mb="0" cb="0" />
      <line nr="2714" mi="1" ci="0" mb="0" cb="0" />
      <line nr="2715" mi="1" ci="0" mb="0" cb="0" />
      <line nr="2717" mi="1" ci="0" mb="0" cb="0" />
      <line nr="2718" mi="1" ci="0" mb="0" cb="0" />
      <line nr="2767" mi="1" ci="0" mb="0" cb="0" />
      <line nr="2781" mi="2" ci="0" mb="0" cb="0" />
      <line nr="2784" mi="1" ci="0" mb="0" cb="0" />
      <line nr="2785" mi="1" ci="0" mb="0" cb="0" />
      <line nr="2787" mi="2" ci="0" mb="0" cb="0" />
      <line nr="2788" mi="1" ci="0" mb="0" cb="0" />
      <line nr="2789" mi="1" ci="0" mb="0" cb="0" />
      <line nr="2793" mi="1" ci="0" mb="0" cb="0" />
      <line nr="2794" mi="2" ci="0" mb="0" cb="0" />
      <line nr="2797" mi="2" ci="0" mb="0" cb="0" />
      <line nr="2802" mi="1" ci="0" mb="0" cb="0" />
      <line nr="2803" mi="1" ci="0" mb="0" cb="0" />
      <line nr="2806" mi="1" ci="0" mb="0" cb="0" />
      <line nr="2812" mi="1" ci="0" mb="0" cb="0" />
      <line nr="2813" mi="1" ci="0" mb="0" cb="0" />
      <line nr="2814" mi="2" ci="0" mb="0" cb="0" />
      <line nr="2817" mi="2" ci="0" mb="0" cb="0" />
      <line nr="2819" mi="1" ci="0" mb="0" cb="0" />
      <line nr="2823" mi="1" ci="0" mb="0" cb="0" />
[...]
      <line nr="832" mi="2" ci="0" mb="0" cb="0" />
      <line nr="838" mi="1" ci="0" mb="0" cb="0" />
      <line nr="839" mi="2" ci="0" mb="0" cb="0" />
      <line nr="841" mi="1" ci="0" mb="0" cb="0" />
      <line nr="842" mi="2" ci="0" mb="0" cb="0" />
      <line nr="845" mi="2" ci="0" mb="0" cb="0" />
      <line nr="846" mi="1" ci="0" mb="0" cb="0" />
      <line nr="849" mi="1" ci="0" mb="0" cb="0" />
      <line nr="850" mi="1" ci="0" mb="0" cb="0" />
      <line nr="851" mi="3" ci="0" mb="0" cb="0" />
      <line nr="853" mi="1" ci="0" mb="0" cb="0" />
      <line nr="855" mi="2" ci="0" mb="0" cb="0" />
      <line nr="856" mi="1" ci="0" mb="0" cb="0" />
      <line nr="857" mi="2" ci="0" mb="0" cb="0" />
      <line nr="860" mi="3" ci="0" mb="0" cb="0" />
      <line nr="864" mi="2" ci="0" mb="0" cb="0" />
      <line nr="866" mi="2" ci="0" mb="0" cb="0" />
      <line nr="867" mi="1" ci="0" mb="0" cb="0" />
      <line nr="868" mi="1" ci="0" mb="0" cb="0" />
      <line nr="870" mi="1" ci="0" mb="0" cb="0" />
      <line nr="873" mi="3" ci="0" mb="0" cb="0" />
      <line nr="876" mi="1" ci="0" mb="0" cb="0" />
      <line nr="880" mi="2" ci="0" mb="0" cb="0" />
      <line nr="888" mi="1" ci="0" mb="0" cb="0" />
      <line nr="890" mi="1" ci="0" mb="0" cb="0" />
      <line nr="893" mi="2" ci="0" mb="0" cb="0" />
      <line nr="894" mi="1" ci="0" mb="0" cb="0" />
      <line nr="897" mi="2" ci="0" mb="0" cb="0" />
      <line nr="898" mi="1" ci="0" mb="0" cb="0" />
      <line nr="902" mi="1" ci="0" mb="0" cb="0" />
      <line nr="903" mi="1" ci="0" mb="0" cb="0" />
      <line nr="904" mi="1" ci="0" mb="0" cb="0" />
      <line nr="906" mi="2" ci="0" mb="0" cb="0" />
      <line nr="907" mi="1" ci="0" mb="0" cb="0" />
      <line nr="908" mi="2" ci="0" mb="0" cb="0" />
      <line nr="911" mi="3" ci="0" mb="0" cb="0" />
      <line nr="914" mi="3" ci="0" mb="0" cb="0" />
      <line nr="919" mi="2" ci="0" mb="0" cb="0" />
      <line nr="921" mi="1" ci="0" mb="0" cb="0" />
      <line nr="925" mi="3" ci="0" mb="0" cb="0" />
      <line nr="933" mi="1" ci="0" mb="0" cb="0" />
      <line nr="936" mi="2" ci="0" mb="0" cb="0" />
      <line nr="937" mi="1" ci="0" mb="0" cb="0" />
      <line nr="940" mi="1" ci="0" mb="0" cb="0" />
      <line nr="941" mi="1" ci="0" mb="0" cb="0" />
      <line nr="942" mi="1" ci="0" mb="0" cb="0" />
      <line nr="943" mi="1" ci="0" mb="0" cb="0" />
      <line nr="944" mi="1" ci="0" mb="0" cb="0" />
      <line nr="946" mi="1" ci="0" mb="0" cb="0" />
      <line nr="949" mi="2" ci="0" mb="0" cb="0" />
      <line nr="951" mi="1" ci="0" mb="0" cb="0" />
      <line nr="952" mi="1" ci="0" mb="0" cb="0" />
      <line nr="953" mi="1" ci="0" mb="0" cb="0" />
      <line nr="955" mi="1" ci="0" mb="0" cb="0" />
      <line nr="958" mi="2" ci="0" mb="0" cb="0" />
      <line nr="961" mi="2" ci="0" mb="0" cb="0" />
      <line nr="969" mi="3" ci="0" mb="0" cb="0" />
      <line nr="972" mi="2" ci="0" mb="0" cb="0" />
      <line nr="973" mi="1" ci="0" mb="0" cb="0" />
      <line nr="976" mi="1" ci="0" mb="0" cb="0" />
      <line nr="977" mi="1" ci="0" mb="0" cb="0" />
      <line nr="978" mi="1" ci="0" mb="0" cb="0" />
      <line nr="979" mi="1" ci="0" mb="0" cb="0" />
      <line nr="981" mi="4" ci="0" mb="0" cb="0" />
      <line nr="982" mi="1" ci="0" mb="0" cb="0" />
      <line nr="985" mi="2" ci="0" mb="0" cb="0" />
      <line nr="991" mi="1" ci="0" mb="0" cb="0" />
      <line nr="993" mi="2" ci="0" mb="0" cb="0" />
      <line nr="994" mi="1" ci="0" mb="0" cb="0" />
      <line nr="997" mi="2" ci="0" mb="0" cb="0" />
      <line nr="1001" mi="1" ci="0" mb="0" cb="0" />
      <line nr="1002" mi="1" ci="0" mb="0" cb="0" />
      <line nr="1003" mi="1" ci="0" mb="0" cb="0" />
      <line nr="1005" mi="1" ci="0" mb="0" cb="0" />
      <line nr="1007" mi="1" ci="0" mb="0" cb="0" />
      <line nr="1008" mi="1" ci="0" mb="0" cb="0" />
      <line nr="1009" mi="1" ci="0" mb="0" cb="0" />
      <line nr="1010" mi="2" ci="0" mb="0" cb="0" />
      <line nr="1012" mi="1" ci="0" mb="0" cb="0" />
      <line nr="1013" mi="2" ci="0" mb="0" cb="0" />
      <line nr="1016" mi="2" ci="0" mb="0" cb="0" />
      <line nr="1019" mi="3" ci="0" mb="0" cb="0" />
      <line nr="1025" mi="2" ci="0" mb="0" cb="0" />
      <line nr="1029" mi="1" ci="0" mb="0" cb="0" />
      <line nr="1034" mi="1" ci="0" mb="0" cb="0" />
      <line nr="1035" mi="1" ci="0" mb="0" cb="0" />
      <line nr="1036" mi="1" ci="0" mb="0" cb="0" />
      <line nr="1037" mi="1" ci="0" mb="0" cb="0" />
      <line nr="1038" mi="1" ci="0" mb="0" cb="0" />
      <line nr="1040" mi="2" ci="0" mb="0" cb="0" />
      <line nr="1041" mi="1" ci="0" mb="0" cb="0" />
      <line nr="1044" mi="2" ci="0" mb="0" cb="0" />
      <line nr="1047" mi="2" ci="0" mb="0" cb="0" />
      <line nr="1053" mi="2" ci="0" mb="0" cb="0" />
      <line nr="1057" mi="1" ci="0" mb="0" cb="0" />
      <line nr="1058" mi="1" ci="0" mb="0" cb="0" />
      <line nr="1060" mi="1" ci="0" mb="0" cb="0" />
      <line nr="1061" mi="1" ci="0" mb="0" cb="0" />
      <line nr="1064" mi="2" ci="0" mb="0" cb="0" />
      <line nr="1069" mi="1" ci="0" mb="0" cb="0" />
      <line nr="1071" mi="2" ci="0" mb="0" cb="0" />
      <line nr="1072" mi="1" ci="0" mb="0" cb="0" />
      <line nr="1075" mi="2" ci="0" mb="0" cb="0" />
      <line nr="1079" mi="1" ci="0" mb="0" cb="0" />
      <line nr="1080" mi="1" ci="0" mb="0" cb="0" />
      <line nr="1082" mi="2" ci="0" mb="0" cb="0" />
      <line nr="1083" mi="1" ci="0" mb="0" cb="0" />
      <line nr="1086" mi="2" ci="0" mb="0" cb="0" />
      <line nr="1092" mi="1" ci="0" mb="0" cb="0" />
      <line nr="1093" mi="1" ci="0" mb="0" cb="0" />
      <line nr="1094" mi="1" ci="0" mb="0" cb="0" />
      <line nr="1095" mi="1" ci="0" mb="0" cb="0" />
      <line nr="1097" mi="1" ci="0" mb="0" cb="0" />
      <line nr="1098" mi="1" ci="0" mb="0" cb="0" />
      <line nr="1101" mi="2" ci="0" mb="0" cb="0" />
      <line nr="1106" mi="2" ci="0" mb="0" cb="0" />
      <line nr="1109" mi="1" ci="0" mb="0" cb="0" />
      <line nr="1110" mi="1" ci="0" mb="0" cb="0" />
      <line nr="1112" mi="1" ci="0" mb="0" cb="0" />
      <line nr="1113" mi="1" ci="0" mb="0" cb="0" />
      <line nr="1116" mi="2" ci="0" mb="0" cb="0" />
      <line nr="1121" mi="2" ci="0" mb="0" cb="0" />
      <line nr="1122" mi="1" ci="0" mb="0" cb="0" />
      <line nr="1124" mi="1" ci="0" mb="0" cb="0" />
      <line nr="1125" mi="1" ci="0" mb="0" cb="0" />
      <line nr="1128" mi="2" ci="0" mb="0" cb="0" />
      <line nr="1130" mi="1" ci="0" mb="0" cb="0" />
      <line nr="1132" mi="1" ci="0" mb="0" cb="0" />
      <line nr="1133" mi="1" ci="0" mb="0" cb="0" />
      <line nr="1134" mi="3" ci="0" mb="0" cb="0" />
      <line nr="1135" mi="3" ci="0" mb="0" cb="0" />
      <line nr="1139" mi="2" ci="0" mb="0" cb="0" />
      <line nr="1144" mi="1" ci="0" mb="0" cb="0" />
      <line nr="1145" mi="1" ci="0" mb="0" cb="0" />
      <line nr="1147" mi="1" ci="0" mb="0" cb="0" />
      <line nr="1148" mi="1" ci="0" mb="0" cb="0" />
      <line nr="1151" mi="2" ci="0" mb="0" cb="0" />
      <line nr="1156" mi="1" ci="0" mb="0" cb="0" />
      <line nr="1157" mi="1" ci="0" mb="0" cb="0" />
      <line nr="1158" mi="1" ci="0" mb="0" cb="0" />
      <line nr="1160" mi="1" ci="0" mb="0" cb="0" />
      <line nr="1161" mi="1" ci="0" mb="0" cb="0" />
      <line nr="1164" mi="2" ci="0" mb="0" cb="0" />
      <line nr="1169" mi="1" ci="0" mb="0" cb="0" />
      <line nr="1170" mi="1" ci="0" mb="0" cb="0" />
      <line nr="1171" mi="1" ci="0" mb="0" cb="0" />
      <line nr="1173" mi="1" ci="0" mb="0" cb="0" />
      <line nr="1174" mi="1" ci="0" mb="0" cb="0" />
      <line nr="1177" mi="2" ci="0" mb="0" cb="0" />
      <line nr="1180" mi="1" ci="0" mb="0" cb="0" />
      <line nr="1224" mi="1" ci="0" mb="0" cb="0" />
      <line nr="1230" mi="1" ci="0" mb="0" cb="0" />
      <line nr="1231" mi="1" ci="0" mb="0" cb="0" />
      <line nr="1232" mi="1" ci="0" mb="0" cb="0" />
      <line nr="1233" mi="1" ci="0" mb="0" cb="0" />
      <line nr="1237" mi="1" ci="0" mb="0" cb="0" />
      <line nr="1239" mi="1" ci="0" mb="0" cb="0" />
      <line nr="1240" mi="1" ci="0" mb="0" cb="0" />
      <line nr="1241" mi="1" ci="0" mb="0" cb="0" />
      <line nr="1244" mi="1" ci="0" mb="0" cb="0" />
      <line nr="1245" mi="1" ci="0" mb="0" cb="0" />
      <line nr="1248" mi="1" ci="0" mb="0" cb="0" />
      <line nr="1249" mi="1" ci="0" mb="0" cb="0" />
      <line nr="1251" mi="1" ci="0" mb="0" cb="0" />
      <line nr="1252" mi="1" ci="0" mb="0" cb="0" />
      <line nr="1256" mi="1" ci="0" mb="0" cb="0" />
      <line nr="1257" mi="1" ci="0" mb="0" cb="0" />
      <line nr="1258" mi="1" ci="0" mb="0" cb="0" />
      <line nr="1265" mi="1" ci="0" mb="0" cb="0" />
      <line nr="1266" mi="2" ci="0" mb="0" cb="0" />
      <line nr="1269" mi="2" ci="0" mb="0" cb="0" />
      <line nr="1274" mi="2" ci="0" mb="0" cb="0" />
      <line nr="1275" mi="1" ci="0" mb="0" cb="0" />
      <line nr="1276" mi="2" ci="0" mb="0" cb="0" />
      <line nr="1277" mi="1" ci="0" mb="0" cb="0" />
      <line nr="1280" mi="1" ci="0" mb="0" cb="0" />
      <line nr="1284" mi="1" ci="0" mb="0" cb="0" />
      <line nr="1286" mi="1" ci="0" mb="0" cb="0" />
      <line nr="1287" mi="1" ci="0" mb="0" cb="0" />
      <line nr="1290" mi="1" ci="0" mb="0" cb="0" />
      <line nr="1291" mi="1" ci="0" mb="0" cb="0" />
      <line nr="1292" mi="1" ci="0" mb="0" cb="0" />
      <line nr="1293" mi="1" ci="0" mb="0" cb="0" />
      <line nr="1297" mi="1" ci="0" mb="0" cb="0" />
      <line nr="1298" mi="1" ci="0" mb="0" cb="0" />
      <line nr="1299" mi="1" ci="0" mb="0" cb="0" />
      <line nr="1304" mi="1" ci="0" mb="0" cb="0" />
      <line nr="1305" mi="2" ci="0" mb="0" cb="0" />
      <line nr="1306" mi="1" ci="0" mb="0" cb="0" />
      <line nr="1308" mi="1" ci="0" mb="0" cb="0" />
      <line nr="1309" mi="1" ci="0" mb="0" cb="0" />
      <line nr="1310" mi="1" ci="0" mb="0" cb="0" />
      <line nr="1311" mi="1" ci="0" mb="0" cb="0" />
      <line nr="1314" mi="2" ci="0" mb="0" cb="0" />
      <line nr="1315" mi="1" ci="0" mb="0" cb="0" />
      <line nr="1346" mi="1" ci="0" mb="0" cb="0" />
      <line nr="1350" mi="1" ci="0" mb="0" cb="0" />
      <line nr="1352" mi="1" ci="0" mb="0" cb="0" />
      <line nr="1353" mi="1" ci="0" mb="0" cb="0" />
      <line nr="1354" mi="1" ci="0" mb="0" cb="0" />
      <line nr="1355" mi="1" ci="0" mb="0" cb="0" />
      <line nr="1358" mi="1" ci="0" mb="0" cb="0" />
      <line nr="1362" mi="1" ci="0" mb="0" cb="0" />
      <line nr="1364" mi="1" ci="0" mb="0" cb="0" />
      <line nr="1365" mi="1" ci="0" mb="0" cb="0" />
      <line nr="1366" mi="1" ci="0" mb="0" cb="0" />
      <line nr="1367" mi="1" ci="0" mb="0" cb="0" />
      <line nr="1368" mi="1" ci="0" mb="0" cb="0" />
      <line nr="1371" mi="1" ci="0" mb="0" cb="0" />
      <line nr="1374" mi="1" ci="0" mb="0" cb="0" />
      <line nr="1377" mi="2" ci="0" mb="0" cb="0" />
      <line nr="1432" mi="1" ci="0" mb="0" cb="0" />
      <line nr="1435" mi="1" ci="0" mb="0" cb="0" />
      <line nr="1436" mi="1" ci="0" mb="0" cb="0" />
      <line nr="1439" mi="1" ci="0" mb="0" cb="0" />
      <line nr="1440" mi="1" ci="0" mb="0" cb="0" />
      <line nr="1441" mi="1" ci="0" mb="0" cb="0" />
      <line nr="1443" mi="1" ci="0" mb="0" cb="0" />
      <line nr="1446" mi="7" ci="0" mb="0" cb="0" />
      <line nr="1447" mi="1" ci="0" mb="0" cb="0" />
      <line nr="1448" mi="1" ci="0" mb="0" cb="0" />
      <line nr="1449" mi="1" ci="0" mb="0" cb="0" />
      <line nr="1450" mi="2" ci="0" mb="0" cb="0" />
      <line nr="1453" mi="3" ci="0" mb="0" cb="0" />
      <line nr="1459" mi="2" ci="0" mb="0" cb="0" />
      <line nr="1460" mi="1" ci="0" mb="0" cb="0" />
      <line nr="1463" mi="1" ci="0" mb="0" cb="0" />
      <line nr="1466" mi="1" ci="0" mb="0" cb="0" />
      <line nr="1471" mi="1" ci="0" mb="0" cb="0" />
      <line nr="1472" mi="1" ci="0" mb="0" cb="0" />
      <line nr="1473" mi="1" ci="0" mb="0" cb="0" />
      <line nr="1476" mi="2" ci="0" mb="0" cb="0" />
      <line nr="1480" mi="1" ci="0" mb="0" cb="0" />
      <line nr="1483" mi="2" ci="0" mb="0" cb="0" />
      <line nr="1552" mi="1" ci="0" mb="0" cb="0" />
      <line nr="1556" mi="1" ci="0" mb="0" cb="0" />
      <line nr="1559" mi="2" ci="0" mb="0" cb="0" />
      <line nr="1560" mi="1" ci="0" mb="0" cb="0" />
      <line nr="1561" mi="1" ci="0" mb="0" cb="0" />
      <line nr="1562" mi="1" ci="0" mb="0" cb="0" />
      <line nr="1565" mi="1" ci="0" mb="0" cb="0" />
      <line nr="1568" mi="2" ci="0" mb="0" cb="0" />
      <line nr="1569" mi="1" ci="0" mb="0" cb="0" />
      <line nr="1570" mi="1" ci="0" mb="0" cb="0" />
      <line nr="1571" mi="1" ci="0" mb="0" cb="0" />
      <line nr="1574" mi="1" ci="0" mb="0" cb="0" />
      <line nr="1575" mi="1" ci="0" mb="0" cb="0" />
      <line nr="1578" mi="2" ci="0" mb="0" cb="0" />
      <line nr="1579" mi="1" ci="0" mb="0" cb="0" />
      <line nr="1581" mi="1" ci="0" mb="0" cb="0" />
      <line nr="1582" mi="1" ci="0" mb="0" cb="0" />
      <line nr="1583" mi="1" ci="0" mb="0" cb="0" />
      <line nr="1587" mi="1" ci="0" mb="0" cb="0" />
      <line nr="1588" mi="2" ci="0" mb="0" cb="0" />
      <line nr="1589" mi="1" ci="0" mb="0" cb="0" />
      <line nr="1590" mi="1" ci="0" mb="0" cb="0" />
      <line nr="1596" mi="1" ci="0" mb="0" cb="0" />
      <line nr="1597" mi="1" ci="0" mb="0" cb="0" />
      <line nr="1598" mi="1" ci="0" mb="0" cb="0" />
      <line nr="1599" mi="1" ci="0" mb="0" cb="0" />
      <line nr="1601" mi="1" ci="0" mb="0" cb="0" />
      <line nr="1604" mi="1" ci="0" mb="0" cb="0" />
      <line nr="1608" mi="1" ci="0" mb="0" cb="0" />
      <line nr="1612" mi="1" ci="0" mb="0" cb="0" />
      <line nr="1613" mi="1" ci="0" mb="0" cb="0" />
      <line nr="1614" mi="1" ci="0" mb="0" cb="0" />
      <line nr="1615" mi="1" ci="0" mb="0" cb="0" />
      <line nr="1616" mi="2" ci="0" mb="0" cb="0" />
      <line nr="1619" mi="1" ci="0" mb="0" cb="0" />
      <line nr="1620" mi="1" ci="0" mb="0" cb="0" />
      <line nr="1621" mi="1" ci="0" mb="0" cb="0" />
      <line nr="1622" mi="1" ci="0" mb="0" cb="0" />
      <line nr="1625" mi="1" ci="0" mb="0" cb="0" />
      <line nr="1626" mi="1" ci="0" mb="0" cb="0" />
      <line nr="1627" mi="1" ci="0" mb="0" cb="0" />
      <line nr="1631" mi="1" ci="0" mb="0" cb="0" />
      <line nr="1632" mi="1" ci="0" mb="0" cb="0" />
      <line nr="1634" mi="1" ci="0" mb="0" cb="0" />
      <line nr="1638" mi="1" ci="0" mb="0" cb="0" />
      <line nr="1639" mi="1" ci="0" mb="0" cb="0" />
      <line nr="1643" mi="1" ci="0" mb="0" cb="0" />
      <line nr="1644" mi="1" ci="0" mb="0" cb="0" />
      <line nr="1646" mi="1" ci="0" mb="0" cb="0" />
      <line nr="1647" mi="1" ci="0" mb="0" cb="0" />
      <line nr="1648" mi="1" ci="0" mb="0" cb="0" />
      <line nr="1649" mi="1" ci="0" mb="0" cb="0" />
      <line nr="1651" mi="1" ci="0" mb="0" cb="0" />
      <line nr="1652" mi="1" ci="0" mb="0" cb="0" />
      <line nr="1653" mi="1" ci="0" mb="0" cb="0" />
      <line nr="1655" mi="1" ci="0" mb="0" cb="0" />
      <line nr="1656" mi="1" ci="0" mb="0" cb="0" />
      <line nr="1657" mi="1" ci="0" mb="0" cb="0" />
      <line nr="1660" mi="1" ci="0" mb="0" cb="0" />
      <line nr="1661" mi="1" ci="0" mb="0" cb="0" />
      <line nr="1664" mi="1" ci="0" mb="0" cb="0" />
      <line nr="1667" mi="1" ci="0" mb="0" cb="0" />
      <line nr="1670" mi="2" ci="0" mb="0" cb="0" />
      <line nr="1671" mi="2" ci="0" mb="0" cb="0" />
      <line nr="1672" mi="1" ci="0" mb="0" cb="0" />
      <line nr="1676" mi="1" ci="0" mb="0" cb="0" />
      <line nr="1677" mi="1" ci="0" mb="0" cb="0" />
      <line nr="1740" mi="1" ci="0" mb="0" cb="0" />
      <line nr="1743" mi="1" ci="0" mb="0" cb="0" />
      <line nr="1744" mi="1" ci="0" mb="0" cb="0" />
      <line nr="1746" mi="1" ci="0" mb="0" cb="0" />
      <line nr="1747" mi="1" ci="0" mb="0" cb="0" />
      <line nr="1748" mi="1" ci="0" mb="0" cb="0" />
      <line nr="1751" mi="1" ci="0" mb="0" cb="0" />
      <line nr="1755" mi="2" ci="0" mb="0" cb="0" />
      <line nr="1758" mi="2" ci="0" mb="0" cb="0" />
      <line nr="1761" mi="2" ci="0" mb="0" cb="0" />
      <line nr="1766" mi="1" ci="0" mb="0" cb="0" />
      <line nr="1768" mi="1" ci="0" mb="0" cb="0" />
      <line nr="1769" mi="1" ci="0" mb="0" cb="0" />
      <line nr="1770" mi="1" ci="0" mb="0" cb="0" />
      <line nr="1771" mi="1" ci="0" mb="0" cb="0" />
      <line nr="1772" mi="1" ci="0" mb="0" cb="0" />
      <line nr="1774" mi="1" ci="0" mb="0" cb="0" />
      <line nr="1775" mi="1" ci="0" mb="0" cb="0" />
      <line nr="1778" mi="2" ci="0" mb="0" cb="0" />
      <line nr="1781" mi="2" ci="0" mb="0" cb="0" />
      <line nr="1787" mi="2" ci="0" mb="0" cb="0" />
      <line nr="1792" mi="1" ci="0" mb="0" cb="0" />
      <line nr="1793" mi="1" ci="0" mb="0" cb="0" />
      <line nr="1794" mi="1" ci="0" mb="0" cb="0" />
      <line nr="1795" mi="1" ci="0" mb="0" cb="0" />
      <line nr="1797" mi="1" ci="0" mb="0" cb="0" />
      <line nr="1798" mi="1" ci="0" mb="0" cb="0" />
      <line nr="1801" mi="2" ci="0" mb="0" cb="0" />
      <line nr="1807" mi="1" ci="0" mb="0" cb="0" />
      <line nr="1808" mi="1" ci="0" mb="0" cb="0" />
      <line nr="1810" mi="2" ci="0" mb="0" cb="0" />
      <line nr="1811" mi="1" ci="0" mb="0" cb="0" />
      <line nr="1814" mi="2" ci="0" mb="0" cb="0" />
      <line nr="1818" mi="1" ci="0" mb="0" cb="0" />
      <line nr="1885" mi="1" ci="0" mb="0" cb="0" />
      <line nr="1887" mi="1" ci="0" mb="0" cb="0" />
      <line nr="1890" mi="1" ci="0" mb="0" cb="0" />
      <line nr="1892" mi="1" ci="0" mb="0" cb="0" />
      <line nr="1893" mi="2" ci="0" mb="0" cb="0" />
      <line nr="1894" mi="1" ci="0" mb="0" cb="0" />
      <line nr="1895" mi="1" ci="0" mb="0" cb="0" />
      <line nr="1896" mi="1" ci="0" mb="0" cb="0" />
      <line nr="1898" mi="1" ci="0" mb="0" cb="0" />
      <line nr="1900" mi="1" ci="0" mb="0" cb="0" />
      <line nr="1901" mi="1" ci="0" mb="0" cb="0" />
      <line nr="1902" mi="1" ci="0" mb="0" cb="0" />
      <line nr="1903" mi="1" ci="0" mb="0" cb="0" />
      <line nr="1904" mi="1" ci="0" mb="0" cb="0" />
      <line nr="1905" mi="1" ci="0" mb="0" cb="0" />
      <line nr="1906" mi="1" ci="0" mb="0" cb="0" />
      <line nr="1909" mi="1" ci="0" mb="0" cb="0" />
      <line nr="1910" mi="1" ci="0" mb="0" cb="0" />
      <line nr="1915" mi="2" ci="0" mb="0" cb="0" />
      <line nr="1916" mi="1" ci="0" mb="0" cb="0" />
      <line nr="1921" mi="1" ci="0" mb="0" cb="0" />
      <line nr="1922" mi="1" ci="0" mb="0" cb="0" />
      <line nr="1924" mi="1" ci="0" mb="0" cb="0" />
      <line nr="1928" mi="2" ci="0" mb="0" cb="0" />
      <line nr="1933" mi="1" ci="0" mb="0" cb="0" />
      <line nr="1935" mi="1" ci="0" mb="0" cb="0" />
      <line nr="1938" mi="2" ci="0" mb="0" cb="0" />
      <line nr="1942" mi="1" ci="0" mb="0" cb="0" />
      <line nr="1946" mi="0" ci="1" mb="0" cb="0" />
      <line nr="1947" mi="0" ci="1" mb="0" cb="0" />
      <counter type="INSTRUCTION" missed="679" covered="14" />
      <counter type="LINE" missed="532" covered="14" />
      <counter type="METHOD" missed="12" covered="3" />
      <counter type="CLASS" missed="0" covered="1" />
    </sourcefile>
    <counter type="INSTRUCTION" missed="679" covered="14" />
    <counter type="LINE" missed="532" covered="14" />
    <counter type="METHOD" missed="12" covered="3" />
    <counter type="CLASS" missed="0" covered="1" />
  </package>
  <counter type="INSTRUCTION" missed="5521" covered="639" />
  <counter type="LINE" missed="4317" covered="564" />
  <counter type="METHOD" missed="91" covered="45" />
  <counter type="CLASS" missed="5" covered="3" />
</report>
